2023-03-20 02:21:38.473 <TRACE> savnet_db: Initializing
2023-03-20 02:21:38.473 <TRACE> savnet_de: Initializing
2023-03-20 02:21:38.473 <ERR> from interface 1:lo
2023-03-20 02:21:38.473 <ERR> KIF: Malformed message received (IPV6/missing IFA_ADDRESS)
2023-03-20 02:21:38.473 <ERR> from interface 482:d_b
2023-03-20 02:21:38.473 <ERR> KIF: Malformed message received (IPV6/missing IFA_ADDRESS)
2023-03-20 02:21:38.473 <ERR> from interface 489:d_e
2023-03-20 02:21:38.473 <ERR> KIF: Malformed message received (IPV6/missing IFA_ADDRESS)
2023-03-20 02:21:38.473 <TRACE> savnet_db: Starting
2023-03-20 02:21:38.473 <DBG> link [savnet_db] meta sent
2023-03-20 02:21:38.473 <TRACE> savnet_db: Protocol state changed to start
2023-03-20 02:21:38.473 <TRACE> savnet_de: Starting
2023-03-20 02:21:38.473 <DBG> link [savnet_de] meta sent
2023-03-20 02:21:38.473 <TRACE> savnet_de: Protocol state changed to start
2023-03-20 02:21:38.473 <INFO> Started
BGP: Got lock
2023-03-20 02:21:38.479 <TRACE> savnet_de: Started
2023-03-20 02:21:38.479 <TRACE> savnet_de: Connect delayed by 5 seconds
BGP: Got lock
2023-03-20 02:21:38.479 <TRACE> savnet_db: Started
2023-03-20 02:21:38.479 <TRACE> savnet_db: Connect delayed by 5 seconds
BGP: connect_timeout
BGP: Closing connection
BGP: Connecting
2023-03-20 02:21:42.800 <TRACE> savnet_de: Connecting to 10.0.7.2 from local address 10.0.7.1
BGP: Waiting for connect success
2023-03-20 02:21:42.800 <TRACE> savnet_de: Connected
BGP: Sending open
2023-03-20 02:21:42.800 <TRACE> savnet_de: Sending OPEN(ver=4,as=65502,hold=240,id=0a000402)
2023-03-20 02:21:42.800 <TRACE> savnet_de: Sending OPEN content Capability Code: 1, AFI: 1,SAFI: 1
2023-03-20 02:21:42.800 <TRACE> savnet_de: Got OPEN(as=65503,hold=240,id=10.0.5.2)
2023-03-20 02:21:42.800 <TRACE> savnet_de: Got OPEN content Capability Code: 1, AFI: 1, SAFI: 1
2023-03-20 02:21:42.800 <TRACE> savnet_de: Sending KEEPALIVE
2023-03-20 02:21:42.800 <TRACE> savnet_de: Got KEEPALIVE
2023-03-20 02:21:42.800 <TRACE> savnet_de: BGP session established
2023-03-20 02:21:42.800 <TRACE> savnet_de: Protocol state changed to up
2023-03-20 02:21:42.800 <DBG> link [savnet_de] up sent
2023-03-20 02:21:42.802 <TRACE> savnet_de.savnet4 < filtered out 10.0.7.0/24 489L 6G unicast
2023-03-20 02:21:42.802 <TRACE> savnet_de.savnet4 < filtered out 10.0.4.0/24 482L 5G unicast
2023-03-20 02:21:42.802 <TRACE> savnet_de.savnet4 < filtered out 192.168.2.0/24 0L 4G blackhole
2023-03-20 02:21:42.802 <TRACE> savnet_de.savnet4 < filtered out 192.168.3.0/24 0L 4G blackhole
2023-03-20 02:21:42.802 <TRACE> savnet_de.ipv4 < added 10.0.7.0/24 489L 6G unicast
2023-03-20 02:21:42.802 <TRACE> savnet_de.ipv4 < added 10.0.4.0/24 482L 5G unicast
2023-03-20 02:21:42.802 <TRACE> savnet_de.ipv4 < added 192.168.2.0/24 0L 4G blackhole
2023-03-20 02:21:42.802 <TRACE> savnet_de.ipv4 < added 192.168.3.0/24 0L 4G blackhole
2023-03-20 02:21:43.242 <TRACE> savnet_de: Sending END-OF-RIB
2023-03-20 02:21:43.242 <TRACE> savnet_de: Sending UPDATE
2023-03-20 02:21:43.242 <TRACE> savnet_de: Sending END-OF-RIB
BGP: connect_timeout
BGP: Closing connection
BGP: Connecting
2023-03-20 02:21:43.243 <TRACE> savnet_db: Connecting to 10.0.4.1 from local address 10.0.4.2
BGP: Waiting for connect success
2023-03-20 02:21:43.243 <TRACE> savnet_db: Connected
BGP: Sending open
2023-03-20 02:21:43.243 <TRACE> savnet_de: Got UPDATE
2023-03-20 02:21:43.243 <DBG> 
ip_unreach_len: 0
ip_reach_len: 0
2023-03-20 02:21:43.243 <DBG> 
mp_reach_len: 0
mp_unreach_len: 0
2023-03-20 02:21:43.243 <TRACE> savnet_de: Got END-OF-RIB
2023-03-20 02:21:43.243 <DBG> BGP UPDATE PROCESSING FINISHED
2023-03-20 02:21:43.243 <TRACE> savnet_de: Got UPDATE
2023-03-20 02:21:43.243 <DBG> 
ip_unreach_len: 0
ip_reach_len: 12
2023-03-20 02:21:43.243 <DBG> 
mp_reach_len: 0
mp_unreach_len: 0
2023-03-20 02:21:43.243 <TRACE> savnet_de.ipv4 > added 10.0.7.0/24 0L 7G unicast
2023-03-20 02:21:43.243 <TRACE> savnet_de.ipv4 > added [best] 10.0.5.0/24 0L 7G unicast
2023-03-20 02:21:43.243 <TRACE> savnet_de.savnet4 < rejected by protocol 10.0.5.0/24 0L 7G unicast
2023-03-20 02:21:43.243 <TRACE> savnet_de.ipv4 < rejected by protocol 10.0.5.0/24 0L 7G unicast
2023-03-20 02:21:43.243 <TRACE> savnet_de.ipv4 > added [best] 192.168.4.0/24 0L 7G unicast
2023-03-20 02:21:43.243 <TRACE> savnet_de.savnet4 < rejected by protocol 192.168.4.0/24 0L 7G unicast
2023-03-20 02:21:43.243 <TRACE> savnet_de.ipv4 < rejected by protocol 192.168.4.0/24 0L 7G unicast
2023-03-20 02:21:43.243 <DBG> BGP UPDATE PROCESSING FINISHED
2023-03-20 02:21:43.243 <DBG> Sent to SavAgent:{"msg_type":"bgp_update"
,"msg":{
      "neighbor_as":"65503"
    ,"interface_name":"d_e"
    ,"interface_index":"0"
    ,"protocol_name":"savnet_de"
    ,"as_path":"65503"
    ,"sav_origin":""
    ,"routes":""
    ,"sav_scope":""
    ,"sav_nlri":""    }}
2023-03-20 02:21:43.243 <TRACE> savnet_de: Got UPDATE
2023-03-20 02:21:43.243 <DBG> 
ip_unreach_len: 0
ip_reach_len: 0
2023-03-20 02:21:43.243 <DBG> 
mp_reach_len: 0
mp_unreach_len: 0
2023-03-20 02:21:43.243 <TRACE> savnet_de: Got END-OF-RIB
2023-03-20 02:21:43.243 <DBG> BGP UPDATE PROCESSING FINISHED
2023-03-20 02:21:43.245 <TRACE> savnet_db: Sending OPEN(ver=4,as=65502,hold=240,id=0a000402)
2023-03-20 02:21:43.245 <TRACE> savnet_db: Sending OPEN content Capability Code: 1, AFI: 1,SAFI: 1
2023-03-20 02:21:43.245 <TRACE> savnet_db: Got OPEN(as=65504,hold=240,id=10.0.1.2)
2023-03-20 02:21:43.245 <TRACE> savnet_db: Got OPEN content Capability Code: 1, AFI: 1, SAFI: 1
2023-03-20 02:21:43.245 <TRACE> savnet_db: Sending KEEPALIVE
2023-03-20 02:21:43.248 <TRACE> savnet_db: Got KEEPALIVE
2023-03-20 02:21:43.248 <TRACE> savnet_db: BGP session established
2023-03-20 02:21:43.248 <TRACE> savnet_db: Protocol state changed to up
2023-03-20 02:21:43.248 <DBG> link [savnet_db] up sent
2023-03-20 02:21:43.248 <TRACE> savnet_db: Got UPDATE
2023-03-20 02:21:43.248 <DBG> 
ip_unreach_len: 0
ip_reach_len: 0
2023-03-20 02:21:43.248 <DBG> 
mp_reach_len: 0
mp_unreach_len: 0
2023-03-20 02:21:43.248 <TRACE> savnet_db: Got END-OF-RIB
2023-03-20 02:21:43.248 <DBG> BGP UPDATE PROCESSING FINISHED
2023-03-20 02:21:43.248 <TRACE> savnet_db: Got UPDATE
2023-03-20 02:21:43.248 <DBG> 
ip_unreach_len: 0
ip_reach_len: 20
2023-03-20 02:21:43.248 <DBG> 
mp_reach_len: 0
mp_unreach_len: 0
2023-03-20 02:21:43.248 <TRACE> savnet_db.ipv4 > added [best] 192.168.5.0/24 0L 8G unicast
2023-03-20 02:21:43.248 <TRACE> savnet_de.savnet4 < filtered out 192.168.5.0/24 0L 8G unicast
2023-03-20 02:21:43.248 <TRACE> savnet_de.ipv4 < added 192.168.5.0/24 0L 8G unicast
2023-03-20 02:21:43.248 <TRACE> savnet_db.savnet4 < rejected by protocol 192.168.5.0/24 0L 8G unicast
2023-03-20 02:21:43.248 <TRACE> savnet_db.ipv4 < rejected by protocol 192.168.5.0/24 0L 8G unicast
2023-03-20 02:21:43.248 <TRACE> savnet_db.ipv4 > added 10.0.4.0/24 0L 8G unicast
2023-03-20 02:21:43.248 <TRACE> savnet_db.ipv4 > added [best] 10.0.5.0/24 0L 8G unicast
2023-03-20 02:21:43.248 <TRACE> savnet_de.savnet4 < filtered out 10.0.5.0/24 0L 8G unicast
2023-03-20 02:21:43.248 <TRACE> savnet_de.ipv4 < added 10.0.5.0/24 0L 8G unicast
2023-03-20 02:21:43.248 <TRACE> savnet_db.savnet4 < rejected by protocol 10.0.5.0/24 0L 8G unicast
2023-03-20 02:21:43.248 <TRACE> savnet_db.ipv4 < rejected by protocol 10.0.5.0/24 0L 8G unicast
2023-03-20 02:21:43.248 <TRACE> savnet_db.ipv4 > added [best] 10.0.6.0/24 0L 8G unicast
2023-03-20 02:21:43.248 <TRACE> savnet_de.savnet4 < filtered out 10.0.6.0/24 0L 8G unicast
2023-03-20 02:21:43.248 <TRACE> savnet_de.ipv4 < added 10.0.6.0/24 0L 8G unicast
2023-03-20 02:21:43.248 <TRACE> savnet_db.savnet4 < rejected by protocol 10.0.6.0/24 0L 8G unicast
2023-03-20 02:21:43.248 <TRACE> savnet_db.ipv4 < rejected by protocol 10.0.6.0/24 0L 8G unicast
2023-03-20 02:21:43.248 <TRACE> savnet_db.ipv4 > added [best] 10.0.1.0/24 0L 8G unicast
2023-03-20 02:21:43.248 <TRACE> savnet_de.savnet4 < filtered out 10.0.1.0/24 0L 8G unicast
2023-03-20 02:21:43.248 <TRACE> savnet_de.ipv4 < added 10.0.1.0/24 0L 8G unicast
2023-03-20 02:21:43.248 <TRACE> savnet_db.savnet4 < rejected by protocol 10.0.1.0/24 0L 8G unicast
2023-03-20 02:21:43.248 <TRACE> savnet_db.ipv4 < rejected by protocol 10.0.1.0/24 0L 8G unicast
2023-03-20 02:21:43.248 <DBG> BGP UPDATE PROCESSING FINISHED
2023-03-20 02:21:43.248 <DBG> Sent to SavAgent:{"msg_type":"bgp_update"
,"msg":{
      "neighbor_as":"65504"
    ,"interface_name":"d_b"
    ,"interface_index":"0"
    ,"protocol_name":"savnet_db"
    ,"as_path":"65504"
    ,"sav_origin":""
    ,"routes":""
    ,"sav_scope":""
    ,"sav_nlri":""    }}
2023-03-20 02:21:43.248 <TRACE> ...
2023-03-20 02:21:43.248 <DBG> 
ip_unreach_len: 0
ip_reach_len: 8
2023-03-20 02:21:43.248 <DBG> 
mp_reach_len: 0
mp_unreach_len: 0
2023-03-20 02:21:43.248 <TRACE> savnet_db.ipv4 > added [best] 192.168.6.0/24 0L 8G unicast
2023-03-20 02:21:43.248 <TRACE> savnet_de.savnet4 < filtered out 192.168.6.0/24 0L 8G unicast
2023-03-20 02:21:43.248 <TRACE> savnet_de.ipv4 < added 192.168.6.0/24 0L 8G unicast
2023-03-20 02:21:43.248 <TRACE> savnet_db.savnet4 < rejected by protocol 192.168.6.0/24 0L 8G unicast
2023-03-20 02:21:43.248 <TRACE> savnet_db.ipv4 < rejected by protocol 192.168.6.0/24 0L 8G unicast
2023-03-20 02:21:43.248 <TRACE> savnet_db.ipv4 > added [best] 192.168.7.0/24 0L 8G unicast
2023-03-20 02:21:43.248 <TRACE> savnet_de.savnet4 < filtered out 192.168.7.0/24 0L 8G unicast
2023-03-20 02:21:43.248 <TRACE> savnet_de.ipv4 < added 192.168.7.0/24 0L 8G unicast
2023-03-20 02:21:43.248 <TRACE> savnet_db.savnet4 < rejected by protocol 192.168.7.0/24 0L 8G unicast
2023-03-20 02:21:43.248 <TRACE> savnet_db.ipv4 < rejected by protocol 192.168.7.0/24 0L 8G unicast
2023-03-20 02:21:43.248 <DBG> BGP UPDATE PROCESSING FINISHED
2023-03-20 02:21:43.248 <DBG> Sent to SavAgent:{"msg_type":"bgp_update"
,"msg":{
      "neighbor_as":"65504"
    ,"interface_name":"d_b"
    ,"interface_index":"0"
    ,"protocol_name":"savnet_db"
    ,"as_path":"65504,65505"
    ,"sav_origin":""
    ,"routes":""
    ,"sav_scope":""
    ,"sav_nlri":""    }}
2023-03-20 02:21:43.248 <DBG> 
ip_unreach_len: 0
ip_reach_len: 8
2023-03-20 02:21:43.248 <DBG> 
mp_reach_len: 0
mp_unreach_len: 0
2023-03-20 02:21:43.248 <TRACE> savnet_db.ipv4 > added [best] 192.168.1.0/24 0L 8G unicast
2023-03-20 02:21:43.248 <TRACE> savnet_de.savnet4 < filtered out 192.168.1.0/24 0L 8G unicast
2023-03-20 02:21:43.248 <TRACE> savnet_de.ipv4 < added 192.168.1.0/24 0L 8G unicast
2023-03-20 02:21:43.248 <TRACE> savnet_db.savnet4 < rejected by protocol 192.168.1.0/24 0L 8G unicast
2023-03-20 02:21:43.248 <TRACE> savnet_db.ipv4 < rejected by protocol 192.168.1.0/24 0L 8G unicast
2023-03-20 02:21:43.248 <TRACE> savnet_db.ipv4 > added [best] 10.0.2.0/24 0L 8G unicast
2023-03-20 02:21:43.248 <TRACE> savnet_de.savnet4 < filtered out 10.0.2.0/24 0L 8G unicast
2023-03-20 02:21:43.248 <TRACE> savnet_de.ipv4 < added 10.0.2.0/24 0L 8G unicast
2023-03-20 02:21:43.248 <TRACE> savnet_db.savnet4 < rejected by protocol 10.0.2.0/24 0L 8G unicast
2023-03-20 02:21:43.248 <TRACE> savnet_db.ipv4 < rejected by protocol 10.0.2.0/24 0L 8G unicast
2023-03-20 02:21:43.248 <DBG> BGP UPDATE PROCESSING FINISHED
2023-03-20 02:21:43.248 <DBG> Sent to SavAgent:{"msg_type":"bgp_update"
,"msg":{
      "neighbor_as":"65504"
    ,"interface_name":"d_b"
    ,"interface_index":"0"
    ,"protocol_name":"savnet_db"
    ,"as_path":"65504,65501"
    ,"sav_origin":""
    ,"routes":""
    ,"sav_scope":""
    ,"sav_nlri":""    }}
2023-03-20 02:21:43.248 <DBG> 
ip_unreach_len: 0
ip_reach_len: 0
2023-03-20 02:21:43.248 <DBG> 
mp_reach_len: 0
mp_unreach_len: 0
2023-03-20 02:21:43.248 <TRACE> savnet_db: Got END-OF-RIB
2023-03-20 02:21:43.248 <DBG> BGP UPDATE PROCESSING FINISHED
2023-03-20 02:21:43.253 <TRACE> savnet_de: Sending UPDATE
2023-03-20 02:21:43.253 <TRACE> savnet_de: Sending UPDATE
2023-03-20 02:21:43.253 <TRACE> savnet_de: Sending UPDATE
2023-03-20 02:21:43.253 <TRACE> savnet_db.savnet4 < filtered out 10.0.7.0/24 489L 6G unicast
2023-03-20 02:21:43.253 <TRACE> savnet_db.savnet4 < rejected by protocol 192.168.5.0/24 0L 8G unicast
2023-03-20 02:21:43.253 <TRACE> savnet_db.savnet4 < rejected by protocol 192.168.6.0/24 0L 8G unicast
2023-03-20 02:21:43.253 <TRACE> savnet_db.savnet4 < filtered out 10.0.4.0/24 482L 5G unicast
2023-03-20 02:21:43.253 <TRACE> savnet_db.savnet4 < rejected by protocol 192.168.7.0/24 0L 8G unicast
2023-03-20 02:21:43.253 <TRACE> savnet_db.savnet4 < rejected by protocol 10.0.5.0/24 0L 8G unicast
2023-03-20 02:21:43.253 <TRACE> savnet_db.savnet4 < rejected by protocol 10.0.6.0/24 0L 8G unicast
2023-03-20 02:21:43.253 <TRACE> savnet_db.savnet4 < rejected by protocol 192.168.1.0/24 0L 8G unicast
2023-03-20 02:21:43.253 <TRACE> savnet_db.savnet4 < filtered out 192.168.2.0/24 0L 4G blackhole
2023-03-20 02:21:43.253 <TRACE> savnet_db.savnet4 < filtered out 192.168.3.0/24 0L 4G blackhole
2023-03-20 02:21:43.253 <TRACE> savnet_db.savnet4 < rejected by protocol 10.0.1.0/24 0L 8G unicast
2023-03-20 02:21:43.253 <TRACE> savnet_db.savnet4 < filtered out 192.168.4.0/24 0L 7G unicast
2023-03-20 02:21:43.253 <TRACE> savnet_db.savnet4 < rejected by protocol 10.0.2.0/24 0L 8G unicast
2023-03-20 02:21:43.253 <TRACE> savnet_db.ipv4 < added 10.0.7.0/24 489L 6G unicast
2023-03-20 02:21:43.253 <TRACE> savnet_db.ipv4 < rejected by protocol 192.168.5.0/24 0L 8G unicast
2023-03-20 02:21:43.253 <TRACE> savnet_db.ipv4 < rejected by protocol 192.168.6.0/24 0L 8G unicast
2023-03-20 02:21:43.253 <TRACE> savnet_db.ipv4 < added 10.0.4.0/24 482L 5G unicast
2023-03-20 02:21:43.253 <TRACE> savnet_db.ipv4 < rejected by protocol 192.168.7.0/24 0L 8G unicast
2023-03-20 02:21:43.253 <TRACE> savnet_db.ipv4 < rejected by protocol 10.0.5.0/24 0L 8G unicast
2023-03-20 02:21:43.253 <TRACE> savnet_db.ipv4 < rejected by protocol 10.0.6.0/24 0L 8G unicast
2023-03-20 02:21:43.253 <TRACE> savnet_db.ipv4 < rejected by protocol 192.168.1.0/24 0L 8G unicast
2023-03-20 02:21:43.253 <TRACE> savnet_db.ipv4 < added 192.168.2.0/24 0L 4G blackhole
2023-03-20 02:21:43.253 <TRACE> savnet_db.ipv4 < added 192.168.3.0/24 0L 4G blackhole
2023-03-20 02:21:43.253 <TRACE> savnet_db.ipv4 < rejected by protocol 10.0.1.0/24 0L 8G unicast
2023-03-20 02:21:43.253 <TRACE> savnet_db.ipv4 < added 192.168.4.0/24 0L 7G unicast
2023-03-20 02:21:43.253 <TRACE> savnet_db.ipv4 < rejected by protocol 10.0.2.0/24 0L 8G unicast
2023-03-20 02:21:43.253 <DBG> 
ip_unreach_len: 0
ip_reach_len: 0
2023-03-20 02:21:43.253 <DBG> 
mp_reach_len: 14
mp_unreach_len: 0
2023-03-20 02:21:43.253 <DBG> bgp_decode_nlri_savnet4 len: 14
2023-03-20 02:21:43.253 <DBG> s->sav_origin: [65503]
2023-03-20 02:21:43.253 <DBG> s->sav_scope: [1,1,65502]
2023-03-20 02:21:43.253 <DBG> s->sav_nlri: [24,192,168,4]
2023-03-20 02:21:43.253 <DBG> BGP UPDATE PROCESSING FINISHED
2023-03-20 02:21:43.253 <DBG> Sent to SavAgent:{"msg_type":"bgp_update"
,"msg":{
      "neighbor_as":"65503"
    ,"interface_name":"d_e"
    ,"interface_index":"0"
    ,"protocol_name":"savnet_de"
    ,"as_path":"65503"
    ,"sav_origin":"65503"
    ,"routes":""
    ,"sav_scope":"1,1,65502"
    ,"sav_nlri":"24,192,168,4"    }}
2023-03-20 02:21:43.254 <TRACE> savnet_db: Sending END-OF-RIB
2023-03-20 02:21:43.254 <TRACE> savnet_db: Sending UPDATE
2023-03-20 02:21:43.254 <TRACE> ...
2023-03-20 02:21:43.254 <TRACE> savnet_db: Sending END-OF-RIB
2023-03-20 02:21:43.254 <DBG> call_agent
2023-03-20 02:21:43.254 <DBG> SavAgent reply {
  "code": "2000",
  "data": {
    "as_path": "2,1,0,0,255,222",
    "as_path_len": 6,
    "is_interior": 1,
    "next_hop": "4,10,0,7,1",
    "nlri_len": 8,
    "protocol_name": "savnet_de",
    "sav_nlri": "24,192,168,2,24,192,168,3",
    "sav_origin": "0,0,255,222",
    "sav_scope": "1,1,0,0,255,223",
    "withdraws": "0,0"
  },
  "message": "success"
}

2023-03-20 02:21:43.254 <DBG> inserting 0,0
2023-03-20 02:21:43.254 <DBG> inserting 4,10,0,7,1
2023-03-20 02:21:43.254 <DBG> inserting 0,0,255,222
2023-03-20 02:21:43.254 <DBG> inserting 1,1,0,0,255,223
2023-03-20 02:21:43.254 <DBG> inserting 24,192,168,2,24,192,168,3
2023-03-20 02:21:43.254 <DBG> inserting 2,1,0,0,255,222
2023-03-20 02:21:43.254 <DBG> savnet update packet assembled
2023-03-20 02:21:43.254 <DBG> packet len 67
2023-03-20 02:21:43.254 <DBG> call agent send result, 1
2023-03-20 02:21:43.260 <DBG> call_agent
2023-03-20 02:21:43.260 <DBG> SavAgent reply {
  "code": "2000",
  "data": {
    "as_path": "2,1,0,0,255,222",
    "as_path_len": 6,
    "is_interior": 1,
    "next_hop": "4,10,0,4,2",
    "nlri_len": 8,
    "protocol_name": "savnet_db",
    "sav_nlri": "24,192,168,2,24,192,168,3",
    "sav_origin": "0,0,255,222",
    "sav_scope": "2,2,0,0,255,224,0,0,255,225,2,0,0,255,224,0,0,255,221",
    "withdraws": "0,0"
  },
  "message": "success"
}

2023-03-20 02:21:43.260 <DBG> inserting 0,0
2023-03-20 02:21:43.260 <DBG> inserting 4,10,0,4,2
2023-03-20 02:21:43.260 <DBG> inserting 0,0,255,222
2023-03-20 02:21:43.260 <DBG> inserting 2,2,0,0,255,224,0,0,255,225,2,0,0,255,224,0,0,255,221
2023-03-20 02:21:43.260 <DBG> inserting 24,192,168,2,24,192,168,3
2023-03-20 02:21:43.260 <DBG> inserting 2,1,0,0,255,222
2023-03-20 02:21:43.260 <DBG> savnet update packet assembled
2023-03-20 02:21:43.260 <DBG> packet len 80
2023-03-20 02:21:43.260 <DBG> call agent send result, 1
2023-03-20 02:21:43.261 <DBG> 
ip_unreach_len: 0
ip_reach_len: 0
2023-03-20 02:21:43.261 <DBG> 
mp_reach_len: 18
mp_unreach_len: 0
2023-03-20 02:21:43.261 <DBG> bgp_decode_nlri_savnet4 len: 18
2023-03-20 02:21:43.261 <DBG> s->sav_origin: [65504]
2023-03-20 02:21:43.261 <DBG> s->sav_scope: [1,2,65502,65503]
2023-03-20 02:21:43.261 <DBG> s->sav_nlri: [24,192,168,5]
2023-03-20 02:21:43.261 <DBG> BGP UPDATE PROCESSING FINISHED
2023-03-20 02:21:43.261 <DBG> Sent to SavAgent:{"msg_type":"bgp_update"
,"msg":{
      "neighbor_as":"65504"
    ,"interface_name":"d_b"
    ,"interface_index":"0"
    ,"protocol_name":"savnet_db"
    ,"as_path":"65504"
    ,"sav_origin":"65504"
    ,"routes":""
    ,"sav_scope":"1,2,65502,65503"
    ,"sav_nlri":"24,192,168,5"    }}
2023-03-20 02:21:43.262 <DBG> 
ip_unreach_len: 0
ip_reach_len: 0
2023-03-20 02:21:43.262 <DBG> 
mp_reach_len: 35
mp_unreach_len: 0
2023-03-20 02:21:43.262 <DBG> bgp_decode_nlri_savnet4 len: 35
2023-03-20 02:21:43.262 <DBG> s->sav_origin: [65503]
2023-03-20 02:21:43.262 <DBG> s->sav_scope: [2,3,65502,65504,65505,3,65502,65504,65501]
2023-03-20 02:21:43.262 <DBG> s->sav_nlri: [24,192,168,4]
2023-03-20 02:21:43.262 <DBG> BGP UPDATE PROCESSING FINISHED
2023-03-20 02:21:43.262 <DBG> Sent to SavAgent:{"msg_type":"bgp_update"
,"msg":{
      "neighbor_as":"65503"
    ,"interface_name":"d_e"
    ,"interface_index":"0"
    ,"protocol_name":"savnet_de"
    ,"as_path":"65503"
    ,"sav_origin":"65503"
    ,"routes":""
    ,"sav_scope":"2,3,65502,65504,65505,3,65502,65504,65501"
    ,"sav_nlri":"24,192,168,4"    }}
2023-03-20 02:21:43.297 <DBG> call_agent
2023-03-20 02:21:43.297 <DBG> SavAgent reply {
  "code": "2000",
  "data": {
    "as_path": "2,2,0,0,255,224,0,0,255,222",
    "as_path_len": 10,
    "is_interior": 1,
    "next_hop": "4,10,0,7,1",
    "nlri_len": 4,
    "protocol_name": "savnet_de",
    "sav_nlri": "24,192,168,5",
    "sav_origin": "0,0,255,224",
    "sav_scope": "1,1,0,0,255,223",
    "withdraws": "0,0"
  },
  "message": "success"
}

2023-03-20 02:21:43.297 <DBG> inserting 0,0
2023-03-20 02:21:43.297 <DBG> inserting 4,10,0,7,1
2023-03-20 02:21:43.297 <DBG> inserting 0,0,255,224
2023-03-20 02:21:43.297 <DBG> inserting 1,1,0,0,255,223
2023-03-20 02:21:43.297 <DBG> inserting 24,192,168,5
2023-03-20 02:21:43.297 <DBG> inserting 2,2,0,0,255,224,0,0,255,222
2023-03-20 02:21:43.297 <DBG> savnet update packet assembled
2023-03-20 02:21:43.297 <DBG> packet len 67
2023-03-20 02:21:43.297 <DBG> call agent send result, 1
2023-03-20 02:21:43.303 <DBG> call_agent
2023-03-20 02:21:43.303 <DBG> SavAgent reply {
  "code": "2000",
  "data": {
    "as_path": "2,2,0,0,255,223,0,0,255,222",
    "as_path_len": 10,
    "is_interior": 1,
    "next_hop": "4,10,0,4,2",
    "nlri_len": 4,
    "protocol_name": "savnet_db",
    "sav_nlri": "24,192,168,4",
    "sav_origin": "0,0,255,223",
    "sav_scope": "2,2,0,0,255,224,0,0,255,225,2,0,0,255,224,0,0,255,221",
    "withdraws": "0,0"
  },
  "message": "success"
}

2023-03-20 02:21:43.303 <DBG> inserting 0,0
2023-03-20 02:21:43.303 <DBG> inserting 4,10,0,4,2
2023-03-20 02:21:43.303 <DBG> inserting 0,0,255,223
2023-03-20 02:21:43.303 <DBG> inserting 2,2,0,0,255,224,0,0,255,225,2,0,0,255,224,0,0,255,221
2023-03-20 02:21:43.303 <DBG> inserting 24,192,168,4
2023-03-20 02:21:43.303 <DBG> inserting 2,2,0,0,255,223,0,0,255,222
2023-03-20 02:21:43.303 <DBG> savnet update packet assembled
2023-03-20 02:21:43.303 <DBG> packet len 80
2023-03-20 02:21:43.303 <DBG> call agent send result, 1
2023-03-20 02:21:43.332 <DBG> 
ip_unreach_len: 0
ip_reach_len: 0
2023-03-20 02:21:43.332 <DBG> 
mp_reach_len: 18
mp_unreach_len: 0
2023-03-20 02:21:43.332 <DBG> bgp_decode_nlri_savnet4 len: 18
2023-03-20 02:21:43.332 <DBG> s->sav_origin: [65501]
2023-03-20 02:21:43.332 <DBG> s->sav_scope: [1,2,65502,65503]
2023-03-20 02:21:43.332 <DBG> s->sav_nlri: [24,192,168,1]
2023-03-20 02:21:43.332 <DBG> BGP UPDATE PROCESSING FINISHED
2023-03-20 02:21:43.332 <DBG> Sent to SavAgent:{"msg_type":"bgp_update"
,"msg":{
      "neighbor_as":"65504"
    ,"interface_name":"d_b"
    ,"interface_index":"0"
    ,"protocol_name":"savnet_db"
    ,"as_path":"65501,65504"
    ,"sav_origin":"65501"
    ,"routes":""
    ,"sav_scope":"1,2,65502,65503"
    ,"sav_nlri":"24,192,168,1"    }}
2023-03-20 02:21:43.344 <DBG> call_agent
2023-03-20 02:21:43.344 <DBG> SavAgent reply {
  "code": "2000",
  "data": {
    "as_path": "2,3,0,0,255,221,0,0,255,224,0,0,255,222",
    "as_path_len": 14,
    "is_interior": 1,
    "next_hop": "4,10,0,7,1",
    "nlri_len": 4,
    "protocol_name": "savnet_de",
    "sav_nlri": "24,192,168,1",
    "sav_origin": "0,0,255,221",
    "sav_scope": "1,1,0,0,255,223",
    "withdraws": "0,0"
  },
  "message": "success"
}

2023-03-20 02:21:43.344 <DBG> inserting 0,0
2023-03-20 02:21:43.344 <DBG> inserting 4,10,0,7,1
2023-03-20 02:21:43.344 <DBG> inserting 0,0,255,221
2023-03-20 02:21:43.344 <DBG> inserting 1,1,0,0,255,223
2023-03-20 02:21:43.344 <DBG> inserting 24,192,168,1
2023-03-20 02:21:43.344 <DBG> inserting 2,3,0,0,255,221,0,0,255,224,0,0,255,222
2023-03-20 02:21:43.344 <DBG> savnet update packet assembled
2023-03-20 02:21:43.344 <DBG> packet len 71
2023-03-20 02:21:43.344 <DBG> call agent send result, 1
2023-03-20 02:21:43.352 <DBG> 
ip_unreach_len: 0
ip_reach_len: 0
2023-03-20 02:21:43.352 <DBG> 
mp_reach_len: 22
mp_unreach_len: 0
2023-03-20 02:21:43.352 <DBG> bgp_decode_nlri_savnet4 len: 22
2023-03-20 02:21:43.352 <DBG> s->sav_origin: [65505]
2023-03-20 02:21:43.352 <DBG> s->sav_scope: [1,2,65502,65503]
2023-03-20 02:21:43.352 <DBG> s->sav_nlri: [24,192,168,6,24,192,168,7]
2023-03-20 02:21:43.352 <DBG> BGP UPDATE PROCESSING FINISHED
2023-03-20 02:21:43.352 <DBG> Sent to SavAgent:{"msg_type":"bgp_update"
,"msg":{
      "neighbor_as":"65504"
    ,"interface_name":"d_b"
    ,"interface_index":"0"
    ,"protocol_name":"savnet_db"
    ,"as_path":"65505,65504"
    ,"sav_origin":"65505"
    ,"routes":""
    ,"sav_scope":"1,2,65502,65503"
    ,"sav_nlri":"24,192,168,6,24,192,168,7"    }}
2023-03-20 02:21:43.358 <DBG> 
ip_unreach_len: 0
ip_reach_len: 0
2023-03-20 02:21:43.358 <DBG> 
mp_reach_len: 18
mp_unreach_len: 0
2023-03-20 02:21:43.358 <DBG> bgp_decode_nlri_savnet4 len: 18
2023-03-20 02:21:43.358 <DBG> s->sav_origin: [65501]
2023-03-20 02:21:43.358 <DBG> s->sav_scope: [1,2,65502,65503]
2023-03-20 02:21:43.358 <DBG> s->sav_nlri: [24,192,168,1]
2023-03-20 02:21:43.358 <DBG> BGP UPDATE PROCESSING FINISHED
2023-03-20 02:21:43.358 <DBG> Sent to SavAgent:{"msg_type":"bgp_update"
,"msg":{
      "neighbor_as":"65504"
    ,"interface_name":"d_b"
    ,"interface_index":"0"
    ,"protocol_name":"savnet_db"
    ,"as_path":"65501,65505,65504"
    ,"sav_origin":"65501"
    ,"routes":""
    ,"sav_scope":"1,2,65502,65503"
    ,"sav_nlri":"24,192,168,1"    }}
2023-03-20 02:21:43.374 <DBG> call_agent
2023-03-20 02:21:43.374 <DBG> SavAgent reply {
  "code": "2000",
  "data": {
    "as_path": "2,3,0,0,255,225,0,0,255,224,0,0,255,222",
    "as_path_len": 14,
    "is_interior": 1,
    "next_hop": "4,10,0,7,1",
    "nlri_len": 8,
    "protocol_name": "savnet_de",
    "sav_nlri": "24,192,168,6,24,192,168,7",
    "sav_origin": "0,0,255,225",
    "sav_scope": "1,1,0,0,255,223",
    "withdraws": "0,0"
  },
  "message": "success"
}

2023-03-20 02:21:43.374 <DBG> inserting 0,0
2023-03-20 02:21:43.374 <DBG> inserting 4,10,0,7,1
2023-03-20 02:21:43.374 <DBG> inserting 0,0,255,225
2023-03-20 02:21:43.374 <DBG> inserting 1,1,0,0,255,223
2023-03-20 02:21:43.374 <DBG> inserting 24,192,168,6,24,192,168,7
2023-03-20 02:21:43.374 <DBG> inserting 2,3,0,0,255,225,0,0,255,224,0,0,255,222
2023-03-20 02:21:43.374 <DBG> savnet update packet assembled
2023-03-20 02:21:43.374 <DBG> packet len 75
2023-03-20 02:21:43.374 <DBG> call agent send result, 1
2023-03-20 02:21:43.380 <DBG> call_agent
2023-03-20 02:21:43.380 <DBG> SavAgent reply {
  "code": "2000",
  "data": {
    "as_path": "2,4,0,0,255,221,0,0,255,225,0,0,255,224,0,0,255,222",
    "as_path_len": 18,
    "is_interior": 1,
    "next_hop": "4,10,0,7,1",
    "nlri_len": 4,
    "protocol_name": "savnet_de",
    "sav_nlri": "24,192,168,1",
    "sav_origin": "0,0,255,221",
    "sav_scope": "1,1,0,0,255,223",
    "withdraws": "0,0"
  },
  "message": "success"
}

2023-03-20 02:21:43.380 <DBG> inserting 0,0
2023-03-20 02:21:43.380 <DBG> inserting 4,10,0,7,1
2023-03-20 02:21:43.380 <DBG> inserting 0,0,255,221
2023-03-20 02:21:43.380 <DBG> inserting 1,1,0,0,255,223
2023-03-20 02:21:43.380 <DBG> inserting 24,192,168,1
2023-03-20 02:21:43.380 <DBG> inserting 2,4,0,0,255,221,0,0,255,225,0,0,255,224,0,0,255,222
2023-03-20 02:21:43.380 <DBG> savnet update packet assembled
2023-03-20 02:21:43.380 <DBG> packet len 75
2023-03-20 02:21:43.380 <DBG> call agent send result, 1
2023-03-20 02:21:46.461 <TRACE> savnet_de: Got UPDATE
2023-03-20 02:21:46.461 <DBG> 
ip_unreach_len: 0
ip_reach_len: 16
2023-03-20 02:21:46.461 <DBG> 
mp_reach_len: 0
mp_unreach_len: 0
2023-03-20 02:21:46.461 <TRACE> savnet_de.ipv4 > added 192.168.5.0/24 0L 7G unicast
2023-03-20 02:21:46.461 <TRACE> savnet_de.ipv4 > added 10.0.4.0/24 0L 7G unicast
2023-03-20 02:21:46.461 <TRACE> savnet_de.ipv4 > added 10.0.6.0/24 0L 7G unicast
2023-03-20 02:21:46.461 <TRACE> savnet_de.ipv4 > added 10.0.1.0/24 0L 7G unicast
2023-03-20 02:21:46.461 <DBG> BGP UPDATE PROCESSING FINISHED
2023-03-20 02:21:46.461 <DBG> Sent to SavAgent:{"msg_type":"bgp_update"
,"msg":{
      "neighbor_as":"65503"
    ,"interface_name":"d_e"
    ,"interface_index":"0"
    ,"protocol_name":"savnet_de"
    ,"as_path":"65503,65504"
    ,"sav_origin":""
    ,"routes":""
    ,"sav_scope":""
    ,"sav_nlri":""    }}
2023-03-20 02:21:46.461 <TRACE> savnet_de: Got UPDATE
2023-03-20 02:21:46.461 <DBG> 
ip_unreach_len: 0
ip_reach_len: 8
2023-03-20 02:21:46.461 <DBG> 
mp_reach_len: 0
mp_unreach_len: 0
2023-03-20 02:21:46.461 <TRACE> savnet_de.ipv4 > added 192.168.6.0/24 0L 7G unicast
2023-03-20 02:21:46.461 <TRACE> savnet_de.ipv4 > added 192.168.7.0/24 0L 7G unicast
2023-03-20 02:21:46.461 <DBG> BGP UPDATE PROCESSING FINISHED
2023-03-20 02:21:46.461 <DBG> Sent to SavAgent:{"msg_type":"bgp_update"
,"msg":{
      "neighbor_as":"65503"
    ,"interface_name":"d_e"
    ,"interface_index":"0"
    ,"protocol_name":"savnet_de"
    ,"as_path":"65503,65504,65505"
    ,"sav_origin":""
    ,"routes":""
    ,"sav_scope":""
    ,"sav_nlri":""    }}
2023-03-20 02:21:46.461 <TRACE> savnet_de: Got UPDATE
2023-03-20 02:21:46.461 <DBG> 
ip_unreach_len: 0
ip_reach_len: 8
2023-03-20 02:21:46.461 <DBG> 
mp_reach_len: 0
mp_unreach_len: 0
2023-03-20 02:21:46.461 <TRACE> savnet_de.ipv4 > added 192.168.1.0/24 0L 7G unicast
2023-03-20 02:21:46.461 <TRACE> savnet_de.ipv4 > added 10.0.2.0/24 0L 7G unicast
2023-03-20 02:21:46.461 <DBG> BGP UPDATE PROCESSING FINISHED
2023-03-20 02:21:46.461 <DBG> Sent to SavAgent:{"msg_type":"bgp_update"
,"msg":{
      "neighbor_as":"65503"
    ,"interface_name":"d_e"
    ,"interface_index":"0"
    ,"protocol_name":"savnet_de"
    ,"as_path":"65503,65504,65501"
    ,"sav_origin":""
    ,"routes":""
    ,"sav_scope":""
    ,"sav_nlri":""    }}
2023-03-20 02:21:46.468 <DBG> call_agent
2023-03-20 02:21:46.468 <DBG> SavAgent reply {
  "code": "2000",
  "data": {
    "as_path": "2,1,0,0,255,222",
    "as_path_len": 6,
    "is_interior": 1,
    "next_hop": "4,10,0,7,1",
    "nlri_len": 8,
    "protocol_name": "savnet_de",
    "sav_nlri": "24,192,168,2,24,192,168,3",
    "sav_origin": "0,0,255,222",
    "sav_scope": "2,3,0,0,255,223,0,0,255,224,0,0,255,225,3,0,0,255,223,0,0,255,224,0,0,255,221",
    "withdraws": "0,0"
  },
  "message": "success"
}

2023-03-20 02:21:46.468 <DBG> inserting 0,0
2023-03-20 02:21:46.468 <DBG> inserting 4,10,0,7,1
2023-03-20 02:21:46.468 <DBG> inserting 0,0,255,222
2023-03-20 02:21:46.468 <DBG> inserting 2,3,0,0,255,223,0,0,255,224,0,0,255,225,3,0,0,255,223,0,0,255,224,0,0,255,221
2023-03-20 02:21:46.468 <DBG> inserting 24,192,168,2,24,192,168,3
2023-03-20 02:21:46.468 <DBG> inserting 2,1,0,0,255,222
2023-03-20 02:21:46.468 <DBG> savnet update packet assembled
2023-03-20 02:21:46.468 <DBG> packet len 88
2023-03-20 02:21:46.468 <DBG> call agent send result, 1
2023-03-20 02:21:46.483 <TRACE> ...
2023-03-20 02:21:46.483 <DBG> 
ip_unreach_len: 0
ip_reach_len: 0
2023-03-20 02:21:46.483 <DBG> 
mp_reach_len: 14
mp_unreach_len: 0
2023-03-20 02:21:46.483 <DBG> bgp_decode_nlri_savnet4 len: 14
2023-03-20 02:21:46.483 <DBG> s->sav_origin: [65504]
2023-03-20 02:21:46.483 <DBG> s->sav_scope: [1,1,65502]
2023-03-20 02:21:46.483 <DBG> s->sav_nlri: [24,192,168,5]
2023-03-20 02:21:46.483 <DBG> BGP UPDATE PROCESSING FINISHED
2023-03-20 02:21:46.483 <DBG> Sent to SavAgent:{"msg_type":"bgp_update"
,"msg":{
      "neighbor_as":"65503"
    ,"interface_name":"d_e"
    ,"interface_index":"0"
    ,"protocol_name":"savnet_de"
    ,"as_path":"65504,65503"
    ,"sav_origin":"65504"
    ,"routes":""
    ,"sav_scope":"1,1,65502"
    ,"sav_nlri":"24,192,168,5"    }}
2023-03-20 02:21:55.667 <TRACE> savnet_de: Connection closed
2023-03-20 02:21:55.667 <TRACE> savnet_de: Neighbor graceful restart detected
2023-03-20 02:21:55.667 <TRACE> savnet_de: Protocol state changed to start
BGP: Closing connection
2023-03-20 02:21:55.667 <TRACE> savnet_de: BGP session closed
BGP: Decision start
2023-03-20 02:21:55.667 <TRACE> savnet_de: Connect delayed by 5 seconds
2023-03-20 02:21:55.670 <TRACE> savnet_db: Connection closed
2023-03-20 02:21:55.670 <TRACE> savnet_db: Neighbor graceful restart detected
2023-03-20 02:21:55.670 <TRACE> savnet_db: Protocol state changed to start
BGP: Closing connection
2023-03-20 02:21:55.670 <TRACE> savnet_db: BGP session closed
BGP: Decision start
2023-03-20 02:21:55.670 <TRACE> savnet_db: Connect delayed by 5 seconds
