2023-03-09 07:43:00.226 <TRACE> savnet_ab: Initializing
2023-03-09 07:43:00.226 <TRACE> savnet_af: Initializing
2023-03-09 07:43:00.226 <ERR> from interface 1:lo
2023-03-09 07:43:00.226 <ERR> KIF: Malformed message received (IPV6/missing IFA_ADDRESS)
2023-03-09 07:43:00.226 <ERR> from interface 187:a_b
2023-03-09 07:43:00.226 <ERR> KIF: Malformed message received (IPV6/missing IFA_ADDRESS)
2023-03-09 07:43:00.226 <ERR> from interface 189:a_f
2023-03-09 07:43:00.226 <ERR> KIF: Malformed message received (IPV6/missing IFA_ADDRESS)
2023-03-09 07:43:00.226 <TRACE> savnet_ab: Starting
2023-03-09 07:43:00.226 <DBG> link [savnet_ab] meta sent
2023-03-09 07:43:00.226 <TRACE> savnet_ab: Protocol state changed to start
2023-03-09 07:43:00.226 <TRACE> savnet_af: Starting
2023-03-09 07:43:00.226 <DBG> link [savnet_af] meta sent
2023-03-09 07:43:00.226 <TRACE> savnet_af: Protocol state changed to start
2023-03-09 07:43:00.226 <INFO> Started
BGP: Got lock
2023-03-09 07:43:00.235 <TRACE> savnet_af: Started
2023-03-09 07:43:00.235 <TRACE> savnet_af: Connect delayed by 5 seconds
BGP: Got lock
2023-03-09 07:43:00.235 <TRACE> savnet_ab: Started
2023-03-09 07:43:00.235 <TRACE> savnet_ab: Connect delayed by 5 seconds
BGP: connect_timeout
BGP: Closing connection
BGP: Connecting
2023-03-09 07:43:04.620 <TRACE> savnet_ab: Connecting to 10.0.1.2 from local address 10.0.1.1
BGP: Waiting for connect success
2023-03-09 07:43:04.620 <TRACE> savnet_ab: Connected
BGP: Sending open
2023-03-09 07:43:04.620 <TRACE> savnet_ab: Sending OPEN(ver=4,as=65501,hold=240,id=0a000101)
2023-03-09 07:43:04.620 <TRACE> savnet_ab: Sending OPEN content Capability Code: 1, AFI: 1,SAFI: 1
2023-03-09 07:43:04.620 <TRACE> savnet_ab: Got OPEN(as=65504,hold=240,id=10.0.1.2)
2023-03-09 07:43:04.620 <TRACE> savnet_ab: Got OPEN content Capability Code: 1, AFI: 1, SAFI: 1
2023-03-09 07:43:04.620 <TRACE> savnet_ab: Sending KEEPALIVE
2023-03-09 07:43:04.620 <TRACE> savnet_ab: Got KEEPALIVE
2023-03-09 07:43:04.620 <TRACE> savnet_ab: BGP session established
2023-03-09 07:43:04.620 <TRACE> savnet_ab: Protocol state changed to up
2023-03-09 07:43:04.620 <DBG> link [savnet_ab] up sent
2023-03-09 07:43:04.622 <TRACE> savnet_ab.savnet4 < filtered out 192.168.1.0/24 0L 4G blackhole
2023-03-09 07:43:04.622 <TRACE> savnet_ab.savnet4 < filtered out 10.0.1.0/24 187L 5G unicast
2023-03-09 07:43:04.622 <TRACE> savnet_ab.savnet4 < filtered out 10.0.2.0/24 189L 6G unicast
2023-03-09 07:43:04.622 <TRACE> savnet_ab.ipv4 < added 192.168.1.0/24 0L 4G blackhole
2023-03-09 07:43:04.622 <TRACE> savnet_ab.ipv4 < added 10.0.1.0/24 187L 5G unicast
2023-03-09 07:43:04.622 <TRACE> savnet_ab.ipv4 < added 10.0.2.0/24 189L 6G unicast
BGP: Incoming connection from 10.0.2.2 port 57945
2023-03-09 07:43:04.838 <TRACE> savnet_af: Incoming connection from 10.0.2.2 (port 57945) accepted
BGP: Sending open
2023-03-09 07:43:04.838 <TRACE> savnet_ab: Sending END-OF-RIB
2023-03-09 07:43:04.838 <TRACE> savnet_ab: Sending UPDATE
2023-03-09 07:43:04.838 <TRACE> savnet_ab: Sending END-OF-RIB
2023-03-09 07:43:04.838 <TRACE> savnet_af: Sending OPEN(ver=4,as=65501,hold=240,id=0a000101)
2023-03-09 07:43:04.838 <TRACE> savnet_af: Sending OPEN content Capability Code: 1, AFI: 1,SAFI: 1
2023-03-09 07:43:04.838 <TRACE> savnet_af: Got OPEN(as=65505,hold=240,id=10.0.2.2)
2023-03-09 07:43:04.838 <TRACE> savnet_af: Got OPEN content Capability Code: 1, AFI: 1, SAFI: 1
BGP: Closing connection
BGP: Decision start
2023-03-09 07:43:04.838 <TRACE> savnet_af: Sending KEEPALIVE
2023-03-09 07:43:04.838 <TRACE> savnet_ab: Got UPDATE
2023-03-09 07:43:04.838 <DBG> 
ip_unreach_len: 0
ip_reach_len: 0
2023-03-09 07:43:04.838 <DBG> 
mp_reach_len: 0
mp_unreach_len: 0
2023-03-09 07:43:04.838 <TRACE> savnet_ab: Got END-OF-RIB
2023-03-09 07:43:04.838 <DBG> BGP UPDATE PROCESSING FINISHED
2023-03-09 07:43:04.838 <DBG> pool
2023-03-09 07:43:04.838 <DBG> cached_rta
2023-03-09 07:43:04.838 <TRACE> savnet_ab: Got UPDATE
2023-03-09 07:43:04.838 <DBG> 
ip_unreach_len: 0
ip_reach_len: 12
2023-03-09 07:43:04.838 <DBG> 
mp_reach_len: 0
mp_unreach_len: 0
2023-03-09 07:43:04.838 <TRACE> savnet_ab.ipv4 > added [best] 10.0.7.0/24 0L 7G unicast
2023-03-09 07:43:04.838 <TRACE> savnet_ab.savnet4 < rejected by protocol 10.0.7.0/24 0L 7G unicast
2023-03-09 07:43:04.838 <TRACE> savnet_ab.ipv4 < rejected by protocol 10.0.7.0/24 0L 7G unicast
2023-03-09 07:43:04.838 <TRACE> savnet_ab.ipv4 > added [best] 192.168.2.0/24 0L 7G unicast
2023-03-09 07:43:04.838 <TRACE> savnet_ab.savnet4 < rejected by protocol 192.168.2.0/24 0L 7G unicast
2023-03-09 07:43:04.838 <TRACE> savnet_ab.ipv4 < rejected by protocol 192.168.2.0/24 0L 7G unicast
2023-03-09 07:43:04.838 <TRACE> savnet_ab.ipv4 > added [best] 192.168.3.0/24 0L 7G unicast
2023-03-09 07:43:04.838 <TRACE> savnet_ab.savnet4 < rejected by protocol 192.168.3.0/24 0L 7G unicast
2023-03-09 07:43:04.838 <TRACE> savnet_ab.ipv4 < rejected by protocol 192.168.3.0/24 0L 7G unicast
2023-03-09 07:43:04.838 <DBG> BGP UPDATE PROCESSING FINISHED
2023-03-09 07:43:04.838 <DBG> pool
2023-03-09 07:43:04.838 <DBG> cached_rta
2023-03-09 07:43:04.838 <DBG> Sent to SavAgent:{"msg_type":"bgp_update"
,"msg":{
      "neighbor_as":"65504"
    ,"interface_name":"a_b"
    ,"interface_index":"0"
    ,"protocol_name":"savnet_ab"
    ,"as_path":"65504,65502"
    ,"sav_origin":""
    ,"routes":"+10.0.7.0/24,+192.168.2.0/24,+192.168.3.0/24"
    ,"sav_scope":""
    ,"sav_nlri":""    }}
2023-03-09 07:43:04.842 <TRACE> savnet_af: Got KEEPALIVE
2023-03-09 07:43:04.842 <TRACE> savnet_af: BGP session established
2023-03-09 07:43:04.842 <TRACE> savnet_af: Protocol state changed to up
2023-03-09 07:43:04.842 <DBG> link [savnet_af] up sent
2023-03-09 07:43:04.842 <TRACE> savnet_ab: Got UPDATE
2023-03-09 07:43:04.842 <DBG> 
ip_unreach_len: 0
ip_reach_len: 12
2023-03-09 07:43:04.842 <DBG> 
mp_reach_len: 0
mp_unreach_len: 0
2023-03-09 07:43:04.842 <TRACE> savnet_ab.ipv4 > added [best] 192.168.5.0/24 0L 7G unicast
2023-03-09 07:43:04.842 <TRACE> savnet_ab.savnet4 < rejected by protocol 192.168.5.0/24 0L 7G unicast
2023-03-09 07:43:04.842 <TRACE> savnet_ab.ipv4 < rejected by protocol 192.168.5.0/24 0L 7G unicast
2023-03-09 07:43:04.842 <TRACE> savnet_af.savnet4 < filtered out 192.168.5.0/24 0L 7G unicast
2023-03-09 07:43:04.842 <TRACE> savnet_af.ipv4 < rejected by protocol 192.168.5.0/24 0L 7G unicast
2023-03-09 07:43:04.842 <TRACE> savnet_ab.ipv4 > added [best] 10.0.4.0/24 0L 7G unicast
2023-03-09 07:43:04.842 <TRACE> savnet_ab.savnet4 < rejected by protocol 10.0.4.0/24 0L 7G unicast
2023-03-09 07:43:04.842 <TRACE> savnet_ab.ipv4 < rejected by protocol 10.0.4.0/24 0L 7G unicast
2023-03-09 07:43:04.842 <TRACE> savnet_af.savnet4 < filtered out 10.0.4.0/24 0L 7G unicast
2023-03-09 07:43:04.842 <TRACE> savnet_af.ipv4 < rejected by protocol 10.0.4.0/24 0L 7G unicast
2023-03-09 07:43:04.842 <TRACE> savnet_ab.ipv4 > added 10.0.1.0/24 0L 7G unicast
2023-03-09 07:43:04.842 <DBG> BGP UPDATE PROCESSING FINISHED
2023-03-09 07:43:04.842 <DBG> pool
2023-03-09 07:43:04.842 <DBG> cached_rta
2023-03-09 07:43:04.842 <DBG> Sent to SavAgent:{"msg_type":"bgp_update"
,"msg":{
      "neighbor_as":"65504"
    ,"interface_name":"a_b"
    ,"interface_index":"0"
    ,"protocol_name":"savnet_ab"
    ,"as_path":"65504"
    ,"sav_origin":""
    ,"routes":"+192.168.5.0/24,+10.0.4.0/24,+10.0.1.0/24"
    ,"sav_scope":""
    ,"sav_nlri":""    }}
2023-03-09 07:43:04.842 <TRACE> savnet_ab: Got UPDATE
2023-03-09 07:43:04.842 <DBG> 
ip_unreach_len: 0
ip_reach_len: 8
2023-03-09 07:43:04.842 <DBG> 
mp_reach_len: 0
mp_unreach_len: 0
2023-03-09 07:43:04.842 <TRACE> savnet_ab.ipv4 > added [best] 10.0.5.0/24 0L 7G unicast
2023-03-09 07:43:04.842 <TRACE> savnet_ab.savnet4 < rejected by protocol 10.0.5.0/24 0L 7G unicast
2023-03-09 07:43:04.842 <TRACE> savnet_ab.ipv4 < rejected by protocol 10.0.5.0/24 0L 7G unicast
2023-03-09 07:43:04.842 <TRACE> savnet_af.savnet4 < filtered out 10.0.5.0/24 0L 7G unicast
2023-03-09 07:43:04.842 <TRACE> savnet_af.ipv4 < rejected by protocol 10.0.5.0/24 0L 7G unicast
2023-03-09 07:43:04.842 <TRACE> savnet_ab.ipv4 > added [best] 192.168.4.0/24 0L 7G unicast
2023-03-09 07:43:04.842 <TRACE> savnet_ab.savnet4 < rejected by protocol 192.168.4.0/24 0L 7G unicast
2023-03-09 07:43:04.842 <TRACE> savnet_ab.ipv4 < rejected by protocol 192.168.4.0/24 0L 7G unicast
2023-03-09 07:43:04.842 <TRACE> savnet_af.savnet4 < filtered out 192.168.4.0/24 0L 7G unicast
2023-03-09 07:43:04.842 <TRACE> savnet_af.ipv4 < rejected by protocol 192.168.4.0/24 0L 7G unicast
2023-03-09 07:43:04.842 <DBG> BGP UPDATE PROCESSING FINISHED
2023-03-09 07:43:04.842 <DBG> pool
2023-03-09 07:43:04.842 <DBG> cached_rta
2023-03-09 07:43:04.842 <DBG> Sent to SavAgent:{"msg_type":"bgp_update"
,"msg":{
      "neighbor_as":"65504"
    ,"interface_name":"a_b"
    ,"interface_index":"0"
    ,"protocol_name":"savnet_ab"
    ,"as_path":"65504,65502,65503"
    ,"sav_origin":""
    ,"routes":"+10.0.5.0/24,+192.168.4.0/24"
    ,"sav_scope":""
    ,"sav_nlri":""    }}
2023-03-09 07:43:04.842 <TRACE> savnet_ab: Got UPDATE
2023-03-09 07:43:04.842 <DBG> 
ip_unreach_len: 0
ip_reach_len: 0
2023-03-09 07:43:04.842 <DBG> 
mp_reach_len: 0
mp_unreach_len: 0
2023-03-09 07:43:04.842 <TRACE> savnet_ab: Got END-OF-RIB
2023-03-09 07:43:04.842 <DBG> BGP UPDATE PROCESSING FINISHED
2023-03-09 07:43:04.842 <DBG> pool
2023-03-09 07:43:04.842 <DBG> cached_rta
2023-03-09 07:43:04.849 <TRACE> savnet_af.savnet4 < filtered out 10.0.7.0/24 0L 7G unicast
2023-03-09 07:43:04.849 <TRACE> savnet_af.savnet4 < filtered out 192.168.5.0/24 0L 7G unicast
2023-03-09 07:43:04.849 <TRACE> savnet_af.savnet4 < filtered out 10.0.4.0/24 0L 7G unicast
2023-03-09 07:43:04.849 <TRACE> savnet_af.savnet4 < filtered out 10.0.5.0/24 0L 7G unicast
2023-03-09 07:43:04.849 <TRACE> savnet_af.savnet4 < filtered out 192.168.1.0/24 0L 4G blackhole
2023-03-09 07:43:04.849 <TRACE> savnet_af.savnet4 < filtered out 192.168.2.0/24 0L 7G unicast
2023-03-09 07:43:04.849 <TRACE> savnet_af.savnet4 < filtered out 192.168.3.0/24 0L 7G unicast
2023-03-09 07:43:04.849 <TRACE> savnet_af.savnet4 < filtered out 10.0.1.0/24 187L 5G unicast
2023-03-09 07:43:04.849 <TRACE> savnet_af.savnet4 < filtered out 192.168.4.0/24 0L 7G unicast
2023-03-09 07:43:04.849 <TRACE> savnet_af.savnet4 < filtered out 10.0.2.0/24 189L 6G unicast
2023-03-09 07:43:04.849 <TRACE> savnet_af.ipv4 < rejected by protocol 10.0.7.0/24 0L 7G unicast
2023-03-09 07:43:04.849 <TRACE> savnet_af.ipv4 < rejected by protocol 192.168.5.0/24 0L 7G unicast
2023-03-09 07:43:04.849 <TRACE> savnet_af.ipv4 < rejected by protocol 10.0.4.0/24 0L 7G unicast
2023-03-09 07:43:04.849 <TRACE> savnet_af.ipv4 < rejected by protocol 10.0.5.0/24 0L 7G unicast
2023-03-09 07:43:04.849 <TRACE> savnet_af.ipv4 < added 192.168.1.0/24 0L 4G blackhole
2023-03-09 07:43:04.849 <TRACE> savnet_af.ipv4 < rejected by protocol 192.168.2.0/24 0L 7G unicast
2023-03-09 07:43:04.849 <TRACE> savnet_af.ipv4 < rejected by protocol 192.168.3.0/24 0L 7G unicast
2023-03-09 07:43:04.849 <TRACE> savnet_af.ipv4 < added 10.0.1.0/24 187L 5G unicast
2023-03-09 07:43:04.849 <TRACE> savnet_af.ipv4 < rejected by protocol 192.168.4.0/24 0L 7G unicast
2023-03-09 07:43:04.849 <TRACE> savnet_af.ipv4 < added 10.0.2.0/24 189L 6G unicast
2023-03-09 07:43:04.849 <TRACE> ...
2023-03-09 07:43:04.849 <DBG> 
ip_unreach_len: 0
ip_reach_len: 0
2023-03-09 07:43:04.849 <DBG> 
mp_reach_len: 14
mp_unreach_len: 0
2023-03-09 07:43:04.849 <DBG> bgp_decode_nlri_savnet4 len: 14
2023-03-09 07:43:04.849 <DBG> s->sav_origin: [65504]
2023-03-09 07:43:04.849 <DBG> s->sav_scope: [1,1,65501]
2023-03-09 07:43:04.849 <DBG> s->sav_nlri: [24,192,168,5]
2023-03-09 07:43:04.849 <DBG> BGP UPDATE PROCESSING FINISHED
2023-03-09 07:43:04.849 <DBG> pool
2023-03-09 07:43:04.849 <DBG> cached_rta
2023-03-09 07:43:04.849 <DBG> Sent to SavAgent:{"msg_type":"bgp_update"
,"msg":{
      "neighbor_as":"65504"
    ,"interface_name":"a_b"
    ,"interface_index":"0"
    ,"protocol_name":"savnet_ab"
    ,"as_path":"65504"
    ,"sav_origin":"65504"
    ,"routes":""
    ,"sav_scope":"1,1,65501"
    ,"sav_nlri":"24,192,168,5"    }}
2023-03-09 07:43:04.851 <TRACE> savnet_af: Sending END-OF-RIB
2023-03-09 07:43:04.851 <TRACE> savnet_af: Sending UPDATE
2023-03-09 07:43:04.851 <TRACE> savnet_af: Sending END-OF-RIB
2023-03-09 07:43:04.851 <DBG> call_agent
2023-03-09 07:43:04.851 <DBG> SavAgent reply {
  "code": "2000",
  "data": {
    "as_path": "2,1,0,0,255,221",
    "as_path_len": 6,
    "is_interior": 1,
    "next_hop": "4,10,0,1,1",
    "nlri_len": 4,
    "protocol_name": "savnet_ab",
    "sav_nlri": "24,192,168,1",
    "sav_origin": "0,0,255,221",
    "sav_scope": "1,2,0,0,255,224,0,0,255,222",
    "withdraws": "0,0"
  },
  "message": "success"
}

2023-03-09 07:43:04.851 <DBG> inserting 0,0
2023-03-09 07:43:04.851 <DBG> inserting 4,10,0,1,1
2023-03-09 07:43:04.851 <DBG> inserting 0,0,255,221
2023-03-09 07:43:04.851 <DBG> inserting 1,2,0,0,255,224,0,0,255,222
2023-03-09 07:43:04.851 <DBG> inserting 24,192,168,1
2023-03-09 07:43:04.851 <DBG> inserting 2,1,0,0,255,221
2023-03-09 07:43:04.851 <DBG> savnet update packet assembled
2023-03-09 07:43:04.851 <DBG> packet len 67
2023-03-09 07:43:04.851 <DBG> call agent send result, 1
2023-03-09 07:43:04.853 <DBG> 
ip_unreach_len: 0
ip_reach_len: 0
2023-03-09 07:43:04.853 <DBG> 
mp_reach_len: 0
mp_unreach_len: 0
2023-03-09 07:43:04.853 <TRACE> savnet_af: Got END-OF-RIB
2023-03-09 07:43:04.853 <DBG> BGP UPDATE PROCESSING FINISHED
2023-03-09 07:43:04.853 <DBG> pool
2023-03-09 07:43:04.853 <DBG> cached_rta
2023-03-09 07:43:04.853 <DBG> 
ip_unreach_len: 0
ip_reach_len: 16
2023-03-09 07:43:04.853 <DBG> 
mp_reach_len: 0
mp_unreach_len: 0
2023-03-09 07:43:04.853 <TRACE> savnet_af.ipv4 > added [best] 192.168.6.0/24 0L 8G unicast
2023-03-09 07:43:04.853 <TRACE> savnet_ab.savnet4 < filtered out 192.168.6.0/24 0L 8G unicast
2023-03-09 07:43:04.853 <TRACE> savnet_ab.ipv4 < rejected by protocol 192.168.6.0/24 0L 8G unicast
2023-03-09 07:43:04.853 <TRACE> savnet_af.savnet4 < rejected by protocol 192.168.6.0/24 0L 8G unicast
2023-03-09 07:43:04.853 <TRACE> savnet_af.ipv4 < rejected by protocol 192.168.6.0/24 0L 8G unicast
2023-03-09 07:43:04.853 <TRACE> savnet_af.ipv4 > added [best] 192.168.7.0/24 0L 8G unicast
2023-03-09 07:43:04.853 <TRACE> savnet_ab.savnet4 < filtered out 192.168.7.0/24 0L 8G unicast
2023-03-09 07:43:04.853 <TRACE> savnet_ab.ipv4 < rejected by protocol 192.168.7.0/24 0L 8G unicast
2023-03-09 07:43:04.853 <TRACE> savnet_af.savnet4 < rejected by protocol 192.168.7.0/24 0L 8G unicast
2023-03-09 07:43:04.853 <TRACE> savnet_af.ipv4 < rejected by protocol 192.168.7.0/24 0L 8G unicast
2023-03-09 07:43:04.853 <TRACE> savnet_af.ipv4 > added [best] 10.0.6.0/24 0L 8G unicast
2023-03-09 07:43:04.853 <TRACE> savnet_ab.savnet4 < filtered out 10.0.6.0/24 0L 8G unicast
2023-03-09 07:43:04.853 <TRACE> savnet_ab.ipv4 < rejected by protocol 10.0.6.0/24 0L 8G unicast
2023-03-09 07:43:04.853 <TRACE> savnet_af.savnet4 < rejected by protocol 10.0.6.0/24 0L 8G unicast
2023-03-09 07:43:04.853 <TRACE> savnet_af.ipv4 < rejected by protocol 10.0.6.0/24 0L 8G unicast
2023-03-09 07:43:04.853 <TRACE> savnet_af.ipv4 > added 10.0.2.0/24 0L 8G unicast
2023-03-09 07:43:04.853 <DBG> BGP UPDATE PROCESSING FINISHED
2023-03-09 07:43:04.853 <DBG> pool
2023-03-09 07:43:04.853 <DBG> cached_rta
2023-03-09 07:43:04.853 <DBG> Sent to SavAgent:{"msg_type":"bgp_update"
,"msg":{
      "neighbor_as":"65505"
    ,"interface_name":"a_f"
    ,"interface_index":"0"
    ,"protocol_name":"savnet_af"
    ,"as_path":"65505"
    ,"sav_origin":""
    ,"routes":"+192.168.6.0/24,+192.168.7.0/24,+10.0.6.0/24,+10.0.2.0/24"
    ,"sav_scope":""
    ,"sav_nlri":""    }}
2023-03-09 07:43:04.853 <DBG> 
ip_unreach_len: 0
ip_reach_len: 0
2023-03-09 07:43:04.853 <DBG> 
mp_reach_len: 0
mp_unreach_len: 0
2023-03-09 07:43:04.853 <TRACE> savnet_af: Got END-OF-RIB
2023-03-09 07:43:04.853 <DBG> BGP UPDATE PROCESSING FINISHED
2023-03-09 07:43:04.853 <DBG> pool
2023-03-09 07:43:04.853 <DBG> cached_rta
2023-03-09 07:43:04.859 <DBG> 
ip_unreach_len: 0
ip_reach_len: 0
2023-03-09 07:43:04.859 <DBG> 
mp_reach_len: 18
mp_unreach_len: 0
2023-03-09 07:43:04.859 <DBG> bgp_decode_nlri_savnet4 len: 18
2023-03-09 07:43:04.859 <DBG> s->sav_origin: [65505]
2023-03-09 07:43:04.859 <DBG> s->sav_scope: [1,1,65501]
2023-03-09 07:43:04.859 <DBG> s->sav_nlri: [24,192,168,6,24,192,168,7]
2023-03-09 07:43:04.859 <DBG> BGP UPDATE PROCESSING FINISHED
2023-03-09 07:43:04.859 <DBG> pool
2023-03-09 07:43:04.859 <DBG> cached_rta
2023-03-09 07:43:04.859 <DBG> Sent to SavAgent:{"msg_type":"bgp_update"
,"msg":{
      "neighbor_as":"65505"
    ,"interface_name":"a_f"
    ,"interface_index":"0"
    ,"protocol_name":"savnet_af"
    ,"as_path":"65505"
    ,"sav_origin":"65505"
    ,"routes":""
    ,"sav_scope":"1,1,65501"
    ,"sav_nlri":"24,192,168,6,24,192,168,7"    }}
2023-03-09 07:43:04.862 <DBG> 
ip_unreach_len: 0
ip_reach_len: 0
2023-03-09 07:43:04.862 <DBG> 
mp_reach_len: 18
mp_unreach_len: 0
2023-03-09 07:43:04.862 <DBG> bgp_decode_nlri_savnet4 len: 18
2023-03-09 07:43:04.862 <DBG> s->sav_origin: [65502]
2023-03-09 07:43:04.862 <DBG> s->sav_scope: [1,1,65501]
2023-03-09 07:43:04.862 <DBG> s->sav_nlri: [24,192,168,2,24,192,168,3]
2023-03-09 07:43:04.862 <DBG> BGP UPDATE PROCESSING FINISHED
2023-03-09 07:43:04.862 <DBG> pool
2023-03-09 07:43:04.862 <DBG> cached_rta
2023-03-09 07:43:04.862 <DBG> Sent to SavAgent:{"msg_type":"bgp_update"
,"msg":{
      "neighbor_as":"65504"
    ,"interface_name":"a_b"
    ,"interface_index":"0"
    ,"protocol_name":"savnet_ab"
    ,"as_path":"65502,65504"
    ,"sav_origin":"65502"
    ,"routes":""
    ,"sav_scope":"1,1,65501"
    ,"sav_nlri":"24,192,168,2,24,192,168,3"    }}
2023-03-09 07:43:04.867 <DBG> call_agent
2023-03-09 07:43:04.867 <DBG> SavAgent reply {
  "code": "2000",
  "data": {
    "as_path": "2,1,0,0,255,221",
    "as_path_len": 6,
    "is_interior": 1,
    "next_hop": "4,10,0,1,1",
    "nlri_len": 4,
    "protocol_name": "savnet_ab",
    "sav_nlri": "24,192,168,1",
    "sav_origin": "0,0,255,221",
    "sav_scope": "1,3,0,0,255,224,0,0,255,222,0,0,255,223",
    "withdraws": "0,0"
  },
  "message": "success"
}

2023-03-09 07:43:04.867 <DBG> inserting 0,0
2023-03-09 07:43:04.867 <DBG> inserting 4,10,0,1,1
2023-03-09 07:43:04.867 <DBG> inserting 0,0,255,221
2023-03-09 07:43:04.867 <DBG> inserting 1,3,0,0,255,224,0,0,255,222,0,0,255,223
2023-03-09 07:43:04.867 <DBG> inserting 24,192,168,1
2023-03-09 07:43:04.867 <DBG> inserting 2,1,0,0,255,221
2023-03-09 07:43:04.867 <DBG> savnet update packet assembled
2023-03-09 07:43:04.867 <DBG> packet len 71
2023-03-09 07:43:04.867 <DBG> call agent send result, 1
2023-03-09 07:43:04.876 <DBG> 
ip_unreach_len: 0
ip_reach_len: 0
2023-03-09 07:43:04.876 <DBG> 
mp_reach_len: 14
mp_unreach_len: 0
2023-03-09 07:43:04.876 <DBG> bgp_decode_nlri_savnet4 len: 14
2023-03-09 07:43:04.876 <DBG> s->sav_origin: [65503]
2023-03-09 07:43:04.876 <DBG> s->sav_scope: [1,1,65501]
2023-03-09 07:43:04.876 <DBG> s->sav_nlri: [24,192,168,4]
2023-03-09 07:43:04.876 <DBG> BGP UPDATE PROCESSING FINISHED
2023-03-09 07:43:04.876 <DBG> pool
2023-03-09 07:43:04.876 <DBG> cached_rta
2023-03-09 07:43:04.876 <DBG> Sent to SavAgent:{"msg_type":"bgp_update"
,"msg":{
      "neighbor_as":"65504"
    ,"interface_name":"a_b"
    ,"interface_index":"0"
    ,"protocol_name":"savnet_ab"
    ,"as_path":"65503,65502,65504"
    ,"sav_origin":"65503"
    ,"routes":""
    ,"sav_scope":"1,1,65501"
    ,"sav_nlri":"24,192,168,4"    }}
2023-03-09 07:43:04.895 <DBG> call_agent
2023-03-09 07:43:04.895 <DBG> SavAgent reply {
  "code": "2000",
  "data": {
    "as_path": "2,1,0,0,255,221",
    "as_path_len": 6,
    "is_interior": 1,
    "next_hop": "4,10,0,2,1",
    "nlri_len": 4,
    "protocol_name": "savnet_af",
    "sav_nlri": "24,192,168,1",
    "sav_origin": "0,0,255,221",
    "sav_scope": "1,1,0,0,255,225",
    "withdraws": "0,0"
  },
  "message": "success"
}

2023-03-09 07:43:04.895 <DBG> inserting 0,0
2023-03-09 07:43:04.895 <DBG> inserting 4,10,0,2,1
2023-03-09 07:43:04.895 <DBG> inserting 0,0,255,221
2023-03-09 07:43:04.895 <DBG> inserting 1,1,0,0,255,225
2023-03-09 07:43:04.895 <DBG> inserting 24,192,168,1
2023-03-09 07:43:04.895 <DBG> inserting 2,1,0,0,255,221
2023-03-09 07:43:04.895 <DBG> savnet update packet assembled
2023-03-09 07:43:04.895 <DBG> packet len 63
2023-03-09 07:43:04.895 <DBG> call agent send result, 1
2023-03-09 07:44:00.227 <ERR> from interface 1:lo
2023-03-09 07:44:00.227 <ERR> KIF: Malformed message received (IPV6/missing IFA_ADDRESS)
2023-03-09 07:44:00.227 <ERR> from interface 187:a_b
2023-03-09 07:44:00.227 <ERR> KIF: Malformed message received (IPV6/missing IFA_ADDRESS)
2023-03-09 07:44:00.227 <ERR> from interface 189:a_f
2023-03-09 07:44:00.227 <ERR> KIF: Malformed message received (IPV6/missing IFA_ADDRESS)
2023-03-09 07:44:06.225 <TRACE> savnet_ab: Got KEEPALIVE
BGP: Keepalive timer
2023-03-09 07:44:09.480 <TRACE> savnet_af: Sending KEEPALIVE
2023-03-09 07:44:09.675 <TRACE> savnet_af: Got KEEPALIVE
BGP: Keepalive timer
2023-03-09 07:44:19.117 <TRACE> savnet_ab: Sending KEEPALIVE
2023-03-09 07:45:00.229 <ERR> from interface 1:lo
2023-03-09 07:45:00.229 <ERR> KIF: Malformed message received (IPV6/missing IFA_ADDRESS)
2023-03-09 07:45:00.229 <ERR> from interface 187:a_b
2023-03-09 07:45:00.229 <ERR> KIF: Malformed message received (IPV6/missing IFA_ADDRESS)
2023-03-09 07:45:00.229 <ERR> from interface 189:a_f
2023-03-09 07:45:00.229 <ERR> KIF: Malformed message received (IPV6/missing IFA_ADDRESS)
2023-03-09 07:45:15.296 <TRACE> savnet_ab: Got KEEPALIVE
BGP: Keepalive timer
2023-03-09 07:45:19.911 <TRACE> savnet_af: Sending KEEPALIVE
2023-03-09 07:45:23.721 <TRACE> savnet_af: Got KEEPALIVE
BGP: Keepalive timer
2023-03-09 07:45:32.538 <TRACE> savnet_ab: Sending KEEPALIVE
2023-03-09 07:46:00.227 <ERR> from interface 1:lo
2023-03-09 07:46:00.227 <ERR> KIF: Malformed message received (IPV6/missing IFA_ADDRESS)
2023-03-09 07:46:00.227 <ERR> from interface 187:a_b
2023-03-09 07:46:00.227 <ERR> KIF: Malformed message received (IPV6/missing IFA_ADDRESS)
2023-03-09 07:46:00.227 <ERR> from interface 189:a_f
2023-03-09 07:46:00.227 <ERR> KIF: Malformed message received (IPV6/missing IFA_ADDRESS)
2023-03-09 07:46:31.589 <TRACE> savnet_ab: Got KEEPALIVE
BGP: Keepalive timer
2023-03-09 07:46:35.634 <TRACE> savnet_af: Sending KEEPALIVE
2023-03-09 07:46:38.734 <TRACE> savnet_af: Got KEEPALIVE
BGP: Keepalive timer
2023-03-09 07:46:40.258 <TRACE> savnet_ab: Sending KEEPALIVE
2023-03-09 07:47:00.228 <ERR> from interface 1:lo
2023-03-09 07:47:00.228 <ERR> KIF: Malformed message received (IPV6/missing IFA_ADDRESS)
2023-03-09 07:47:00.228 <ERR> from interface 187:a_b
2023-03-09 07:47:00.228 <ERR> KIF: Malformed message received (IPV6/missing IFA_ADDRESS)
2023-03-09 07:47:00.228 <ERR> from interface 189:a_f
2023-03-09 07:47:00.228 <ERR> KIF: Malformed message received (IPV6/missing IFA_ADDRESS)
BGP: Keepalive timer
2023-03-09 07:47:41.764 <TRACE> savnet_af: Sending KEEPALIVE
2023-03-09 07:47:48.788 <TRACE> savnet_af: Got KEEPALIVE
2023-03-09 07:47:49.067 <TRACE> savnet_ab: Got KEEPALIVE
BGP: Keepalive timer
2023-03-09 07:47:59.578 <TRACE> savnet_ab: Sending KEEPALIVE
2023-03-09 07:48:00.227 <ERR> from interface 1:lo
2023-03-09 07:48:00.227 <ERR> KIF: Malformed message received (IPV6/missing IFA_ADDRESS)
2023-03-09 07:48:00.227 <ERR> from interface 187:a_b
2023-03-09 07:48:00.227 <ERR> KIF: Malformed message received (IPV6/missing IFA_ADDRESS)
2023-03-09 07:48:00.227 <ERR> from interface 189:a_f
2023-03-09 07:48:00.227 <ERR> KIF: Malformed message received (IPV6/missing IFA_ADDRESS)
BGP: Keepalive timer
2023-03-09 07:48:49.786 <TRACE> savnet_af: Sending KEEPALIVE
2023-03-09 07:48:50.076 <TRACE> savnet_ab: Got KEEPALIVE
2023-03-09 07:48:55.731 <TRACE> savnet_af: Got KEEPALIVE
2023-03-09 07:49:00.227 <ERR> from interface 1:lo
2023-03-09 07:49:00.227 <ERR> KIF: Malformed message received (IPV6/missing IFA_ADDRESS)
2023-03-09 07:49:00.227 <ERR> from interface 187:a_b
2023-03-09 07:49:00.227 <ERR> KIF: Malformed message received (IPV6/missing IFA_ADDRESS)
2023-03-09 07:49:00.227 <ERR> from interface 189:a_f
2023-03-09 07:49:00.227 <ERR> KIF: Malformed message received (IPV6/missing IFA_ADDRESS)
BGP: Keepalive timer
2023-03-09 07:49:15.561 <TRACE> savnet_ab: Sending KEEPALIVE
2023-03-09 07:49:57.419 <TRACE> savnet_ab: Got KEEPALIVE
2023-03-09 07:50:00.124 <TRACE> savnet_af: Got KEEPALIVE
2023-03-09 07:50:00.226 <ERR> from interface 1:lo
2023-03-09 07:50:00.226 <ERR> KIF: Malformed message received (IPV6/missing IFA_ADDRESS)
2023-03-09 07:50:00.226 <ERR> from interface 187:a_b
2023-03-09 07:50:00.226 <ERR> KIF: Malformed message received (IPV6/missing IFA_ADDRESS)
2023-03-09 07:50:00.226 <ERR> from interface 189:a_f
2023-03-09 07:50:00.226 <ERR> KIF: Malformed message received (IPV6/missing IFA_ADDRESS)
BGP: Keepalive timer
2023-03-09 07:50:09.605 <TRACE> savnet_af: Sending KEEPALIVE
BGP: Keepalive timer
2023-03-09 07:50:21.976 <TRACE> savnet_ab: Sending KEEPALIVE
2023-03-09 07:51:00.228 <ERR> from interface 1:lo
2023-03-09 07:51:00.228 <ERR> KIF: Malformed message received (IPV6/missing IFA_ADDRESS)
2023-03-09 07:51:00.228 <ERR> from interface 187:a_b
2023-03-09 07:51:00.228 <ERR> KIF: Malformed message received (IPV6/missing IFA_ADDRESS)
2023-03-09 07:51:00.228 <ERR> from interface 189:a_f
2023-03-09 07:51:00.228 <ERR> KIF: Malformed message received (IPV6/missing IFA_ADDRESS)
2023-03-09 07:51:12.261 <TRACE> savnet_ab: Got KEEPALIVE
2023-03-09 07:51:19.285 <TRACE> savnet_af: Got KEEPALIVE
BGP: Keepalive timer
2023-03-09 07:51:28.015 <TRACE> savnet_af: Sending KEEPALIVE
BGP: Keepalive timer
2023-03-09 07:51:30.248 <TRACE> savnet_ab: Sending KEEPALIVE
2023-03-09 07:52:00.228 <ERR> from interface 1:lo
2023-03-09 07:52:00.228 <ERR> KIF: Malformed message received (IPV6/missing IFA_ADDRESS)
2023-03-09 07:52:00.228 <ERR> from interface 187:a_b
2023-03-09 07:52:00.228 <ERR> KIF: Malformed message received (IPV6/missing IFA_ADDRESS)
2023-03-09 07:52:00.228 <ERR> from interface 189:a_f
2023-03-09 07:52:00.228 <ERR> KIF: Malformed message received (IPV6/missing IFA_ADDRESS)
2023-03-09 07:52:25.945 <TRACE> savnet_ab: Got KEEPALIVE
2023-03-09 07:52:33.131 <TRACE> savnet_af: Got KEEPALIVE
BGP: Keepalive timer
2023-03-09 07:52:33.273 <TRACE> savnet_af: Sending KEEPALIVE
BGP: Keepalive timer
2023-03-09 07:52:34.440 <TRACE> savnet_ab: Sending KEEPALIVE
2023-03-09 07:53:00.228 <ERR> from interface 1:lo
2023-03-09 07:53:00.228 <ERR> KIF: Malformed message received (IPV6/missing IFA_ADDRESS)
2023-03-09 07:53:00.228 <ERR> from interface 187:a_b
2023-03-09 07:53:00.228 <ERR> KIF: Malformed message received (IPV6/missing IFA_ADDRESS)
2023-03-09 07:53:00.228 <ERR> from interface 189:a_f
2023-03-09 07:53:00.228 <ERR> KIF: Malformed message received (IPV6/missing IFA_ADDRESS)
2023-03-09 07:53:31.275 <TRACE> savnet_ab: Got KEEPALIVE
BGP: Keepalive timer
2023-03-09 07:53:34.790 <TRACE> savnet_af: Sending KEEPALIVE
2023-03-09 07:53:48.626 <TRACE> savnet_af: Got KEEPALIVE
BGP: Keepalive timer
2023-03-09 07:53:53.736 <TRACE> savnet_ab: Sending KEEPALIVE
2023-03-09 07:54:00.227 <ERR> from interface 1:lo
2023-03-09 07:54:00.227 <ERR> KIF: Malformed message received (IPV6/missing IFA_ADDRESS)
2023-03-09 07:54:00.227 <ERR> from interface 187:a_b
2023-03-09 07:54:00.227 <ERR> KIF: Malformed message received (IPV6/missing IFA_ADDRESS)
2023-03-09 07:54:00.227 <ERR> from interface 189:a_f
2023-03-09 07:54:00.227 <ERR> KIF: Malformed message received (IPV6/missing IFA_ADDRESS)
2023-03-09 07:54:37.545 <TRACE> savnet_ab: Got KEEPALIVE
BGP: Keepalive timer
2023-03-09 07:54:40.782 <TRACE> savnet_af: Sending KEEPALIVE
2023-03-09 07:55:00.228 <ERR> from interface 1:lo
2023-03-09 07:55:00.228 <ERR> KIF: Malformed message received (IPV6/missing IFA_ADDRESS)
2023-03-09 07:55:00.228 <ERR> from interface 187:a_b
2023-03-09 07:55:00.228 <ERR> KIF: Malformed message received (IPV6/missing IFA_ADDRESS)
2023-03-09 07:55:00.228 <ERR> from interface 189:a_f
2023-03-09 07:55:00.228 <ERR> KIF: Malformed message received (IPV6/missing IFA_ADDRESS)
2023-03-09 07:55:02.837 <TRACE> savnet_af: Got KEEPALIVE
BGP: Keepalive timer
2023-03-09 07:55:08.056 <TRACE> savnet_ab: Sending KEEPALIVE
2023-03-09 07:55:40.041 <TRACE> savnet_ab: Got KEEPALIVE
BGP: Keepalive timer
2023-03-09 07:55:53.994 <TRACE> savnet_af: Sending KEEPALIVE
2023-03-09 07:56:00.227 <ERR> from interface 1:lo
2023-03-09 07:56:00.227 <ERR> KIF: Malformed message received (IPV6/missing IFA_ADDRESS)
2023-03-09 07:56:00.227 <ERR> from interface 187:a_b
2023-03-09 07:56:00.227 <ERR> KIF: Malformed message received (IPV6/missing IFA_ADDRESS)
2023-03-09 07:56:00.227 <ERR> from interface 189:a_f
2023-03-09 07:56:00.227 <ERR> KIF: Malformed message received (IPV6/missing IFA_ADDRESS)
2023-03-09 07:56:08.943 <TRACE> savnet_af: Got KEEPALIVE
BGP: Keepalive timer
2023-03-09 07:56:14.155 <TRACE> savnet_ab: Sending KEEPALIVE
2023-03-09 07:56:49.561 <TRACE> savnet_ab: Got KEEPALIVE
2023-03-09 07:57:00.228 <ERR> from interface 1:lo
2023-03-09 07:57:00.228 <ERR> KIF: Malformed message received (IPV6/missing IFA_ADDRESS)
2023-03-09 07:57:00.228 <ERR> from interface 187:a_b
2023-03-09 07:57:00.228 <ERR> KIF: Malformed message received (IPV6/missing IFA_ADDRESS)
2023-03-09 07:57:00.228 <ERR> from interface 189:a_f
2023-03-09 07:57:00.228 <ERR> KIF: Malformed message received (IPV6/missing IFA_ADDRESS)
BGP: Keepalive timer
2023-03-09 07:57:12.549 <TRACE> savnet_af: Sending KEEPALIVE
2023-03-09 07:57:27.754 <TRACE> savnet_af: Got KEEPALIVE
BGP: Keepalive timer
2023-03-09 07:57:28.999 <TRACE> savnet_ab: Sending KEEPALIVE
2023-03-09 07:58:00.227 <ERR> from interface 1:lo
2023-03-09 07:58:00.227 <ERR> KIF: Malformed message received (IPV6/missing IFA_ADDRESS)
2023-03-09 07:58:00.227 <ERR> from interface 187:a_b
2023-03-09 07:58:00.227 <ERR> KIF: Malformed message received (IPV6/missing IFA_ADDRESS)
2023-03-09 07:58:00.227 <ERR> from interface 189:a_f
2023-03-09 07:58:00.227 <ERR> KIF: Malformed message received (IPV6/missing IFA_ADDRESS)
2023-03-09 07:58:00.689 <TRACE> savnet_ab: Got KEEPALIVE
BGP: Keepalive timer
2023-03-09 07:58:16.443 <TRACE> savnet_af: Sending KEEPALIVE
BGP: Keepalive timer
2023-03-09 07:58:38.384 <TRACE> savnet_ab: Sending KEEPALIVE
2023-03-09 07:58:42.208 <TRACE> savnet_af: Got KEEPALIVE
2023-03-09 07:59:00.226 <ERR> from interface 1:lo
2023-03-09 07:59:00.226 <ERR> KIF: Malformed message received (IPV6/missing IFA_ADDRESS)
2023-03-09 07:59:00.226 <ERR> from interface 187:a_b
2023-03-09 07:59:00.226 <ERR> KIF: Malformed message received (IPV6/missing IFA_ADDRESS)
2023-03-09 07:59:00.226 <ERR> from interface 189:a_f
2023-03-09 07:59:00.226 <ERR> KIF: Malformed message received (IPV6/missing IFA_ADDRESS)
2023-03-09 07:59:17.508 <TRACE> savnet_ab: Got KEEPALIVE
BGP: Keepalive timer
2023-03-09 07:59:34.832 <TRACE> savnet_af: Sending KEEPALIVE
BGP: Keepalive timer
2023-03-09 07:59:41.668 <TRACE> savnet_ab: Sending KEEPALIVE
2023-03-09 07:59:58.749 <TRACE> savnet_af: Got KEEPALIVE
2023-03-09 08:00:00.227 <ERR> from interface 1:lo
2023-03-09 08:00:00.227 <ERR> KIF: Malformed message received (IPV6/missing IFA_ADDRESS)
2023-03-09 08:00:00.227 <ERR> from interface 187:a_b
2023-03-09 08:00:00.227 <ERR> KIF: Malformed message received (IPV6/missing IFA_ADDRESS)
2023-03-09 08:00:00.227 <ERR> from interface 189:a_f
2023-03-09 08:00:00.227 <ERR> KIF: Malformed message received (IPV6/missing IFA_ADDRESS)
2023-03-09 08:00:33.256 <TRACE> savnet_ab: Got KEEPALIVE
BGP: Keepalive timer
2023-03-09 08:00:36.522 <TRACE> savnet_af: Sending KEEPALIVE
BGP: Keepalive timer
2023-03-09 08:00:44.492 <TRACE> savnet_ab: Sending KEEPALIVE
2023-03-09 08:01:00.227 <ERR> from interface 1:lo
2023-03-09 08:01:00.227 <ERR> KIF: Malformed message received (IPV6/missing IFA_ADDRESS)
2023-03-09 08:01:00.227 <ERR> from interface 187:a_b
2023-03-09 08:01:00.227 <ERR> KIF: Malformed message received (IPV6/missing IFA_ADDRESS)
2023-03-09 08:01:00.227 <ERR> from interface 189:a_f
2023-03-09 08:01:00.227 <ERR> KIF: Malformed message received (IPV6/missing IFA_ADDRESS)
2023-03-09 08:01:10.416 <TRACE> savnet_af: Got KEEPALIVE
2023-03-09 08:01:42.615 <TRACE> savnet_ab: Got KEEPALIVE
BGP: Keepalive timer
2023-03-09 08:01:44.604 <TRACE> savnet_af: Sending KEEPALIVE
BGP: Keepalive timer
2023-03-09 08:01:58.359 <TRACE> savnet_ab: Sending KEEPALIVE
2023-03-09 08:02:00.228 <ERR> from interface 1:lo
2023-03-09 08:02:00.228 <ERR> KIF: Malformed message received (IPV6/missing IFA_ADDRESS)
2023-03-09 08:02:00.228 <ERR> from interface 187:a_b
2023-03-09 08:02:00.228 <ERR> KIF: Malformed message received (IPV6/missing IFA_ADDRESS)
2023-03-09 08:02:00.228 <ERR> from interface 189:a_f
2023-03-09 08:02:00.228 <ERR> KIF: Malformed message received (IPV6/missing IFA_ADDRESS)
2023-03-09 08:02:20.308 <TRACE> savnet_af: Got KEEPALIVE
2023-03-09 08:02:44.099 <TRACE> savnet_ab: Got KEEPALIVE
BGP: Keepalive timer
2023-03-09 08:02:59.986 <TRACE> savnet_af: Sending KEEPALIVE
2023-03-09 08:03:00.227 <ERR> from interface 1:lo
2023-03-09 08:03:00.227 <ERR> KIF: Malformed message received (IPV6/missing IFA_ADDRESS)
2023-03-09 08:03:00.227 <ERR> from interface 187:a_b
2023-03-09 08:03:00.227 <ERR> KIF: Malformed message received (IPV6/missing IFA_ADDRESS)
2023-03-09 08:03:00.227 <ERR> from interface 189:a_f
2023-03-09 08:03:00.227 <ERR> KIF: Malformed message received (IPV6/missing IFA_ADDRESS)
BGP: Keepalive timer
2023-03-09 08:03:00.835 <TRACE> savnet_ab: Sending KEEPALIVE
2023-03-09 08:03:30.348 <TRACE> savnet_af: Got KEEPALIVE
2023-03-09 08:03:55.224 <TRACE> savnet_ab: Got KEEPALIVE
2023-03-09 08:04:00.228 <ERR> from interface 1:lo
2023-03-09 08:04:00.228 <ERR> KIF: Malformed message received (IPV6/missing IFA_ADDRESS)
2023-03-09 08:04:00.228 <ERR> from interface 187:a_b
2023-03-09 08:04:00.228 <ERR> KIF: Malformed message received (IPV6/missing IFA_ADDRESS)
2023-03-09 08:04:00.228 <ERR> from interface 189:a_f
2023-03-09 08:04:00.228 <ERR> KIF: Malformed message received (IPV6/missing IFA_ADDRESS)
BGP: Keepalive timer
2023-03-09 08:04:02.659 <TRACE> savnet_af: Sending KEEPALIVE
BGP: Keepalive timer
2023-03-09 08:04:05.280 <TRACE> savnet_ab: Sending KEEPALIVE
2023-03-09 08:04:38.600 <TRACE> savnet_af: Got KEEPALIVE
2023-03-09 08:04:55.710 <TRACE> savnet_ab: Got KEEPALIVE
2023-03-09 08:05:00.228 <ERR> from interface 1:lo
2023-03-09 08:05:00.228 <ERR> KIF: Malformed message received (IPV6/missing IFA_ADDRESS)
2023-03-09 08:05:00.228 <ERR> from interface 187:a_b
2023-03-09 08:05:00.228 <ERR> KIF: Malformed message received (IPV6/missing IFA_ADDRESS)
2023-03-09 08:05:00.228 <ERR> from interface 189:a_f
2023-03-09 08:05:00.228 <ERR> KIF: Malformed message received (IPV6/missing IFA_ADDRESS)
BGP: Keepalive timer
2023-03-09 08:05:09.430 <TRACE> savnet_ab: Sending KEEPALIVE
BGP: Keepalive timer
2023-03-09 08:05:16.623 <TRACE> savnet_af: Sending KEEPALIVE
2023-03-09 08:05:56.615 <TRACE> savnet_af: Got KEEPALIVE
2023-03-09 08:06:00.227 <ERR> from interface 1:lo
2023-03-09 08:06:00.227 <ERR> KIF: Malformed message received (IPV6/missing IFA_ADDRESS)
2023-03-09 08:06:00.227 <ERR> from interface 187:a_b
2023-03-09 08:06:00.227 <ERR> KIF: Malformed message received (IPV6/missing IFA_ADDRESS)
2023-03-09 08:06:00.227 <ERR> from interface 189:a_f
2023-03-09 08:06:00.227 <ERR> KIF: Malformed message received (IPV6/missing IFA_ADDRESS)
2023-03-09 08:06:06.844 <TRACE> savnet_ab: Got KEEPALIVE
BGP: Keepalive timer
2023-03-09 08:06:21.654 <TRACE> savnet_af: Sending KEEPALIVE
BGP: Keepalive timer
2023-03-09 08:06:26.480 <TRACE> savnet_ab: Sending KEEPALIVE
2023-03-09 08:07:00.227 <ERR> from interface 1:lo
2023-03-09 08:07:00.227 <ERR> KIF: Malformed message received (IPV6/missing IFA_ADDRESS)
2023-03-09 08:07:00.227 <ERR> from interface 187:a_b
2023-03-09 08:07:00.227 <ERR> KIF: Malformed message received (IPV6/missing IFA_ADDRESS)
2023-03-09 08:07:00.227 <ERR> from interface 189:a_f
2023-03-09 08:07:00.227 <ERR> KIF: Malformed message received (IPV6/missing IFA_ADDRESS)
2023-03-09 08:07:06.299 <TRACE> savnet_af: Got KEEPALIVE
2023-03-09 08:07:16.329 <TRACE> savnet_ab: Got KEEPALIVE
BGP: Keepalive timer
2023-03-09 08:07:24.988 <TRACE> savnet_af: Sending KEEPALIVE
BGP: Keepalive timer
2023-03-09 08:07:32.916 <TRACE> savnet_ab: Sending KEEPALIVE
2023-03-09 08:08:00.227 <ERR> from interface 1:lo
2023-03-09 08:08:00.227 <ERR> KIF: Malformed message received (IPV6/missing IFA_ADDRESS)
2023-03-09 08:08:00.227 <ERR> from interface 187:a_b
2023-03-09 08:08:00.227 <ERR> KIF: Malformed message received (IPV6/missing IFA_ADDRESS)
2023-03-09 08:08:00.227 <ERR> from interface 189:a_f
2023-03-09 08:08:00.227 <ERR> KIF: Malformed message received (IPV6/missing IFA_ADDRESS)
2023-03-09 08:08:11.248 <TRACE> savnet_af: Got KEEPALIVE
2023-03-09 08:08:34.550 <TRACE> savnet_ab: Got KEEPALIVE
BGP: Keepalive timer
2023-03-09 08:08:34.704 <TRACE> savnet_af: Sending KEEPALIVE
BGP: Keepalive timer
2023-03-09 08:08:35.422 <TRACE> savnet_ab: Sending KEEPALIVE
2023-03-09 08:09:00.227 <ERR> from interface 1:lo
2023-03-09 08:09:00.227 <ERR> KIF: Malformed message received (IPV6/missing IFA_ADDRESS)
2023-03-09 08:09:00.227 <ERR> from interface 187:a_b
2023-03-09 08:09:00.227 <ERR> KIF: Malformed message received (IPV6/missing IFA_ADDRESS)
2023-03-09 08:09:00.227 <ERR> from interface 189:a_f
2023-03-09 08:09:00.227 <ERR> KIF: Malformed message received (IPV6/missing IFA_ADDRESS)
2023-03-09 08:09:15.920 <TRACE> savnet_af: Got KEEPALIVE
BGP: Keepalive timer
2023-03-09 08:09:40.031 <TRACE> savnet_af: Sending KEEPALIVE
2023-03-09 08:09:49.266 <TRACE> savnet_ab: Got KEEPALIVE
BGP: Keepalive timer
2023-03-09 08:09:50.379 <TRACE> savnet_ab: Sending KEEPALIVE
2023-03-09 08:10:00.227 <ERR> from interface 1:lo
2023-03-09 08:10:00.227 <ERR> KIF: Malformed message received (IPV6/missing IFA_ADDRESS)
2023-03-09 08:10:00.227 <ERR> from interface 187:a_b
2023-03-09 08:10:00.227 <ERR> KIF: Malformed message received (IPV6/missing IFA_ADDRESS)
2023-03-09 08:10:00.227 <ERR> from interface 189:a_f
2023-03-09 08:10:00.227 <ERR> KIF: Malformed message received (IPV6/missing IFA_ADDRESS)
2023-03-09 08:10:19.716 <TRACE> savnet_af: Got KEEPALIVE
BGP: Keepalive timer
2023-03-09 08:10:40.920 <TRACE> savnet_af: Sending KEEPALIVE
BGP: Keepalive timer
2023-03-09 08:10:52.452 <TRACE> savnet_ab: Sending KEEPALIVE
2023-03-09 08:11:00.228 <ERR> from interface 1:lo
2023-03-09 08:11:00.228 <ERR> KIF: Malformed message received (IPV6/missing IFA_ADDRESS)
2023-03-09 08:11:00.228 <ERR> from interface 187:a_b
2023-03-09 08:11:00.228 <ERR> KIF: Malformed message received (IPV6/missing IFA_ADDRESS)
2023-03-09 08:11:00.228 <ERR> from interface 189:a_f
2023-03-09 08:11:00.228 <ERR> KIF: Malformed message received (IPV6/missing IFA_ADDRESS)
2023-03-09 08:11:06.015 <TRACE> savnet_ab: Got KEEPALIVE
2023-03-09 08:11:38.496 <TRACE> savnet_af: Got KEEPALIVE
BGP: Keepalive timer
2023-03-09 08:11:45.122 <TRACE> savnet_af: Sending KEEPALIVE
BGP: Keepalive timer
2023-03-09 08:11:57.000 <TRACE> savnet_ab: Sending KEEPALIVE
2023-03-09 08:12:00.227 <ERR> from interface 1:lo
2023-03-09 08:12:00.227 <ERR> KIF: Malformed message received (IPV6/missing IFA_ADDRESS)
2023-03-09 08:12:00.227 <ERR> from interface 187:a_b
2023-03-09 08:12:00.227 <ERR> KIF: Malformed message received (IPV6/missing IFA_ADDRESS)
2023-03-09 08:12:00.227 <ERR> from interface 189:a_f
2023-03-09 08:12:00.227 <ERR> KIF: Malformed message received (IPV6/missing IFA_ADDRESS)
2023-03-09 08:12:11.539 <TRACE> savnet_ab: Got KEEPALIVE
2023-03-09 08:12:42.104 <TRACE> savnet_af: Got KEEPALIVE
BGP: Keepalive timer
2023-03-09 08:12:59.827 <TRACE> savnet_af: Sending KEEPALIVE
2023-03-09 08:13:00.227 <ERR> from interface 1:lo
2023-03-09 08:13:00.227 <ERR> KIF: Malformed message received (IPV6/missing IFA_ADDRESS)
2023-03-09 08:13:00.227 <ERR> from interface 187:a_b
2023-03-09 08:13:00.227 <ERR> KIF: Malformed message received (IPV6/missing IFA_ADDRESS)
2023-03-09 08:13:00.227 <ERR> from interface 189:a_f
2023-03-09 08:13:00.227 <ERR> KIF: Malformed message received (IPV6/missing IFA_ADDRESS)
BGP: Keepalive timer
2023-03-09 08:13:06.340 <TRACE> savnet_ab: Sending KEEPALIVE
2023-03-09 08:13:21.700 <TRACE> savnet_ab: Got KEEPALIVE
2023-03-09 08:13:56.184 <TRACE> savnet_af: Got KEEPALIVE
2023-03-09 08:14:00.227 <ERR> from interface 1:lo
2023-03-09 08:14:00.227 <ERR> KIF: Malformed message received (IPV6/missing IFA_ADDRESS)
2023-03-09 08:14:00.227 <ERR> from interface 187:a_b
2023-03-09 08:14:00.227 <ERR> KIF: Malformed message received (IPV6/missing IFA_ADDRESS)
2023-03-09 08:14:00.227 <ERR> from interface 189:a_f
2023-03-09 08:14:00.227 <ERR> KIF: Malformed message received (IPV6/missing IFA_ADDRESS)
BGP: Keepalive timer
2023-03-09 08:14:10.615 <TRACE> savnet_af: Sending KEEPALIVE
