2023-03-09 07:43:00.226 <ERR> from interface 1:lo
2023-03-09 07:43:00.226 <ERR> KIF: Malformed message received (IPV6/missing IFA_ADDRESS)
2023-03-09 07:43:00.226 <ERR> from interface 193:b_e
2023-03-09 07:43:00.226 <ERR> KIF: Malformed message received (IPV6/missing IFA_ADDRESS)
2023-03-09 07:43:00.226 <ERR> from interface 195:b_f
2023-03-09 07:43:00.226 <ERR> KIF: Malformed message received (IPV6/missing IFA_ADDRESS)
2023-03-09 07:43:00.226 <INFO> Started
2023-03-09 07:44:00.228 <ERR> from interface 1:lo
2023-03-09 07:44:00.228 <ERR> KIF: Malformed message received (IPV6/missing IFA_ADDRESS)
2023-03-09 07:44:00.228 <ERR> from interface 193:b_e
2023-03-09 07:44:00.228 <ERR> KIF: Malformed message received (IPV6/missing IFA_ADDRESS)
2023-03-09 07:44:00.228 <ERR> from interface 195:b_f
2023-03-09 07:44:00.228 <ERR> KIF: Malformed message received (IPV6/missing IFA_ADDRESS)
2023-03-09 07:45:00.228 <ERR> from interface 1:lo
2023-03-09 07:45:00.228 <ERR> KIF: Malformed message received (IPV6/missing IFA_ADDRESS)
2023-03-09 07:45:00.228 <ERR> from interface 193:b_e
2023-03-09 07:45:00.228 <ERR> KIF: Malformed message received (IPV6/missing IFA_ADDRESS)
2023-03-09 07:45:00.228 <ERR> from interface 195:b_f
2023-03-09 07:45:00.228 <ERR> KIF: Malformed message received (IPV6/missing IFA_ADDRESS)
2023-03-09 07:46:00.228 <ERR> from interface 1:lo
2023-03-09 07:46:00.228 <ERR> KIF: Malformed message received (IPV6/missing IFA_ADDRESS)
2023-03-09 07:46:00.228 <ERR> from interface 193:b_e
2023-03-09 07:46:00.228 <ERR> KIF: Malformed message received (IPV6/missing IFA_ADDRESS)
2023-03-09 07:46:00.228 <ERR> from interface 195:b_f
2023-03-09 07:46:00.228 <ERR> KIF: Malformed message received (IPV6/missing IFA_ADDRESS)
2023-03-09 07:47:00.228 <ERR> from interface 1:lo
2023-03-09 07:47:00.228 <ERR> KIF: Malformed message received (IPV6/missing IFA_ADDRESS)
2023-03-09 07:47:00.228 <ERR> from interface 193:b_e
2023-03-09 07:47:00.228 <ERR> KIF: Malformed message received (IPV6/missing IFA_ADDRESS)
2023-03-09 07:47:00.228 <ERR> from interface 195:b_f
2023-03-09 07:47:00.228 <ERR> KIF: Malformed message received (IPV6/missing IFA_ADDRESS)
2023-03-09 07:48:00.228 <ERR> from interface 1:lo
2023-03-09 07:48:00.228 <ERR> KIF: Malformed message received (IPV6/missing IFA_ADDRESS)
2023-03-09 07:48:00.228 <ERR> from interface 193:b_e
2023-03-09 07:48:00.228 <ERR> KIF: Malformed message received (IPV6/missing IFA_ADDRESS)
2023-03-09 07:48:00.228 <ERR> from interface 195:b_f
2023-03-09 07:48:00.228 <ERR> KIF: Malformed message received (IPV6/missing IFA_ADDRESS)
2023-03-09 07:49:00.228 <ERR> from interface 1:lo
2023-03-09 07:49:00.228 <ERR> KIF: Malformed message received (IPV6/missing IFA_ADDRESS)
2023-03-09 07:49:00.228 <ERR> from interface 193:b_e
2023-03-09 07:49:00.228 <ERR> KIF: Malformed message received (IPV6/missing IFA_ADDRESS)
2023-03-09 07:49:00.228 <ERR> from interface 195:b_f
2023-03-09 07:49:00.228 <ERR> KIF: Malformed message received (IPV6/missing IFA_ADDRESS)
2023-03-09 07:50:00.228 <ERR> from interface 1:lo
2023-03-09 07:50:00.228 <ERR> KIF: Malformed message received (IPV6/missing IFA_ADDRESS)
2023-03-09 07:50:00.228 <ERR> from interface 193:b_e
2023-03-09 07:50:00.228 <ERR> KIF: Malformed message received (IPV6/missing IFA_ADDRESS)
2023-03-09 07:50:00.228 <ERR> from interface 195:b_f
2023-03-09 07:50:00.228 <ERR> KIF: Malformed message received (IPV6/missing IFA_ADDRESS)
2023-03-09 07:51:00.228 <ERR> from interface 1:lo
2023-03-09 07:51:00.228 <ERR> KIF: Malformed message received (IPV6/missing IFA_ADDRESS)
2023-03-09 07:51:00.228 <ERR> from interface 193:b_e
2023-03-09 07:51:00.228 <ERR> KIF: Malformed message received (IPV6/missing IFA_ADDRESS)
2023-03-09 07:51:00.228 <ERR> from interface 195:b_f
2023-03-09 07:51:00.228 <ERR> KIF: Malformed message received (IPV6/missing IFA_ADDRESS)
2023-03-09 07:52:00.228 <ERR> from interface 1:lo
2023-03-09 07:52:00.228 <ERR> KIF: Malformed message received (IPV6/missing IFA_ADDRESS)
2023-03-09 07:52:00.228 <ERR> from interface 193:b_e
2023-03-09 07:52:00.228 <ERR> KIF: Malformed message received (IPV6/missing IFA_ADDRESS)
2023-03-09 07:52:00.228 <ERR> from interface 195:b_f
2023-03-09 07:52:00.228 <ERR> KIF: Malformed message received (IPV6/missing IFA_ADDRESS)
2023-03-09 07:53:00.228 <ERR> from interface 1:lo
2023-03-09 07:53:00.228 <ERR> KIF: Malformed message received (IPV6/missing IFA_ADDRESS)
2023-03-09 07:53:00.228 <ERR> from interface 193:b_e
2023-03-09 07:53:00.228 <ERR> KIF: Malformed message received (IPV6/missing IFA_ADDRESS)
2023-03-09 07:53:00.228 <ERR> from interface 195:b_f
2023-03-09 07:53:00.228 <ERR> KIF: Malformed message received (IPV6/missing IFA_ADDRESS)
2023-03-09 07:54:00.227 <ERR> from interface 1:lo
2023-03-09 07:54:00.227 <ERR> KIF: Malformed message received (IPV6/missing IFA_ADDRESS)
2023-03-09 07:54:00.227 <ERR> from interface 193:b_e
2023-03-09 07:54:00.227 <ERR> KIF: Malformed message received (IPV6/missing IFA_ADDRESS)
2023-03-09 07:54:00.227 <ERR> from interface 195:b_f
2023-03-09 07:54:00.227 <ERR> KIF: Malformed message received (IPV6/missing IFA_ADDRESS)
2023-03-09 07:55:00.228 <ERR> from interface 1:lo
2023-03-09 07:55:00.228 <ERR> KIF: Malformed message received (IPV6/missing IFA_ADDRESS)
2023-03-09 07:55:00.228 <ERR> from interface 193:b_e
2023-03-09 07:55:00.228 <ERR> KIF: Malformed message received (IPV6/missing IFA_ADDRESS)
2023-03-09 07:55:00.228 <ERR> from interface 195:b_f
2023-03-09 07:55:00.228 <ERR> KIF: Malformed message received (IPV6/missing IFA_ADDRESS)
2023-03-09 07:56:00.228 <ERR> from interface 1:lo
2023-03-09 07:56:00.228 <ERR> KIF: Malformed message received (IPV6/missing IFA_ADDRESS)
2023-03-09 07:56:00.228 <ERR> from interface 193:b_e
2023-03-09 07:56:00.228 <ERR> KIF: Malformed message received (IPV6/missing IFA_ADDRESS)
2023-03-09 07:56:00.228 <ERR> from interface 195:b_f
2023-03-09 07:56:00.228 <ERR> KIF: Malformed message received (IPV6/missing IFA_ADDRESS)
2023-03-09 07:57:00.228 <ERR> from interface 1:lo
2023-03-09 07:57:00.228 <ERR> KIF: Malformed message received (IPV6/missing IFA_ADDRESS)
2023-03-09 07:57:00.228 <ERR> from interface 193:b_e
2023-03-09 07:57:00.228 <ERR> KIF: Malformed message received (IPV6/missing IFA_ADDRESS)
2023-03-09 07:57:00.228 <ERR> from interface 195:b_f
2023-03-09 07:57:00.228 <ERR> KIF: Malformed message received (IPV6/missing IFA_ADDRESS)
2023-03-09 07:58:00.228 <ERR> from interface 1:lo
2023-03-09 07:58:00.228 <ERR> KIF: Malformed message received (IPV6/missing IFA_ADDRESS)
2023-03-09 07:58:00.228 <ERR> from interface 193:b_e
2023-03-09 07:58:00.228 <ERR> KIF: Malformed message received (IPV6/missing IFA_ADDRESS)
2023-03-09 07:58:00.228 <ERR> from interface 195:b_f
2023-03-09 07:58:00.228 <ERR> KIF: Malformed message received (IPV6/missing IFA_ADDRESS)
2023-03-09 07:59:00.229 <ERR> from interface 1:lo
2023-03-09 07:59:00.229 <ERR> KIF: Malformed message received (IPV6/missing IFA_ADDRESS)
2023-03-09 07:59:00.229 <ERR> from interface 193:b_e
2023-03-09 07:59:00.229 <ERR> KIF: Malformed message received (IPV6/missing IFA_ADDRESS)
2023-03-09 07:59:00.229 <ERR> from interface 195:b_f
2023-03-09 07:59:00.229 <ERR> KIF: Malformed message received (IPV6/missing IFA_ADDRESS)
2023-03-09 08:00:00.228 <ERR> from interface 1:lo
2023-03-09 08:00:00.228 <ERR> KIF: Malformed message received (IPV6/missing IFA_ADDRESS)
2023-03-09 08:00:00.228 <ERR> from interface 193:b_e
2023-03-09 08:00:00.228 <ERR> KIF: Malformed message received (IPV6/missing IFA_ADDRESS)
2023-03-09 08:00:00.228 <ERR> from interface 195:b_f
2023-03-09 08:00:00.228 <ERR> KIF: Malformed message received (IPV6/missing IFA_ADDRESS)
2023-03-09 08:01:00.228 <ERR> from interface 1:lo
2023-03-09 08:01:00.228 <ERR> KIF: Malformed message received (IPV6/missing IFA_ADDRESS)
2023-03-09 08:01:00.228 <ERR> from interface 193:b_e
2023-03-09 08:01:00.228 <ERR> KIF: Malformed message received (IPV6/missing IFA_ADDRESS)
2023-03-09 08:01:00.228 <ERR> from interface 195:b_f
2023-03-09 08:01:00.228 <ERR> KIF: Malformed message received (IPV6/missing IFA_ADDRESS)
2023-03-09 08:02:00.228 <ERR> from interface 1:lo
2023-03-09 08:02:00.228 <ERR> KIF: Malformed message received (IPV6/missing IFA_ADDRESS)
2023-03-09 08:02:00.228 <ERR> from interface 193:b_e
2023-03-09 08:02:00.228 <ERR> KIF: Malformed message received (IPV6/missing IFA_ADDRESS)
2023-03-09 08:02:00.228 <ERR> from interface 195:b_f
2023-03-09 08:02:00.228 <ERR> KIF: Malformed message received (IPV6/missing IFA_ADDRESS)
2023-03-09 08:03:00.228 <ERR> from interface 1:lo
2023-03-09 08:03:00.228 <ERR> KIF: Malformed message received (IPV6/missing IFA_ADDRESS)
2023-03-09 08:03:00.228 <ERR> from interface 193:b_e
2023-03-09 08:03:00.228 <ERR> KIF: Malformed message received (IPV6/missing IFA_ADDRESS)
2023-03-09 08:03:00.228 <ERR> from interface 195:b_f
2023-03-09 08:03:00.228 <ERR> KIF: Malformed message received (IPV6/missing IFA_ADDRESS)
2023-03-09 08:04:00.228 <ERR> from interface 1:lo
2023-03-09 08:04:00.228 <ERR> KIF: Malformed message received (IPV6/missing IFA_ADDRESS)
2023-03-09 08:04:00.228 <ERR> from interface 193:b_e
2023-03-09 08:04:00.228 <ERR> KIF: Malformed message received (IPV6/missing IFA_ADDRESS)
2023-03-09 08:04:00.228 <ERR> from interface 195:b_f
2023-03-09 08:04:00.228 <ERR> KIF: Malformed message received (IPV6/missing IFA_ADDRESS)
2023-03-09 08:05:00.228 <ERR> from interface 1:lo
2023-03-09 08:05:00.228 <ERR> KIF: Malformed message received (IPV6/missing IFA_ADDRESS)
2023-03-09 08:05:00.228 <ERR> from interface 193:b_e
2023-03-09 08:05:00.228 <ERR> KIF: Malformed message received (IPV6/missing IFA_ADDRESS)
2023-03-09 08:05:00.228 <ERR> from interface 195:b_f
2023-03-09 08:05:00.228 <ERR> KIF: Malformed message received (IPV6/missing IFA_ADDRESS)
2023-03-09 08:06:00.228 <ERR> from interface 1:lo
2023-03-09 08:06:00.228 <ERR> KIF: Malformed message received (IPV6/missing IFA_ADDRESS)
2023-03-09 08:06:00.228 <ERR> from interface 193:b_e
2023-03-09 08:06:00.228 <ERR> KIF: Malformed message received (IPV6/missing IFA_ADDRESS)
2023-03-09 08:06:00.228 <ERR> from interface 195:b_f
2023-03-09 08:06:00.228 <ERR> KIF: Malformed message received (IPV6/missing IFA_ADDRESS)
2023-03-09 08:07:00.228 <ERR> from interface 1:lo
2023-03-09 08:07:00.228 <ERR> KIF: Malformed message received (IPV6/missing IFA_ADDRESS)
2023-03-09 08:07:00.228 <ERR> from interface 193:b_e
2023-03-09 08:07:00.228 <ERR> KIF: Malformed message received (IPV6/missing IFA_ADDRESS)
2023-03-09 08:07:00.228 <ERR> from interface 195:b_f
2023-03-09 08:07:00.228 <ERR> KIF: Malformed message received (IPV6/missing IFA_ADDRESS)
2023-03-09 08:08:00.228 <ERR> from interface 1:lo
2023-03-09 08:08:00.228 <ERR> KIF: Malformed message received (IPV6/missing IFA_ADDRESS)
2023-03-09 08:08:00.228 <ERR> from interface 193:b_e
2023-03-09 08:08:00.228 <ERR> KIF: Malformed message received (IPV6/missing IFA_ADDRESS)
2023-03-09 08:08:00.228 <ERR> from interface 195:b_f
2023-03-09 08:08:00.228 <ERR> KIF: Malformed message received (IPV6/missing IFA_ADDRESS)
2023-03-09 08:09:00.228 <ERR> from interface 1:lo
2023-03-09 08:09:00.228 <ERR> KIF: Malformed message received (IPV6/missing IFA_ADDRESS)
2023-03-09 08:09:00.228 <ERR> from interface 193:b_e
2023-03-09 08:09:00.228 <ERR> KIF: Malformed message received (IPV6/missing IFA_ADDRESS)
2023-03-09 08:09:00.228 <ERR> from interface 195:b_f
2023-03-09 08:09:00.228 <ERR> KIF: Malformed message received (IPV6/missing IFA_ADDRESS)
2023-03-09 08:10:00.228 <ERR> from interface 1:lo
2023-03-09 08:10:00.228 <ERR> KIF: Malformed message received (IPV6/missing IFA_ADDRESS)
2023-03-09 08:10:00.228 <ERR> from interface 193:b_e
2023-03-09 08:10:00.228 <ERR> KIF: Malformed message received (IPV6/missing IFA_ADDRESS)
2023-03-09 08:10:00.228 <ERR> from interface 195:b_f
2023-03-09 08:10:00.228 <ERR> KIF: Malformed message received (IPV6/missing IFA_ADDRESS)
2023-03-09 08:11:00.228 <ERR> from interface 1:lo
2023-03-09 08:11:00.228 <ERR> KIF: Malformed message received (IPV6/missing IFA_ADDRESS)
2023-03-09 08:11:00.228 <ERR> from interface 193:b_e
2023-03-09 08:11:00.228 <ERR> KIF: Malformed message received (IPV6/missing IFA_ADDRESS)
2023-03-09 08:11:00.228 <ERR> from interface 195:b_f
2023-03-09 08:11:00.228 <ERR> KIF: Malformed message received (IPV6/missing IFA_ADDRESS)
2023-03-09 08:12:00.228 <ERR> from interface 1:lo
2023-03-09 08:12:00.228 <ERR> KIF: Malformed message received (IPV6/missing IFA_ADDRESS)
2023-03-09 08:12:00.228 <ERR> from interface 193:b_e
2023-03-09 08:12:00.228 <ERR> KIF: Malformed message received (IPV6/missing IFA_ADDRESS)
2023-03-09 08:12:00.228 <ERR> from interface 195:b_f
2023-03-09 08:12:00.228 <ERR> KIF: Malformed message received (IPV6/missing IFA_ADDRESS)
2023-03-09 08:13:00.227 <ERR> from interface 1:lo
2023-03-09 08:13:00.227 <ERR> KIF: Malformed message received (IPV6/missing IFA_ADDRESS)
2023-03-09 08:13:00.227 <ERR> from interface 193:b_e
2023-03-09 08:13:00.227 <ERR> KIF: Malformed message received (IPV6/missing IFA_ADDRESS)
2023-03-09 08:13:00.227 <ERR> from interface 195:b_f
2023-03-09 08:13:00.227 <ERR> KIF: Malformed message received (IPV6/missing IFA_ADDRESS)
2023-03-09 08:14:00.228 <ERR> from interface 1:lo
2023-03-09 08:14:00.228 <ERR> KIF: Malformed message received (IPV6/missing IFA_ADDRESS)
2023-03-09 08:14:00.228 <ERR> from interface 193:b_e
2023-03-09 08:14:00.228 <ERR> KIF: Malformed message received (IPV6/missing IFA_ADDRESS)
2023-03-09 08:14:00.228 <ERR> from interface 195:b_f
2023-03-09 08:14:00.228 <ERR> KIF: Malformed message received (IPV6/missing IFA_ADDRESS)
