2023-03-20 02:21:38.444 <TRACE> savnet_fa: Initializing
2023-03-20 02:21:38.444 <TRACE> savnet_fb: Initializing
2023-03-20 02:21:38.444 <ERR> from interface 1:lo
2023-03-20 02:21:38.444 <ERR> KIF: Malformed message received (IPV6/missing IFA_ADDRESS)
2023-03-20 02:21:38.444 <ERR> from interface 480:f_a
2023-03-20 02:21:38.444 <ERR> KIF: Malformed message received (IPV6/missing IFA_ADDRESS)
2023-03-20 02:21:38.444 <ERR> from interface 486:f_b
2023-03-20 02:21:38.444 <ERR> KIF: Malformed message received (IPV6/missing IFA_ADDRESS)
2023-03-20 02:21:38.444 <TRACE> savnet_fa: Starting
2023-03-20 02:21:38.444 <DBG> link [savnet_fa] meta sent
2023-03-20 02:21:38.444 <TRACE> savnet_fa: Protocol state changed to start
2023-03-20 02:21:38.444 <TRACE> savnet_fb: Starting
2023-03-20 02:21:38.444 <DBG> link [savnet_fb] meta sent
2023-03-20 02:21:38.444 <TRACE> savnet_fb: Protocol state changed to start
2023-03-20 02:21:38.444 <INFO> Started
BGP: Got lock
2023-03-20 02:21:38.450 <TRACE> savnet_fb: Started
2023-03-20 02:21:38.450 <TRACE> savnet_fb: Connect delayed by 5 seconds
BGP: Got lock
2023-03-20 02:21:38.450 <TRACE> savnet_fa: Started
2023-03-20 02:21:38.450 <TRACE> savnet_fa: Connect delayed by 5 seconds
BGP: connect_timeout
BGP: Closing connection
BGP: Connecting
2023-03-20 02:21:42.424 <TRACE> savnet_fa: Connecting to 10.0.2.1 from local address 10.0.2.2
BGP: Waiting for connect success
2023-03-20 02:21:42.424 <TRACE> savnet_fa: Connected
BGP: Sending open
2023-03-20 02:21:42.424 <TRACE> savnet_fa: Sending OPEN(ver=4,as=65505,hold=240,id=0a000202)
2023-03-20 02:21:42.424 <TRACE> savnet_fa: Sending OPEN content Capability Code: 1, AFI: 1,SAFI: 1
2023-03-20 02:21:42.424 <TRACE> savnet_fa: Got OPEN(as=65501,hold=240,id=10.0.1.1)
2023-03-20 02:21:42.424 <TRACE> savnet_fa: Got OPEN content Capability Code: 1, AFI: 1, SAFI: 1
2023-03-20 02:21:42.424 <TRACE> savnet_fa: Sending KEEPALIVE
2023-03-20 02:21:42.424 <TRACE> savnet_fa: Got KEEPALIVE
2023-03-20 02:21:42.424 <TRACE> savnet_fa: BGP session established
2023-03-20 02:21:42.424 <TRACE> savnet_fa: Protocol state changed to up
2023-03-20 02:21:42.424 <DBG> link [savnet_fa] up sent
2023-03-20 02:21:42.426 <TRACE> savnet_fa.savnet4 < filtered out 192.168.6.0/24 0L 4G blackhole
2023-03-20 02:21:42.426 <TRACE> savnet_fa.savnet4 < filtered out 192.168.7.0/24 0L 4G blackhole
2023-03-20 02:21:42.426 <TRACE> savnet_fa.savnet4 < filtered out 10.0.6.0/24 486L 6G unicast
2023-03-20 02:21:42.426 <TRACE> savnet_fa.savnet4 < filtered out 10.0.2.0/24 480L 5G unicast
2023-03-20 02:21:42.426 <TRACE> savnet_fa.ipv4 < added 192.168.6.0/24 0L 4G blackhole
2023-03-20 02:21:42.426 <TRACE> savnet_fa.ipv4 < added 192.168.7.0/24 0L 4G blackhole
2023-03-20 02:21:42.426 <TRACE> savnet_fa.ipv4 < added 10.0.6.0/24 486L 6G unicast
2023-03-20 02:21:42.426 <TRACE> savnet_fa.ipv4 < added 10.0.2.0/24 480L 5G unicast
2023-03-20 02:21:42.604 <TRACE> savnet_fa: Got UPDATE
2023-03-20 02:21:42.604 <DBG> 
ip_unreach_len: 0
ip_reach_len: 0
2023-03-20 02:21:42.604 <DBG> 
mp_reach_len: 0
mp_unreach_len: 0
2023-03-20 02:21:42.604 <TRACE> savnet_fa: Got END-OF-RIB
2023-03-20 02:21:42.604 <DBG> BGP UPDATE PROCESSING FINISHED
2023-03-20 02:21:42.604 <TRACE> savnet_fa: Got UPDATE
2023-03-20 02:21:42.604 <DBG> 
ip_unreach_len: 0
ip_reach_len: 12
2023-03-20 02:21:42.604 <DBG> 
mp_reach_len: 0
mp_unreach_len: 0
2023-03-20 02:21:42.604 <TRACE> savnet_fa.ipv4 > added [best] 192.168.1.0/24 0L 7G unicast
2023-03-20 02:21:42.604 <TRACE> savnet_fa.savnet4 < rejected by protocol 192.168.1.0/24 0L 7G unicast
2023-03-20 02:21:42.604 <TRACE> savnet_fa.ipv4 < rejected by protocol 192.168.1.0/24 0L 7G unicast
2023-03-20 02:21:42.604 <TRACE> savnet_fa.ipv4 > added [best] 10.0.1.0/24 0L 7G unicast
2023-03-20 02:21:42.604 <TRACE> savnet_fa.savnet4 < rejected by protocol 10.0.1.0/24 0L 7G unicast
2023-03-20 02:21:42.604 <TRACE> savnet_fa.ipv4 < rejected by protocol 10.0.1.0/24 0L 7G unicast
2023-03-20 02:21:42.604 <TRACE> savnet_fa.ipv4 > added 10.0.2.0/24 0L 7G unicast
2023-03-20 02:21:42.604 <DBG> BGP UPDATE PROCESSING FINISHED
2023-03-20 02:21:42.604 <DBG> Sent to SavAgent:{"msg_type":"bgp_update"
,"msg":{
      "neighbor_as":"65501"
    ,"interface_name":"f_a"
    ,"interface_index":"0"
    ,"protocol_name":"savnet_fa"
    ,"as_path":"65501"
    ,"sav_origin":""
    ,"routes":""
    ,"sav_scope":""
    ,"sav_nlri":""    }}
2023-03-20 02:21:42.604 <TRACE> savnet_fa: Got UPDATE
2023-03-20 02:21:42.604 <DBG> 
ip_unreach_len: 0
ip_reach_len: 0
2023-03-20 02:21:42.604 <DBG> 
mp_reach_len: 0
mp_unreach_len: 0
2023-03-20 02:21:42.604 <TRACE> savnet_fa: Got END-OF-RIB
2023-03-20 02:21:42.604 <DBG> BGP UPDATE PROCESSING FINISHED
2023-03-20 02:21:42.605 <TRACE> savnet_fa: Sending END-OF-RIB
2023-03-20 02:21:42.605 <TRACE> savnet_fa: Sending UPDATE
2023-03-20 02:21:42.605 <TRACE> savnet_fa: Sending END-OF-RIB
2023-03-20 02:21:42.609 <DBG> call_agent
2023-03-20 02:21:42.609 <DBG> SavAgent reply {
  "code": "2000",
  "data": {
    "as_path": "2,1,0,0,255,225",
    "as_path_len": 6,
    "is_interior": 1,
    "next_hop": "4,10,0,2,2",
    "nlri_len": 8,
    "protocol_name": "savnet_fa",
    "sav_nlri": "24,192,168,6,24,192,168,7",
    "sav_origin": "0,0,255,225",
    "sav_scope": "1,1,0,0,255,221",
    "withdraws": "0,0"
  },
  "message": "success"
}

2023-03-20 02:21:42.609 <DBG> inserting 0,0
2023-03-20 02:21:42.609 <DBG> inserting 4,10,0,2,2
2023-03-20 02:21:42.609 <DBG> inserting 0,0,255,225
2023-03-20 02:21:42.609 <DBG> inserting 1,1,0,0,255,221
2023-03-20 02:21:42.609 <DBG> inserting 24,192,168,6,24,192,168,7
2023-03-20 02:21:42.609 <DBG> inserting 2,1,0,0,255,225
2023-03-20 02:21:42.609 <DBG> savnet update packet assembled
2023-03-20 02:21:42.609 <DBG> packet len 67
2023-03-20 02:21:42.609 <DBG> call agent send result, 1
2023-03-20 02:21:42.617 <TRACE> savnet_fa: Got UPDATE
2023-03-20 02:21:42.617 <DBG> 
ip_unreach_len: 0
ip_reach_len: 0
2023-03-20 02:21:42.617 <DBG> 
mp_reach_len: 14
mp_unreach_len: 0
2023-03-20 02:21:42.617 <DBG> bgp_decode_nlri_savnet4 len: 14
2023-03-20 02:21:42.617 <DBG> s->sav_origin: [65501]
2023-03-20 02:21:42.617 <DBG> s->sav_scope: [1,1,65505]
2023-03-20 02:21:42.617 <DBG> s->sav_nlri: [24,192,168,1]
2023-03-20 02:21:42.617 <DBG> BGP UPDATE PROCESSING FINISHED
2023-03-20 02:21:42.617 <DBG> Sent to SavAgent:{"msg_type":"bgp_update"
,"msg":{
      "neighbor_as":"65501"
    ,"interface_name":"f_a"
    ,"interface_index":"0"
    ,"protocol_name":"savnet_fa"
    ,"as_path":"65501"
    ,"sav_origin":"65501"
    ,"routes":""
    ,"sav_scope":"1,1,65505"
    ,"sav_nlri":"24,192,168,1"    }}
BGP: connect_timeout
BGP: Closing connection
BGP: Connecting
2023-03-20 02:21:42.893 <TRACE> savnet_fb: Connecting to 10.0.6.1 from local address 10.0.6.2
BGP: Waiting for connect success
2023-03-20 02:21:42.893 <TRACE> savnet_fb: Connected
BGP: Sending open
2023-03-20 02:21:42.893 <TRACE> savnet_fb: Sending OPEN(ver=4,as=65505,hold=240,id=0a000202)
2023-03-20 02:21:42.893 <TRACE> savnet_fb: Sending OPEN content Capability Code: 1, AFI: 1,SAFI: 1
2023-03-20 02:21:42.893 <TRACE> savnet_fb: Got OPEN(as=65504,hold=240,id=10.0.1.2)
2023-03-20 02:21:42.893 <TRACE> savnet_fb: Got OPEN content Capability Code: 1, AFI: 1, SAFI: 1
2023-03-20 02:21:42.893 <TRACE> savnet_fb: Sending KEEPALIVE
2023-03-20 02:21:42.895 <TRACE> savnet_fb: Got KEEPALIVE
2023-03-20 02:21:42.895 <TRACE> savnet_fb: BGP session established
2023-03-20 02:21:42.895 <TRACE> savnet_fb: Protocol state changed to up
2023-03-20 02:21:42.895 <DBG> link [savnet_fb] up sent
2023-03-20 02:21:42.897 <TRACE> savnet_fb.savnet4 < filtered out 192.168.6.0/24 0L 4G blackhole
2023-03-20 02:21:42.897 <TRACE> savnet_fb.savnet4 < filtered out 192.168.7.0/24 0L 4G blackhole
2023-03-20 02:21:42.897 <TRACE> savnet_fb.savnet4 < filtered out 10.0.6.0/24 486L 6G unicast
2023-03-20 02:21:42.897 <TRACE> savnet_fb.savnet4 < filtered out 192.168.1.0/24 0L 7G unicast
2023-03-20 02:21:42.897 <TRACE> savnet_fb.savnet4 < filtered out 10.0.1.0/24 0L 7G unicast
2023-03-20 02:21:42.897 <TRACE> savnet_fb.savnet4 < filtered out 10.0.2.0/24 480L 5G unicast
2023-03-20 02:21:42.897 <TRACE> savnet_fb.ipv4 < added 192.168.6.0/24 0L 4G blackhole
2023-03-20 02:21:42.897 <TRACE> savnet_fb.ipv4 < added 192.168.7.0/24 0L 4G blackhole
2023-03-20 02:21:42.897 <TRACE> savnet_fb.ipv4 < added 10.0.6.0/24 486L 6G unicast
2023-03-20 02:21:42.897 <TRACE> savnet_fb.ipv4 < added 192.168.1.0/24 0L 7G unicast
2023-03-20 02:21:42.897 <TRACE> savnet_fb.ipv4 < added 10.0.1.0/24 0L 7G unicast
2023-03-20 02:21:42.897 <TRACE> savnet_fb.ipv4 < added 10.0.2.0/24 480L 5G unicast
2023-03-20 02:21:43.243 <TRACE> savnet_fb: Got UPDATE
2023-03-20 02:21:43.243 <DBG> 
ip_unreach_len: 0
ip_reach_len: 0
2023-03-20 02:21:43.243 <DBG> 
mp_reach_len: 0
mp_unreach_len: 0
2023-03-20 02:21:43.243 <TRACE> savnet_fb: Got END-OF-RIB
2023-03-20 02:21:43.243 <DBG> BGP UPDATE PROCESSING FINISHED
2023-03-20 02:21:43.243 <TRACE> savnet_fb: Sending END-OF-RIB
2023-03-20 02:21:43.243 <TRACE> savnet_fb: Sending UPDATE
2023-03-20 02:21:43.243 <TRACE> savnet_fb: Sending UPDATE
2023-03-20 02:21:43.243 <TRACE> savnet_fb: Sending END-OF-RIB
2023-03-20 02:21:43.243 <TRACE> ...
2023-03-20 02:21:43.243 <DBG> 
ip_unreach_len: 0
ip_reach_len: 20
2023-03-20 02:21:43.243 <DBG> 
mp_reach_len: 0
mp_unreach_len: 0
2023-03-20 02:21:43.243 <TRACE> savnet_fb.ipv4 > added [best] 192.168.5.0/24 0L 8G unicast
2023-03-20 02:21:43.243 <TRACE> savnet_fa.savnet4 < filtered out 192.168.5.0/24 0L 8G unicast
2023-03-20 02:21:43.243 <TRACE> savnet_fa.ipv4 < added 192.168.5.0/24 0L 8G unicast
2023-03-20 02:21:43.243 <TRACE> savnet_fb.savnet4 < rejected by protocol 192.168.5.0/24 0L 8G unicast
2023-03-20 02:21:43.243 <TRACE> savnet_fb.ipv4 < rejected by protocol 192.168.5.0/24 0L 8G unicast
2023-03-20 02:21:43.243 <TRACE> savnet_fb.ipv4 > added [best] 10.0.4.0/24 0L 8G unicast
2023-03-20 02:21:43.243 <TRACE> savnet_fa.savnet4 < filtered out 10.0.4.0/24 0L 8G unicast
2023-03-20 02:21:43.243 <TRACE> savnet_fa.ipv4 < added 10.0.4.0/24 0L 8G unicast
2023-03-20 02:21:43.243 <TRACE> savnet_fb.savnet4 < rejected by protocol 10.0.4.0/24 0L 8G unicast
2023-03-20 02:21:43.243 <TRACE> savnet_fb.ipv4 < rejected by protocol 10.0.4.0/24 0L 8G unicast
2023-03-20 02:21:43.243 <TRACE> savnet_fb.ipv4 > added [best] 10.0.5.0/24 0L 8G unicast
2023-03-20 02:21:43.243 <TRACE> savnet_fa.savnet4 < filtered out 10.0.5.0/24 0L 8G unicast
2023-03-20 02:21:43.243 <TRACE> savnet_fa.ipv4 < added 10.0.5.0/24 0L 8G unicast
2023-03-20 02:21:43.243 <TRACE> savnet_fb.savnet4 < rejected by protocol 10.0.5.0/24 0L 8G unicast
2023-03-20 02:21:43.243 <TRACE> savnet_fb.ipv4 < rejected by protocol 10.0.5.0/24 0L 8G unicast
2023-03-20 02:21:43.243 <TRACE> savnet_fb.ipv4 > added 10.0.6.0/24 0L 8G unicast
2023-03-20 02:21:43.243 <TRACE> savnet_fb.ipv4 > added 10.0.1.0/24 0L 8G unicast
2023-03-20 02:21:43.243 <DBG> BGP UPDATE PROCESSING FINISHED
2023-03-20 02:21:43.243 <DBG> Sent to SavAgent:{"msg_type":"bgp_update"
,"msg":{
      "neighbor_as":"65504"
    ,"interface_name":"f_b"
    ,"interface_index":"0"
    ,"protocol_name":"savnet_fb"
    ,"as_path":"65504"
    ,"sav_origin":""
    ,"routes":""
    ,"sav_scope":""
    ,"sav_nlri":""    }}
2023-03-20 02:21:43.243 <DBG> 
ip_unreach_len: 0
ip_reach_len: 8
2023-03-20 02:21:43.243 <DBG> 
mp_reach_len: 0
mp_unreach_len: 0
2023-03-20 02:21:43.243 <TRACE> savnet_fb.ipv4 > added 192.168.1.0/24 0L 8G unicast
2023-03-20 02:21:43.243 <TRACE> savnet_fb.ipv4 > added 10.0.2.0/24 0L 8G unicast
2023-03-20 02:21:43.243 <DBG> BGP UPDATE PROCESSING FINISHED
2023-03-20 02:21:43.243 <DBG> Sent to SavAgent:{"msg_type":"bgp_update"
,"msg":{
      "neighbor_as":"65504"
    ,"interface_name":"f_b"
    ,"interface_index":"0"
    ,"protocol_name":"savnet_fb"
    ,"as_path":"65504,65501"
    ,"sav_origin":""
    ,"routes":""
    ,"sav_scope":""
    ,"sav_nlri":""    }}
2023-03-20 02:21:43.243 <DBG> 
ip_unreach_len: 0
ip_reach_len: 0
2023-03-20 02:21:43.243 <DBG> 
mp_reach_len: 0
mp_unreach_len: 0
2023-03-20 02:21:43.243 <TRACE> savnet_fb: Got END-OF-RIB
2023-03-20 02:21:43.243 <DBG> BGP UPDATE PROCESSING FINISHED
2023-03-20 02:21:43.247 <TRACE> savnet_fa: Sending UPDATE
2023-03-20 02:21:43.250 <DBG> call_agent
2023-03-20 02:21:43.250 <DBG> SavAgent reply {
  "code": "2000",
  "data": {
    "as_path": "2,1,0,0,255,225",
    "as_path_len": 6,
    "is_interior": 1,
    "next_hop": "4,10,0,6,2",
    "nlri_len": 8,
    "protocol_name": "savnet_fb",
    "sav_nlri": "24,192,168,6,24,192,168,7",
    "sav_origin": "0,0,255,225",
    "sav_scope": "1,2,0,0,255,224,0,0,255,221",
    "withdraws": "0,0"
  },
  "message": "success"
}

2023-03-20 02:21:43.250 <DBG> inserting 0,0
2023-03-20 02:21:43.250 <DBG> inserting 4,10,0,6,2
2023-03-20 02:21:43.250 <DBG> inserting 0,0,255,225
2023-03-20 02:21:43.250 <DBG> inserting 1,2,0,0,255,224,0,0,255,221
2023-03-20 02:21:43.250 <DBG> inserting 24,192,168,6,24,192,168,7
2023-03-20 02:21:43.250 <DBG> inserting 2,1,0,0,255,225
2023-03-20 02:21:43.250 <DBG> savnet update packet assembled
2023-03-20 02:21:43.250 <DBG> packet len 71
2023-03-20 02:21:43.250 <DBG> call agent send result, 1
2023-03-20 02:21:43.253 <DBG> 
ip_unreach_len: 0
ip_reach_len: 0
2023-03-20 02:21:43.253 <DBG> 
mp_reach_len: 18
mp_unreach_len: 0
2023-03-20 02:21:43.253 <DBG> bgp_decode_nlri_savnet4 len: 18
2023-03-20 02:21:43.253 <DBG> s->sav_origin: [65504]
2023-03-20 02:21:43.253 <DBG> s->sav_scope: [1,2,65505,65501]
2023-03-20 02:21:43.253 <DBG> s->sav_nlri: [24,192,168,5]
2023-03-20 02:21:43.253 <DBG> BGP UPDATE PROCESSING FINISHED
2023-03-20 02:21:43.253 <DBG> Sent to SavAgent:{"msg_type":"bgp_update"
,"msg":{
      "neighbor_as":"65504"
    ,"interface_name":"f_b"
    ,"interface_index":"0"
    ,"protocol_name":"savnet_fb"
    ,"as_path":"65504"
    ,"sav_origin":"65504"
    ,"routes":""
    ,"sav_scope":"1,2,65505,65501"
    ,"sav_nlri":"24,192,168,5"    }}
2023-03-20 02:21:43.256 <DBG> 
ip_unreach_len: 0
ip_reach_len: 0
2023-03-20 02:21:43.256 <DBG> 
mp_reach_len: 18
mp_unreach_len: 0
2023-03-20 02:21:43.256 <DBG> bgp_decode_nlri_savnet4 len: 18
2023-03-20 02:21:43.256 <DBG> s->sav_origin: [65501]
2023-03-20 02:21:43.256 <DBG> s->sav_scope: [1,2,65505,65504]
2023-03-20 02:21:43.256 <DBG> s->sav_nlri: [24,192,168,1]
2023-03-20 02:21:43.256 <DBG> BGP UPDATE PROCESSING FINISHED
2023-03-20 02:21:43.256 <DBG> Sent to SavAgent:{"msg_type":"bgp_update"
,"msg":{
      "neighbor_as":"65501"
    ,"interface_name":"f_a"
    ,"interface_index":"0"
    ,"protocol_name":"savnet_fa"
    ,"as_path":"65501"
    ,"sav_origin":"65501"
    ,"routes":""
    ,"sav_scope":"1,2,65505,65504"
    ,"sav_nlri":"24,192,168,1"    }}
2023-03-20 02:21:43.258 <DBG> 
ip_unreach_len: 0
ip_reach_len: 12
2023-03-20 02:21:43.258 <DBG> 
mp_reach_len: 0
mp_unreach_len: 0
2023-03-20 02:21:43.258 <TRACE> savnet_fb.ipv4 > added [best] 10.0.7.0/24 0L 8G unicast
2023-03-20 02:21:43.258 <TRACE> savnet_fa.savnet4 < filtered out 10.0.7.0/24 0L 8G unicast
2023-03-20 02:21:43.258 <TRACE> savnet_fa.ipv4 < added 10.0.7.0/24 0L 8G unicast
2023-03-20 02:21:43.258 <TRACE> savnet_fb.savnet4 < rejected by protocol 10.0.7.0/24 0L 8G unicast
2023-03-20 02:21:43.258 <TRACE> savnet_fb.ipv4 < rejected by protocol 10.0.7.0/24 0L 8G unicast
2023-03-20 02:21:43.258 <TRACE> savnet_fb.ipv4 > added [best] 192.168.2.0/24 0L 8G unicast
2023-03-20 02:21:43.258 <TRACE> savnet_fa.savnet4 < filtered out 192.168.2.0/24 0L 8G unicast
2023-03-20 02:21:43.258 <TRACE> savnet_fa.ipv4 < added 192.168.2.0/24 0L 8G unicast
2023-03-20 02:21:43.258 <TRACE> savnet_fb.savnet4 < rejected by protocol 192.168.2.0/24 0L 8G unicast
2023-03-20 02:21:43.258 <TRACE> savnet_fb.ipv4 < rejected by protocol 192.168.2.0/24 0L 8G unicast
2023-03-20 02:21:43.258 <TRACE> savnet_fb.ipv4 > added [best] 192.168.3.0/24 0L 8G unicast
2023-03-20 02:21:43.258 <TRACE> savnet_fa.savnet4 < filtered out 192.168.3.0/24 0L 8G unicast
2023-03-20 02:21:43.258 <TRACE> savnet_fa.ipv4 < added 192.168.3.0/24 0L 8G unicast
2023-03-20 02:21:43.258 <TRACE> savnet_fb.savnet4 < rejected by protocol 192.168.3.0/24 0L 8G unicast
2023-03-20 02:21:43.258 <TRACE> savnet_fb.ipv4 < rejected by protocol 192.168.3.0/24 0L 8G unicast
2023-03-20 02:21:43.258 <DBG> BGP UPDATE PROCESSING FINISHED
2023-03-20 02:21:43.258 <DBG> Sent to SavAgent:{"msg_type":"bgp_update"
,"msg":{
      "neighbor_as":"65504"
    ,"interface_name":"f_b"
    ,"interface_index":"0"
    ,"protocol_name":"savnet_fb"
    ,"as_path":"65504,65502"
    ,"sav_origin":""
    ,"routes":""
    ,"sav_scope":""
    ,"sav_nlri":""    }}
2023-03-20 02:21:43.258 <DBG> 
ip_unreach_len: 0
ip_reach_len: 4
2023-03-20 02:21:43.258 <DBG> 
mp_reach_len: 0
mp_unreach_len: 0
2023-03-20 02:21:43.258 <TRACE> savnet_fb.ipv4 > added [best] 192.168.4.0/24 0L 8G unicast
2023-03-20 02:21:43.258 <TRACE> savnet_fa.savnet4 < filtered out 192.168.4.0/24 0L 8G unicast
2023-03-20 02:21:43.258 <TRACE> savnet_fa.ipv4 < added 192.168.4.0/24 0L 8G unicast
2023-03-20 02:21:43.258 <TRACE> savnet_fb.savnet4 < rejected by protocol 192.168.4.0/24 0L 8G unicast
2023-03-20 02:21:43.258 <TRACE> savnet_fb.ipv4 < rejected by protocol 192.168.4.0/24 0L 8G unicast
2023-03-20 02:21:43.258 <DBG> BGP UPDATE PROCESSING FINISHED
2023-03-20 02:21:43.258 <DBG> Sent to SavAgent:{"msg_type":"bgp_update"
,"msg":{
      "neighbor_as":"65504"
    ,"interface_name":"f_b"
    ,"interface_index":"0"
    ,"protocol_name":"savnet_fb"
    ,"as_path":"65504,65502,65503"
    ,"sav_origin":""
    ,"routes":""
    ,"sav_scope":""
    ,"sav_nlri":""    }}
2023-03-20 02:21:43.261 <TRACE> savnet_fa: Sending UPDATE
2023-03-20 02:21:43.261 <TRACE> ...
2023-03-20 02:21:43.268 <DBG> call_agent
2023-03-20 02:21:43.268 <DBG> SavAgent reply {
  "code": "2000",
  "data": {
    "as_path": "2,2,0,0,255,224,0,0,255,225",
    "as_path_len": 10,
    "is_interior": 1,
    "next_hop": "4,10,0,2,2",
    "nlri_len": 4,
    "protocol_name": "savnet_fa",
    "sav_nlri": "24,192,168,5",
    "sav_origin": "0,0,255,224",
    "sav_scope": "1,1,0,0,255,221",
    "withdraws": "0,0"
  },
  "message": "success"
}

2023-03-20 02:21:43.268 <DBG> inserting 0,0
2023-03-20 02:21:43.268 <DBG> inserting 4,10,0,2,2
2023-03-20 02:21:43.268 <DBG> inserting 0,0,255,224
2023-03-20 02:21:43.268 <DBG> inserting 1,1,0,0,255,221
2023-03-20 02:21:43.268 <DBG> inserting 24,192,168,5
2023-03-20 02:21:43.268 <DBG> inserting 2,2,0,0,255,224,0,0,255,225
2023-03-20 02:21:43.268 <DBG> savnet update packet assembled
2023-03-20 02:21:43.268 <DBG> packet len 67
2023-03-20 02:21:43.268 <DBG> call agent send result, 1
2023-03-20 02:21:43.270 <DBG> 
ip_unreach_len: 0
ip_reach_len: 0
2023-03-20 02:21:43.270 <DBG> 
mp_reach_len: 26
mp_unreach_len: 0
2023-03-20 02:21:43.270 <DBG> bgp_decode_nlri_savnet4 len: 26
2023-03-20 02:21:43.270 <DBG> s->sav_origin: [65501]
2023-03-20 02:21:43.270 <DBG> s->sav_scope: [1,4,65505,65504,65502,65503]
2023-03-20 02:21:43.270 <DBG> s->sav_nlri: [24,192,168,1]
2023-03-20 02:21:43.270 <DBG> BGP UPDATE PROCESSING FINISHED
2023-03-20 02:21:43.270 <DBG> Sent to SavAgent:{"msg_type":"bgp_update"
,"msg":{
      "neighbor_as":"65501"
    ,"interface_name":"f_a"
    ,"interface_index":"0"
    ,"protocol_name":"savnet_fa"
    ,"as_path":"65501"
    ,"sav_origin":"65501"
    ,"routes":""
    ,"sav_scope":"1,4,65505,65504,65502,65503"
    ,"sav_nlri":"24,192,168,1"    }}
2023-03-20 02:21:43.274 <DBG> call_agent
2023-03-20 02:21:43.274 <DBG> SavAgent reply {
  "code": "2000",
  "data": {
    "as_path": "2,2,0,0,255,221,0,0,255,225",
    "as_path_len": 10,
    "is_interior": 1,
    "next_hop": "4,10,0,6,2",
    "nlri_len": 4,
    "protocol_name": "savnet_fb",
    "sav_nlri": "24,192,168,1",
    "sav_origin": "0,0,255,221",
    "sav_scope": "1,1,0,0,255,224",
    "withdraws": "0,0"
  },
  "message": "success"
}

2023-03-20 02:21:43.274 <DBG> inserting 0,0
2023-03-20 02:21:43.274 <DBG> inserting 4,10,0,6,2
2023-03-20 02:21:43.274 <DBG> inserting 0,0,255,221
2023-03-20 02:21:43.274 <DBG> inserting 1,1,0,0,255,224
2023-03-20 02:21:43.274 <DBG> inserting 24,192,168,1
2023-03-20 02:21:43.274 <DBG> inserting 2,2,0,0,255,221,0,0,255,225
2023-03-20 02:21:43.274 <DBG> savnet update packet assembled
2023-03-20 02:21:43.274 <DBG> packet len 67
2023-03-20 02:21:43.274 <DBG> call agent send result, 1
2023-03-20 02:21:43.279 <DBG> call_agent
2023-03-20 02:21:43.279 <DBG> SavAgent reply {
  "code": "2000",
  "data": {
    "as_path": "2,1,0,0,255,225",
    "as_path_len": 6,
    "is_interior": 1,
    "next_hop": "4,10,0,6,2",
    "nlri_len": 8,
    "protocol_name": "savnet_fb",
    "sav_nlri": "24,192,168,6,24,192,168,7",
    "sav_origin": "0,0,255,225",
    "sav_scope": "1,3,0,0,255,224,0,0,255,222,0,0,255,223",
    "withdraws": "0,0"
  },
  "message": "success"
}

2023-03-20 02:21:43.279 <DBG> inserting 0,0
2023-03-20 02:21:43.279 <DBG> inserting 4,10,0,6,2
2023-03-20 02:21:43.279 <DBG> inserting 0,0,255,225
2023-03-20 02:21:43.279 <DBG> inserting 1,3,0,0,255,224,0,0,255,222,0,0,255,223
2023-03-20 02:21:43.279 <DBG> inserting 24,192,168,6,24,192,168,7
2023-03-20 02:21:43.279 <DBG> inserting 2,1,0,0,255,225
2023-03-20 02:21:43.279 <DBG> savnet update packet assembled
2023-03-20 02:21:43.279 <DBG> packet len 75
2023-03-20 02:21:43.279 <DBG> call agent send result, 1
2023-03-20 02:21:43.286 <DBG> call_agent
2023-03-20 02:21:43.286 <DBG> SavAgent reply {
  "code": "2000",
  "data": {
    "as_path": "2,2,0,0,255,221,0,0,255,225",
    "as_path_len": 10,
    "is_interior": 1,
    "next_hop": "4,10,0,6,2",
    "nlri_len": 4,
    "protocol_name": "savnet_fb",
    "sav_nlri": "24,192,168,1",
    "sav_origin": "0,0,255,221",
    "sav_scope": "1,3,0,0,255,224,0,0,255,222,0,0,255,223",
    "withdraws": "0,0"
  },
  "message": "success"
}

2023-03-20 02:21:43.286 <DBG> inserting 0,0
2023-03-20 02:21:43.286 <DBG> inserting 4,10,0,6,2
2023-03-20 02:21:43.286 <DBG> inserting 0,0,255,221
2023-03-20 02:21:43.286 <DBG> inserting 1,3,0,0,255,224,0,0,255,222,0,0,255,223
2023-03-20 02:21:43.286 <DBG> inserting 24,192,168,1
2023-03-20 02:21:43.286 <DBG> inserting 2,2,0,0,255,221,0,0,255,225
2023-03-20 02:21:43.286 <DBG> savnet update packet assembled
2023-03-20 02:21:43.286 <DBG> packet len 75
2023-03-20 02:21:43.286 <DBG> call agent send result, 1
2023-03-20 02:21:43.297 <DBG> 
ip_unreach_len: 0
ip_reach_len: 0
2023-03-20 02:21:43.297 <DBG> 
mp_reach_len: 14
mp_unreach_len: 0
2023-03-20 02:21:43.297 <DBG> bgp_decode_nlri_savnet4 len: 14
2023-03-20 02:21:43.297 <DBG> s->sav_origin: [65501]
2023-03-20 02:21:43.297 <DBG> s->sav_scope: [1,1,65505]
2023-03-20 02:21:43.297 <DBG> s->sav_nlri: [24,192,168,1]
2023-03-20 02:21:43.297 <DBG> BGP UPDATE PROCESSING FINISHED
2023-03-20 02:21:43.297 <DBG> Sent to SavAgent:{"msg_type":"bgp_update"
,"msg":{
      "neighbor_as":"65504"
    ,"interface_name":"f_b"
    ,"interface_index":"0"
    ,"protocol_name":"savnet_fb"
    ,"as_path":"65501,65504"
    ,"sav_origin":"65501"
    ,"routes":""
    ,"sav_scope":"1,1,65505"
    ,"sav_nlri":"24,192,168,1"    }}
2023-03-20 02:21:43.325 <DBG> 
ip_unreach_len: 0
ip_reach_len: 0
2023-03-20 02:21:43.325 <DBG> 
mp_reach_len: 18
mp_unreach_len: 0
2023-03-20 02:21:43.325 <DBG> bgp_decode_nlri_savnet4 len: 18
2023-03-20 02:21:43.325 <DBG> s->sav_origin: [65502]
2023-03-20 02:21:43.325 <DBG> s->sav_scope: [1,1,65505]
2023-03-20 02:21:43.325 <DBG> s->sav_nlri: [24,192,168,2,24,192,168,3]
2023-03-20 02:21:43.325 <DBG> BGP UPDATE PROCESSING FINISHED
2023-03-20 02:21:43.325 <DBG> Sent to SavAgent:{"msg_type":"bgp_update"
,"msg":{
      "neighbor_as":"65504"
    ,"interface_name":"f_b"
    ,"interface_index":"0"
    ,"protocol_name":"savnet_fb"
    ,"as_path":"65502,65504"
    ,"sav_origin":"65502"
    ,"routes":""
    ,"sav_scope":"1,1,65505"
    ,"sav_nlri":"24,192,168,2,24,192,168,3"    }}
2023-03-20 02:21:43.372 <TRACE> savnet_fb: Got UPDATE
2023-03-20 02:21:43.372 <DBG> 
ip_unreach_len: 0
ip_reach_len: 0
2023-03-20 02:21:43.372 <DBG> 
mp_reach_len: 14
mp_unreach_len: 0
2023-03-20 02:21:43.372 <DBG> bgp_decode_nlri_savnet4 len: 14
2023-03-20 02:21:43.372 <DBG> s->sav_origin: [65503]
2023-03-20 02:21:43.372 <DBG> s->sav_scope: [1,1,65505]
2023-03-20 02:21:43.372 <DBG> s->sav_nlri: [24,192,168,4]
2023-03-20 02:21:43.372 <DBG> BGP UPDATE PROCESSING FINISHED
2023-03-20 02:21:43.372 <DBG> Sent to SavAgent:{"msg_type":"bgp_update"
,"msg":{
      "neighbor_as":"65504"
    ,"interface_name":"f_b"
    ,"interface_index":"0"
    ,"protocol_name":"savnet_fb"
    ,"as_path":"65503,65502,65504"
    ,"sav_origin":"65503"
    ,"routes":""
    ,"sav_scope":"1,1,65505"
    ,"sav_nlri":"24,192,168,4"    }}
2023-03-20 02:21:46.462 <TRACE> savnet_fb: Got UPDATE
2023-03-20 02:21:46.462 <DBG> 
ip_unreach_len: 0
ip_reach_len: 4
2023-03-20 02:21:46.462 <DBG> 
mp_reach_len: 0
mp_unreach_len: 0
2023-03-20 02:21:46.462 <TRACE> savnet_fb.ipv4 > added [best] 192.168.4.0/24 0L 8G unicast
2023-03-20 02:21:46.462 <TRACE> savnet_fa.savnet4 < filtered out 192.168.4.0/24 0L 8G unicast
2023-03-20 02:21:46.462 <TRACE> savnet_fa.ipv4 < replaced 192.168.4.0/24 0L 8G unicast
2023-03-20 02:21:46.462 <TRACE> savnet_fb.savnet4 < rejected by protocol 192.168.4.0/24 0L 8G unicast
2023-03-20 02:21:46.462 <TRACE> savnet_fb.ipv4 < rejected by protocol 192.168.4.0/24 0L 8G unicast
2023-03-20 02:21:46.462 <DBG> BGP UPDATE PROCESSING FINISHED
2023-03-20 02:21:46.462 <DBG> Sent to SavAgent:{"msg_type":"bgp_update"
,"msg":{
      "neighbor_as":"65504"
    ,"interface_name":"f_b"
    ,"interface_index":"0"
    ,"protocol_name":"savnet_fb"
    ,"as_path":"65504,65503"
    ,"sav_origin":""
    ,"routes":""
    ,"sav_scope":""
    ,"sav_nlri":""    }}
2023-03-20 02:21:46.464 <TRACE> savnet_fa: Sending UPDATE
2023-03-20 02:21:46.468 <DBG> call_agent
2023-03-20 02:21:46.468 <DBG> SavAgent reply {
  "code": "2000",
  "data": {
    "as_path": "2,1,0,0,255,225",
    "as_path_len": 6,
    "is_interior": 1,
    "next_hop": "4,10,0,6,2",
    "nlri_len": 8,
    "protocol_name": "savnet_fb",
    "sav_nlri": "24,192,168,6,24,192,168,7",
    "sav_origin": "0,0,255,225",
    "sav_scope": "1,2,0,0,255,224,0,0,255,223",
    "withdraws": "0,0"
  },
  "message": "success"
}

2023-03-20 02:21:46.468 <DBG> inserting 0,0
2023-03-20 02:21:46.468 <DBG> inserting 4,10,0,6,2
2023-03-20 02:21:46.468 <DBG> inserting 0,0,255,225
2023-03-20 02:21:46.468 <DBG> inserting 1,2,0,0,255,224,0,0,255,223
2023-03-20 02:21:46.468 <DBG> inserting 24,192,168,6,24,192,168,7
2023-03-20 02:21:46.468 <DBG> inserting 2,1,0,0,255,225
2023-03-20 02:21:46.468 <DBG> savnet update packet assembled
2023-03-20 02:21:46.468 <DBG> packet len 71
2023-03-20 02:21:46.468 <DBG> call agent send result, 1
2023-03-20 02:21:46.471 <TRACE> savnet_fa: Got UPDATE
2023-03-20 02:21:46.471 <DBG> 
ip_unreach_len: 0
ip_reach_len: 0
2023-03-20 02:21:46.471 <DBG> 
mp_reach_len: 22
mp_unreach_len: 0
2023-03-20 02:21:46.471 <DBG> bgp_decode_nlri_savnet4 len: 22
2023-03-20 02:21:46.471 <DBG> s->sav_origin: [65501]
2023-03-20 02:21:46.471 <DBG> s->sav_scope: [1,3,65505,65504,65503]
2023-03-20 02:21:46.471 <DBG> s->sav_nlri: [24,192,168,1]
2023-03-20 02:21:46.471 <DBG> BGP UPDATE PROCESSING FINISHED
2023-03-20 02:21:46.471 <DBG> Sent to SavAgent:{"msg_type":"bgp_update"
,"msg":{
      "neighbor_as":"65501"
    ,"interface_name":"f_a"
    ,"interface_index":"0"
    ,"protocol_name":"savnet_fa"
    ,"as_path":"65501"
    ,"sav_origin":"65501"
    ,"routes":""
    ,"sav_scope":"1,3,65505,65504,65503"
    ,"sav_nlri":"24,192,168,1"    }}
2023-03-20 02:21:46.477 <DBG> call_agent
2023-03-20 02:21:46.477 <DBG> SavAgent reply {
  "code": "2000",
  "data": {
    "as_path": "2,2,0,0,255,221,0,0,255,225",
    "as_path_len": 10,
    "is_interior": 1,
    "next_hop": "4,10,0,6,2",
    "nlri_len": 4,
    "protocol_name": "savnet_fb",
    "sav_nlri": "24,192,168,1",
    "sav_origin": "0,0,255,221",
    "sav_scope": "1,2,0,0,255,224,0,0,255,223",
    "withdraws": "0,0"
  },
  "message": "success"
}

2023-03-20 02:21:46.477 <DBG> inserting 0,0
2023-03-20 02:21:46.477 <DBG> inserting 4,10,0,6,2
2023-03-20 02:21:46.477 <DBG> inserting 0,0,255,221
2023-03-20 02:21:46.477 <DBG> inserting 1,2,0,0,255,224,0,0,255,223
2023-03-20 02:21:46.477 <DBG> inserting 24,192,168,1
2023-03-20 02:21:46.477 <DBG> inserting 2,2,0,0,255,221,0,0,255,225
2023-03-20 02:21:46.477 <DBG> savnet update packet assembled
2023-03-20 02:21:46.477 <DBG> packet len 71
2023-03-20 02:21:46.477 <DBG> call agent send result, 1
2023-03-20 02:21:46.515 <TRACE> savnet_fb: Got UPDATE
2023-03-20 02:21:46.515 <DBG> 
ip_unreach_len: 0
ip_reach_len: 0
2023-03-20 02:21:46.515 <DBG> 
mp_reach_len: 18
mp_unreach_len: 0
2023-03-20 02:21:46.515 <DBG> bgp_decode_nlri_savnet4 len: 18
2023-03-20 02:21:46.515 <DBG> s->sav_origin: [65502]
2023-03-20 02:21:46.515 <DBG> s->sav_scope: [1,1,65505]
2023-03-20 02:21:46.515 <DBG> s->sav_nlri: [24,192,168,2,24,192,168,3]
2023-03-20 02:21:46.515 <DBG> BGP UPDATE PROCESSING FINISHED
2023-03-20 02:21:46.515 <DBG> Sent to SavAgent:{"msg_type":"bgp_update"
,"msg":{
      "neighbor_as":"65504"
    ,"interface_name":"f_b"
    ,"interface_index":"0"
    ,"protocol_name":"savnet_fb"
    ,"as_path":"65502,65503,65504"
    ,"sav_origin":"65502"
    ,"routes":""
    ,"sav_scope":"1,1,65505"
    ,"sav_nlri":"24,192,168,2,24,192,168,3"    }}
