2023-03-20 02:21:38.499 <TRACE> savnet_ba: Initializing
2023-03-20 02:21:38.499 <TRACE> savnet_bf: Initializing
2023-03-20 02:21:38.499 <TRACE> savnet_be: Initializing
2023-03-20 02:21:38.499 <TRACE> savnet_bd: Initializing
2023-03-20 02:21:38.499 <ERR> from interface 1:lo
2023-03-20 02:21:38.499 <ERR> KIF: Malformed message received (IPV6/missing IFA_ADDRESS)
2023-03-20 02:21:38.499 <ERR> from interface 478:b_a
2023-03-20 02:21:38.499 <ERR> KIF: Malformed message received (IPV6/missing IFA_ADDRESS)
2023-03-20 02:21:38.499 <ERR> from interface 483:b_d
2023-03-20 02:21:38.499 <ERR> KIF: Malformed message received (IPV6/missing IFA_ADDRESS)
2023-03-20 02:21:38.499 <ERR> from interface 485:b_e
2023-03-20 02:21:38.499 <ERR> KIF: Malformed message received (IPV6/missing IFA_ADDRESS)
2023-03-20 02:21:38.499 <ERR> from interface 487:b_f
2023-03-20 02:21:38.499 <ERR> KIF: Malformed message received (IPV6/missing IFA_ADDRESS)
2023-03-20 02:21:38.499 <TRACE> savnet_ba: Starting
2023-03-20 02:21:38.499 <DBG> link [savnet_ba] meta sent
2023-03-20 02:21:38.499 <TRACE> savnet_ba: Protocol state changed to start
2023-03-20 02:21:38.499 <TRACE> savnet_bf: Starting
2023-03-20 02:21:38.499 <DBG> link [savnet_bf] meta sent
2023-03-20 02:21:38.499 <TRACE> savnet_bf: Protocol state changed to start
2023-03-20 02:21:38.499 <TRACE> savnet_be: Starting
2023-03-20 02:21:38.499 <DBG> link [savnet_be] meta sent
2023-03-20 02:21:38.499 <TRACE> savnet_be: Protocol state changed to start
2023-03-20 02:21:38.499 <TRACE> savnet_bd: Starting
2023-03-20 02:21:38.499 <DBG> link [savnet_bd] meta sent
2023-03-20 02:21:38.499 <TRACE> savnet_bd: Protocol state changed to start
2023-03-20 02:21:38.499 <INFO> Started
BGP: Got lock
2023-03-20 02:21:38.507 <TRACE> savnet_bd: Started
2023-03-20 02:21:38.507 <TRACE> savnet_bd: Connect delayed by 5 seconds
BGP: Got lock
2023-03-20 02:21:38.507 <TRACE> savnet_be: Started
2023-03-20 02:21:38.507 <TRACE> savnet_be: Connect delayed by 5 seconds
BGP: Got lock
2023-03-20 02:21:38.507 <TRACE> savnet_bf: Started
2023-03-20 02:21:38.507 <TRACE> savnet_bf: Connect delayed by 5 seconds
BGP: Got lock
2023-03-20 02:21:38.507 <TRACE> savnet_ba: Started
2023-03-20 02:21:38.507 <TRACE> savnet_ba: Connect delayed by 5 seconds
BGP: connect_timeout
BGP: Closing connection
BGP: Connecting
2023-03-20 02:21:42.603 <TRACE> savnet_ba: Connecting to 10.0.1.1 from local address 10.0.1.2
BGP: Waiting for connect success
2023-03-20 02:21:42.603 <TRACE> savnet_ba: Connected
BGP: Sending open
2023-03-20 02:21:42.603 <TRACE> savnet_ba: Sending OPEN(ver=4,as=65504,hold=240,id=0a000102)
2023-03-20 02:21:42.603 <TRACE> savnet_ba: Sending OPEN content Capability Code: 1, AFI: 1,SAFI: 1
2023-03-20 02:21:42.604 <TRACE> savnet_ba: Got OPEN(as=65501,hold=240,id=10.0.1.1)
2023-03-20 02:21:42.604 <TRACE> savnet_ba: Got OPEN content Capability Code: 1, AFI: 1, SAFI: 1
2023-03-20 02:21:42.604 <TRACE> savnet_ba: Sending KEEPALIVE
2023-03-20 02:21:42.604 <TRACE> savnet_ba: Got KEEPALIVE
2023-03-20 02:21:42.604 <TRACE> savnet_ba: BGP session established
2023-03-20 02:21:42.604 <TRACE> savnet_ba: Protocol state changed to up
2023-03-20 02:21:42.604 <DBG> link [savnet_ba] up sent
2023-03-20 02:21:42.604 <TRACE> savnet_ba: Got UPDATE
2023-03-20 02:21:42.604 <DBG> 
ip_unreach_len: 0
ip_reach_len: 0
2023-03-20 02:21:42.604 <DBG> 
mp_reach_len: 0
mp_unreach_len: 0
2023-03-20 02:21:42.604 <TRACE> savnet_ba: Got END-OF-RIB
2023-03-20 02:21:42.604 <DBG> BGP UPDATE PROCESSING FINISHED
2023-03-20 02:21:42.604 <TRACE> savnet_ba: Got UPDATE
2023-03-20 02:21:42.604 <DBG> 
ip_unreach_len: 0
ip_reach_len: 12
2023-03-20 02:21:42.604 <DBG> 
mp_reach_len: 0
mp_unreach_len: 0
2023-03-20 02:21:42.604 <TRACE> savnet_ba.ipv4 > added [best] 192.168.1.0/24 0L 9G unicast
2023-03-20 02:21:42.604 <TRACE> savnet_ba.savnet4 < rejected by protocol 192.168.1.0/24 0L 9G unicast
2023-03-20 02:21:42.604 <TRACE> savnet_ba.ipv4 < rejected by protocol 192.168.1.0/24 0L 9G unicast
2023-03-20 02:21:42.604 <TRACE> savnet_ba.ipv4 > added 10.0.1.0/24 0L 9G unicast
2023-03-20 02:21:42.604 <TRACE> savnet_ba.ipv4 > added [best] 10.0.2.0/24 0L 9G unicast
2023-03-20 02:21:42.604 <TRACE> savnet_ba.savnet4 < rejected by protocol 10.0.2.0/24 0L 9G unicast
2023-03-20 02:21:42.604 <TRACE> savnet_ba.ipv4 < rejected by protocol 10.0.2.0/24 0L 9G unicast
2023-03-20 02:21:42.604 <DBG> BGP UPDATE PROCESSING FINISHED
2023-03-20 02:21:42.604 <DBG> Sent to SavAgent:{"msg_type":"bgp_update"
,"msg":{
      "neighbor_as":"65501"
    ,"interface_name":"b_a"
    ,"interface_index":"0"
    ,"protocol_name":"savnet_ba"
    ,"as_path":"65501"
    ,"sav_origin":""
    ,"routes":""
    ,"sav_scope":""
    ,"sav_nlri":""    }}
2023-03-20 02:21:42.604 <TRACE> savnet_ba: Got UPDATE
2023-03-20 02:21:42.604 <DBG> 
ip_unreach_len: 0
ip_reach_len: 0
2023-03-20 02:21:42.604 <DBG> 
mp_reach_len: 0
mp_unreach_len: 0
2023-03-20 02:21:42.604 <TRACE> savnet_ba: Got END-OF-RIB
2023-03-20 02:21:42.604 <DBG> BGP UPDATE PROCESSING FINISHED
2023-03-20 02:21:42.607 <TRACE> savnet_ba.savnet4 < filtered out 192.168.5.0/24 0L 4G blackhole
2023-03-20 02:21:42.607 <TRACE> savnet_ba.savnet4 < filtered out 10.0.4.0/24 483L 6G unicast
2023-03-20 02:21:42.607 <TRACE> savnet_ba.savnet4 < filtered out 10.0.5.0/24 485L 7G unicast
2023-03-20 02:21:42.607 <TRACE> savnet_ba.savnet4 < filtered out 10.0.6.0/24 487L 8G unicast
2023-03-20 02:21:42.607 <TRACE> savnet_ba.savnet4 < rejected by protocol 192.168.1.0/24 0L 9G unicast
2023-03-20 02:21:42.607 <TRACE> savnet_ba.savnet4 < filtered out 10.0.1.0/24 478L 5G unicast
2023-03-20 02:21:42.607 <TRACE> savnet_ba.savnet4 < rejected by protocol 10.0.2.0/24 0L 9G unicast
2023-03-20 02:21:42.607 <TRACE> savnet_ba.ipv4 < added 192.168.5.0/24 0L 4G blackhole
2023-03-20 02:21:42.607 <TRACE> savnet_ba.ipv4 < added 10.0.4.0/24 483L 6G unicast
2023-03-20 02:21:42.607 <TRACE> savnet_ba.ipv4 < added 10.0.5.0/24 485L 7G unicast
2023-03-20 02:21:42.607 <TRACE> savnet_ba.ipv4 < added 10.0.6.0/24 487L 8G unicast
2023-03-20 02:21:42.607 <TRACE> savnet_ba.ipv4 < rejected by protocol 192.168.1.0/24 0L 9G unicast
2023-03-20 02:21:42.607 <TRACE> savnet_ba.ipv4 < added 10.0.1.0/24 478L 5G unicast
2023-03-20 02:21:42.607 <TRACE> savnet_ba.ipv4 < rejected by protocol 10.0.2.0/24 0L 9G unicast
2023-03-20 02:21:42.607 <TRACE> savnet_ba: Sending END-OF-RIB
2023-03-20 02:21:42.607 <TRACE> savnet_ba: Sending UPDATE
2023-03-20 02:21:42.607 <TRACE> savnet_ba: Sending END-OF-RIB
2023-03-20 02:21:42.611 <DBG> call_agent
2023-03-20 02:21:42.611 <DBG> SavAgent reply {
  "code": "2000",
  "data": {
    "as_path": "2,1,0,0,255,224",
    "as_path_len": 6,
    "is_interior": 1,
    "next_hop": "4,10,0,1,2",
    "nlri_len": 4,
    "protocol_name": "savnet_ba",
    "sav_nlri": "24,192,168,5",
    "sav_origin": "0,0,255,224",
    "sav_scope": "1,1,0,0,255,221",
    "withdraws": "0,0"
  },
  "message": "success"
}

2023-03-20 02:21:42.611 <DBG> inserting 0,0
2023-03-20 02:21:42.611 <DBG> inserting 4,10,0,1,2
2023-03-20 02:21:42.611 <DBG> inserting 0,0,255,224
2023-03-20 02:21:42.611 <DBG> inserting 1,1,0,0,255,221
2023-03-20 02:21:42.611 <DBG> inserting 24,192,168,5
2023-03-20 02:21:42.611 <DBG> inserting 2,1,0,0,255,224
2023-03-20 02:21:42.611 <DBG> savnet update packet assembled
2023-03-20 02:21:42.611 <DBG> packet len 63
2023-03-20 02:21:42.611 <DBG> call agent send result, 1
2023-03-20 02:21:42.614 <TRACE> savnet_ba: Got UPDATE
2023-03-20 02:21:42.614 <DBG> 
ip_unreach_len: 0
ip_reach_len: 0
2023-03-20 02:21:42.614 <DBG> 
mp_reach_len: 14
mp_unreach_len: 0
2023-03-20 02:21:42.614 <DBG> bgp_decode_nlri_savnet4 len: 14
2023-03-20 02:21:42.614 <DBG> s->sav_origin: [65501]
2023-03-20 02:21:42.614 <DBG> s->sav_scope: [1,1,65504]
2023-03-20 02:21:42.614 <DBG> s->sav_nlri: [24,192,168,1]
2023-03-20 02:21:42.614 <DBG> BGP UPDATE PROCESSING FINISHED
2023-03-20 02:21:42.614 <DBG> Sent to SavAgent:{"msg_type":"bgp_update"
,"msg":{
      "neighbor_as":"65501"
    ,"interface_name":"b_a"
    ,"interface_index":"0"
    ,"protocol_name":"savnet_ba"
    ,"as_path":"65501"
    ,"sav_origin":"65501"
    ,"routes":""
    ,"sav_scope":"1,1,65504"
    ,"sav_nlri":"24,192,168,1"    }}
BGP: Incoming connection from 10.0.6.2 port 54529
2023-03-20 02:21:42.893 <TRACE> savnet_bf: Incoming connection from 10.0.6.2 (port 54529) accepted
BGP: Sending open
2023-03-20 02:21:42.893 <TRACE> savnet_bf: Sending OPEN(ver=4,as=65504,hold=240,id=0a000102)
2023-03-20 02:21:42.893 <TRACE> savnet_bf: Sending OPEN content Capability Code: 1, AFI: 1,SAFI: 1
2023-03-20 02:21:42.893 <TRACE> savnet_bf: Got OPEN(as=65505,hold=240,id=10.0.2.2)
2023-03-20 02:21:42.893 <TRACE> savnet_bf: Got OPEN content Capability Code: 1, AFI: 1, SAFI: 1
BGP: Closing connection
2023-03-20 02:21:42.893 <TRACE> savnet_bf: Got KEEPALIVE
2023-03-20 02:21:42.893 <TRACE> savnet_bf: BGP session established
2023-03-20 02:21:42.893 <TRACE> savnet_bf: Protocol state changed to up
2023-03-20 02:21:42.893 <DBG> link [savnet_bf] up sent
BGP: Decision start
2023-03-20 02:21:42.895 <TRACE> savnet_bf: Sending KEEPALIVE
2023-03-20 02:21:42.895 <TRACE> savnet_bf.savnet4 < filtered out 192.168.5.0/24 0L 4G blackhole
2023-03-20 02:21:42.895 <TRACE> savnet_bf.savnet4 < filtered out 10.0.4.0/24 483L 6G unicast
2023-03-20 02:21:42.895 <TRACE> savnet_bf.savnet4 < filtered out 10.0.5.0/24 485L 7G unicast
2023-03-20 02:21:42.895 <TRACE> savnet_bf.savnet4 < filtered out 10.0.6.0/24 487L 8G unicast
2023-03-20 02:21:42.895 <TRACE> savnet_bf.savnet4 < filtered out 192.168.1.0/24 0L 9G unicast
2023-03-20 02:21:42.895 <TRACE> savnet_bf.savnet4 < filtered out 10.0.1.0/24 478L 5G unicast
2023-03-20 02:21:42.895 <TRACE> savnet_bf.savnet4 < filtered out 10.0.2.0/24 0L 9G unicast
2023-03-20 02:21:42.895 <TRACE> savnet_bf.ipv4 < added 192.168.5.0/24 0L 4G blackhole
2023-03-20 02:21:42.895 <TRACE> savnet_bf.ipv4 < added 10.0.4.0/24 483L 6G unicast
2023-03-20 02:21:42.895 <TRACE> savnet_bf.ipv4 < added 10.0.5.0/24 485L 7G unicast
2023-03-20 02:21:42.895 <TRACE> savnet_bf.ipv4 < added 10.0.6.0/24 487L 8G unicast
2023-03-20 02:21:42.895 <TRACE> savnet_bf.ipv4 < added 192.168.1.0/24 0L 9G unicast
2023-03-20 02:21:42.895 <TRACE> savnet_bf.ipv4 < added 10.0.1.0/24 478L 5G unicast
2023-03-20 02:21:42.895 <TRACE> savnet_bf.ipv4 < added 10.0.2.0/24 0L 9G unicast
BGP: Incoming connection from 10.0.4.2 port 43033
2023-03-20 02:21:43.243 <TRACE> savnet_bd: Incoming connection from 10.0.4.2 (port 43033) accepted
BGP: Sending open
2023-03-20 02:21:43.243 <TRACE> savnet_bf: Sending END-OF-RIB
2023-03-20 02:21:43.243 <TRACE> savnet_bf: Sending UPDATE
2023-03-20 02:21:43.243 <TRACE> savnet_bf: Sending UPDATE
2023-03-20 02:21:43.243 <TRACE> savnet_bf: Sending END-OF-RIB
2023-03-20 02:21:43.243 <TRACE> savnet_bd: Sending OPEN(ver=4,as=65504,hold=240,id=0a000102)
2023-03-20 02:21:43.243 <TRACE> savnet_bd: Sending OPEN content Capability Code: 1, AFI: 1,SAFI: 1
2023-03-20 02:21:43.243 <TRACE> savnet_bf: Got UPDATE
2023-03-20 02:21:43.243 <DBG> 
ip_unreach_len: 0
ip_reach_len: 0
2023-03-20 02:21:43.243 <DBG> 
mp_reach_len: 0
mp_unreach_len: 0
2023-03-20 02:21:43.243 <TRACE> savnet_bf: Got END-OF-RIB
2023-03-20 02:21:43.243 <DBG> BGP UPDATE PROCESSING FINISHED
2023-03-20 02:21:43.243 <TRACE> ...
2023-03-20 02:21:43.243 <DBG> 
ip_unreach_len: 0
ip_reach_len: 16
2023-03-20 02:21:43.243 <DBG> 
mp_reach_len: 0
mp_unreach_len: 0
2023-03-20 02:21:43.243 <TRACE> savnet_bf.ipv4 > added [best] 192.168.6.0/24 0L 10G unicast
2023-03-20 02:21:43.243 <TRACE> savnet_ba.savnet4 < filtered out 192.168.6.0/24 0L 10G unicast
2023-03-20 02:21:43.243 <TRACE> savnet_ba.ipv4 < added 192.168.6.0/24 0L 10G unicast
2023-03-20 02:21:43.243 <TRACE> savnet_bf.savnet4 < rejected by protocol 192.168.6.0/24 0L 10G unicast
2023-03-20 02:21:43.243 <TRACE> savnet_bf.ipv4 < rejected by protocol 192.168.6.0/24 0L 10G unicast
2023-03-20 02:21:43.243 <TRACE> savnet_bf.ipv4 > added [best] 192.168.7.0/24 0L 10G unicast
2023-03-20 02:21:43.243 <TRACE> savnet_ba.savnet4 < filtered out 192.168.7.0/24 0L 10G unicast
2023-03-20 02:21:43.243 <TRACE> savnet_ba.ipv4 < added 192.168.7.0/24 0L 10G unicast
2023-03-20 02:21:43.243 <TRACE> savnet_bf.savnet4 < rejected by protocol 192.168.7.0/24 0L 10G unicast
2023-03-20 02:21:43.243 <TRACE> savnet_bf.ipv4 < rejected by protocol 192.168.7.0/24 0L 10G unicast
2023-03-20 02:21:43.243 <TRACE> savnet_bf.ipv4 > added 10.0.6.0/24 0L 10G unicast
2023-03-20 02:21:43.243 <TRACE> savnet_bf.ipv4 > added 10.0.2.0/24 0L 10G unicast
2023-03-20 02:21:43.243 <DBG> BGP UPDATE PROCESSING FINISHED
2023-03-20 02:21:43.243 <DBG> Sent to SavAgent:{"msg_type":"bgp_update"
,"msg":{
      "neighbor_as":"65505"
    ,"interface_name":"b_f"
    ,"interface_index":"0"
    ,"protocol_name":"savnet_bf"
    ,"as_path":"65505"
    ,"sav_origin":""
    ,"routes":""
    ,"sav_scope":""
    ,"sav_nlri":""    }}
2023-03-20 02:21:43.245 <TRACE> savnet_ba: Sending UPDATE
2023-03-20 02:21:43.245 <TRACE> savnet_bd: Got OPEN(as=65502,hold=240,id=10.0.4.2)
2023-03-20 02:21:43.245 <TRACE> savnet_bd: Got OPEN content Capability Code: 1, AFI: 1, SAFI: 1
BGP: Closing connection
2023-03-20 02:21:43.245 <TRACE> savnet_bd: Got KEEPALIVE
2023-03-20 02:21:43.245 <TRACE> savnet_bd: BGP session established
2023-03-20 02:21:43.245 <TRACE> savnet_bd: Protocol state changed to up
2023-03-20 02:21:43.245 <DBG> link [savnet_bd] up sent
2023-03-20 02:21:43.245 <DBG> 
ip_unreach_len: 0
ip_reach_len: 8
2023-03-20 02:21:43.245 <DBG> 
mp_reach_len: 0
mp_unreach_len: 0
2023-03-20 02:21:43.245 <TRACE> savnet_bf.ipv4 > added 192.168.1.0/24 0L 10G unicast
2023-03-20 02:21:43.245 <TRACE> savnet_bf.ipv4 > added 10.0.1.0/24 0L 10G unicast
2023-03-20 02:21:43.245 <DBG> BGP UPDATE PROCESSING FINISHED
2023-03-20 02:21:43.245 <DBG> Sent to SavAgent:{"msg_type":"bgp_update"
,"msg":{
      "neighbor_as":"65505"
    ,"interface_name":"b_f"
    ,"interface_index":"0"
    ,"protocol_name":"savnet_bf"
    ,"as_path":"65505,65501"
    ,"sav_origin":""
    ,"routes":""
    ,"sav_scope":""
    ,"sav_nlri":""    }}
2023-03-20 02:21:43.245 <DBG> 
ip_unreach_len: 0
ip_reach_len: 0
2023-03-20 02:21:43.245 <DBG> 
mp_reach_len: 0
mp_unreach_len: 0
2023-03-20 02:21:43.245 <TRACE> savnet_bf: Got END-OF-RIB
2023-03-20 02:21:43.245 <DBG> BGP UPDATE PROCESSING FINISHED
BGP: Decision start
2023-03-20 02:21:43.248 <TRACE> savnet_bd: Sending KEEPALIVE
2023-03-20 02:21:43.248 <TRACE> savnet_bd.savnet4 < filtered out 192.168.5.0/24 0L 4G blackhole
2023-03-20 02:21:43.248 <TRACE> savnet_bd.savnet4 < filtered out 192.168.6.0/24 0L 10G unicast
2023-03-20 02:21:43.248 <TRACE> savnet_bd.savnet4 < filtered out 10.0.4.0/24 483L 6G unicast
2023-03-20 02:21:43.248 <TRACE> savnet_bd.savnet4 < filtered out 192.168.7.0/24 0L 10G unicast
2023-03-20 02:21:43.248 <TRACE> savnet_bd.savnet4 < filtered out 10.0.5.0/24 485L 7G unicast
2023-03-20 02:21:43.248 <TRACE> savnet_bd.savnet4 < filtered out 10.0.6.0/24 487L 8G unicast
2023-03-20 02:21:43.248 <TRACE> savnet_bd.savnet4 < filtered out 192.168.1.0/24 0L 9G unicast
2023-03-20 02:21:43.248 <TRACE> savnet_bd.savnet4 < filtered out 10.0.1.0/24 478L 5G unicast
2023-03-20 02:21:43.248 <TRACE> savnet_bd.savnet4 < filtered out 10.0.2.0/24 0L 9G unicast
2023-03-20 02:21:43.248 <TRACE> savnet_bd.ipv4 < added 192.168.5.0/24 0L 4G blackhole
2023-03-20 02:21:43.248 <TRACE> savnet_bd.ipv4 < added 192.168.6.0/24 0L 10G unicast
2023-03-20 02:21:43.248 <TRACE> savnet_bd.ipv4 < added 10.0.4.0/24 483L 6G unicast
2023-03-20 02:21:43.248 <TRACE> savnet_bd.ipv4 < added 192.168.7.0/24 0L 10G unicast
2023-03-20 02:21:43.248 <TRACE> savnet_bd.ipv4 < added 10.0.5.0/24 485L 7G unicast
2023-03-20 02:21:43.248 <TRACE> savnet_bd.ipv4 < added 10.0.6.0/24 487L 8G unicast
2023-03-20 02:21:43.248 <TRACE> savnet_bd.ipv4 < added 192.168.1.0/24 0L 9G unicast
2023-03-20 02:21:43.248 <TRACE> savnet_bd.ipv4 < added 10.0.1.0/24 478L 5G unicast
2023-03-20 02:21:43.248 <TRACE> savnet_bd.ipv4 < added 10.0.2.0/24 0L 9G unicast
2023-03-20 02:21:43.248 <TRACE> savnet_bd: Sending END-OF-RIB
2023-03-20 02:21:43.248 <TRACE> savnet_bd: Sending UPDATE
2023-03-20 02:21:43.248 <TRACE> ...
2023-03-20 02:21:43.248 <TRACE> savnet_bd: Sending END-OF-RIB
2023-03-20 02:21:43.251 <DBG> 
ip_unreach_len: 0
ip_reach_len: 0
2023-03-20 02:21:43.251 <DBG> 
mp_reach_len: 22
mp_unreach_len: 0
2023-03-20 02:21:43.251 <DBG> bgp_decode_nlri_savnet4 len: 22
2023-03-20 02:21:43.251 <DBG> s->sav_origin: [65505]
2023-03-20 02:21:43.251 <DBG> s->sav_scope: [1,2,65504,65501]
2023-03-20 02:21:43.251 <DBG> s->sav_nlri: [24,192,168,6,24,192,168,7]
2023-03-20 02:21:43.251 <DBG> BGP UPDATE PROCESSING FINISHED
2023-03-20 02:21:43.251 <DBG> Sent to SavAgent:{"msg_type":"bgp_update"
,"msg":{
      "neighbor_as":"65505"
    ,"interface_name":"b_f"
    ,"interface_index":"0"
    ,"protocol_name":"savnet_bf"
    ,"as_path":"65505"
    ,"sav_origin":"65505"
    ,"routes":""
    ,"sav_scope":"1,2,65504,65501"
    ,"sav_nlri":"24,192,168,6,24,192,168,7"    }}
2023-03-20 02:21:43.252 <DBG> call_agent
2023-03-20 02:21:43.252 <DBG> SavAgent reply {
  "code": "2000",
  "data": {
    "as_path": "2,1,0,0,255,224",
    "as_path_len": 6,
    "is_interior": 1,
    "next_hop": "4,10,0,6,1",
    "nlri_len": 4,
    "protocol_name": "savnet_bf",
    "sav_nlri": "24,192,168,5",
    "sav_origin": "0,0,255,224",
    "sav_scope": "1,2,0,0,255,225,0,0,255,221",
    "withdraws": "0,0"
  },
  "message": "success"
}

2023-03-20 02:21:43.252 <DBG> inserting 0,0
2023-03-20 02:21:43.252 <DBG> inserting 4,10,0,6,1
2023-03-20 02:21:43.252 <DBG> inserting 0,0,255,224
2023-03-20 02:21:43.252 <DBG> inserting 1,2,0,0,255,225,0,0,255,221
2023-03-20 02:21:43.252 <DBG> inserting 24,192,168,5
2023-03-20 02:21:43.252 <DBG> inserting 2,1,0,0,255,224
2023-03-20 02:21:43.252 <DBG> savnet update packet assembled
2023-03-20 02:21:43.252 <DBG> packet len 67
2023-03-20 02:21:43.252 <DBG> call agent send result, 1
2023-03-20 02:21:43.253 <DBG> 
ip_unreach_len: 0
ip_reach_len: 0
2023-03-20 02:21:43.253 <DBG> 
mp_reach_len: 18
mp_unreach_len: 0
2023-03-20 02:21:43.253 <DBG> bgp_decode_nlri_savnet4 len: 18
2023-03-20 02:21:43.253 <DBG> s->sav_origin: [65501]
2023-03-20 02:21:43.253 <DBG> s->sav_scope: [1,2,65504,65505]
2023-03-20 02:21:43.253 <DBG> s->sav_nlri: [24,192,168,1]
2023-03-20 02:21:43.253 <DBG> BGP UPDATE PROCESSING FINISHED
2023-03-20 02:21:43.253 <DBG> Sent to SavAgent:{"msg_type":"bgp_update"
,"msg":{
      "neighbor_as":"65501"
    ,"interface_name":"b_a"
    ,"interface_index":"0"
    ,"protocol_name":"savnet_ba"
    ,"as_path":"65501"
    ,"sav_origin":"65501"
    ,"routes":""
    ,"sav_scope":"1,2,65504,65505"
    ,"sav_nlri":"24,192,168,1"    }}
2023-03-20 02:21:43.255 <DBG> 
ip_unreach_len: 0
ip_reach_len: 0
2023-03-20 02:21:43.255 <DBG> 
mp_reach_len: 0
mp_unreach_len: 0
2023-03-20 02:21:43.255 <TRACE> savnet_bd: Got END-OF-RIB
2023-03-20 02:21:43.255 <DBG> BGP UPDATE PROCESSING FINISHED
2023-03-20 02:21:43.255 <DBG> 
ip_unreach_len: 0
ip_reach_len: 16
2023-03-20 02:21:43.255 <DBG> 
mp_reach_len: 0
mp_unreach_len: 0
2023-03-20 02:21:43.255 <TRACE> savnet_bd.ipv4 > added [best] 10.0.7.0/24 0L 11G unicast
2023-03-20 02:21:43.255 <TRACE> savnet_ba.savnet4 < filtered out 10.0.7.0/24 0L 11G unicast
2023-03-20 02:21:43.255 <TRACE> savnet_ba.ipv4 < added 10.0.7.0/24 0L 11G unicast
2023-03-20 02:21:43.255 <TRACE> savnet_bf.savnet4 < filtered out 10.0.7.0/24 0L 11G unicast
2023-03-20 02:21:43.255 <TRACE> savnet_bf.ipv4 < added 10.0.7.0/24 0L 11G unicast
2023-03-20 02:21:43.255 <TRACE> savnet_bd.savnet4 < rejected by protocol 10.0.7.0/24 0L 11G unicast
2023-03-20 02:21:43.255 <TRACE> savnet_bd.ipv4 < rejected by protocol 10.0.7.0/24 0L 11G unicast
2023-03-20 02:21:43.255 <TRACE> savnet_bd.ipv4 > added 10.0.4.0/24 0L 11G unicast
2023-03-20 02:21:43.255 <TRACE> savnet_bd.ipv4 > added [best] 192.168.2.0/24 0L 11G unicast
2023-03-20 02:21:43.255 <TRACE> savnet_ba.savnet4 < filtered out 192.168.2.0/24 0L 11G unicast
2023-03-20 02:21:43.255 <TRACE> savnet_ba.ipv4 < added 192.168.2.0/24 0L 11G unicast
2023-03-20 02:21:43.255 <TRACE> savnet_bf.savnet4 < filtered out 192.168.2.0/24 0L 11G unicast
2023-03-20 02:21:43.255 <TRACE> savnet_bf.ipv4 < added 192.168.2.0/24 0L 11G unicast
2023-03-20 02:21:43.255 <TRACE> savnet_bd.savnet4 < rejected by protocol 192.168.2.0/24 0L 11G unicast
2023-03-20 02:21:43.255 <TRACE> savnet_bd.ipv4 < rejected by protocol 192.168.2.0/24 0L 11G unicast
2023-03-20 02:21:43.255 <TRACE> savnet_bd.ipv4 > added [best] 192.168.3.0/24 0L 11G unicast
2023-03-20 02:21:43.255 <TRACE> savnet_ba.savnet4 < filtered out 192.168.3.0/24 0L 11G unicast
2023-03-20 02:21:43.255 <TRACE> savnet_ba.ipv4 < added 192.168.3.0/24 0L 11G unicast
2023-03-20 02:21:43.255 <TRACE> savnet_bf.savnet4 < filtered out 192.168.3.0/24 0L 11G unicast
2023-03-20 02:21:43.255 <TRACE> savnet_bf.ipv4 < added 192.168.3.0/24 0L 11G unicast
2023-03-20 02:21:43.255 <TRACE> savnet_bd.savnet4 < rejected by protocol 192.168.3.0/24 0L 11G unicast
2023-03-20 02:21:43.255 <TRACE> savnet_bd.ipv4 < rejected by protocol 192.168.3.0/24 0L 11G unicast
2023-03-20 02:21:43.255 <DBG> BGP UPDATE PROCESSING FINISHED
2023-03-20 02:21:43.255 <DBG> Sent to SavAgent:{"msg_type":"bgp_update"
,"msg":{
      "neighbor_as":"65502"
    ,"interface_name":"b_d"
    ,"interface_index":"0"
    ,"protocol_name":"savnet_bd"
    ,"as_path":"65502"
    ,"sav_origin":""
    ,"routes":""
    ,"sav_scope":""
    ,"sav_nlri":""    }}
2023-03-20 02:21:43.255 <DBG> 
ip_unreach_len: 0
ip_reach_len: 4
2023-03-20 02:21:43.255 <DBG> 
mp_reach_len: 0
mp_unreach_len: 0
2023-03-20 02:21:43.255 <TRACE> savnet_bd.ipv4 > added [best] 192.168.4.0/24 0L 11G unicast
2023-03-20 02:21:43.255 <TRACE> savnet_ba.savnet4 < filtered out 192.168.4.0/24 0L 11G unicast
2023-03-20 02:21:43.255 <TRACE> savnet_ba.ipv4 < added 192.168.4.0/24 0L 11G unicast
2023-03-20 02:21:43.255 <TRACE> savnet_bf.savnet4 < filtered out 192.168.4.0/24 0L 11G unicast
2023-03-20 02:21:43.255 <TRACE> savnet_bf.ipv4 < added 192.168.4.0/24 0L 11G unicast
2023-03-20 02:21:43.255 <TRACE> savnet_bd.savnet4 < rejected by protocol 192.168.4.0/24 0L 11G unicast
2023-03-20 02:21:43.255 <TRACE> savnet_bd.ipv4 < rejected by protocol 192.168.4.0/24 0L 11G unicast
2023-03-20 02:21:43.255 <DBG> BGP UPDATE PROCESSING FINISHED
2023-03-20 02:21:43.255 <DBG> Sent to SavAgent:{"msg_type":"bgp_update"
,"msg":{
      "neighbor_as":"65502"
    ,"interface_name":"b_d"
    ,"interface_index":"0"
    ,"protocol_name":"savnet_bd"
    ,"as_path":"65502,65503"
    ,"sav_origin":""
    ,"routes":""
    ,"sav_scope":""
    ,"sav_nlri":""    }}
2023-03-20 02:21:43.255 <DBG> 
ip_unreach_len: 0
ip_reach_len: 0
2023-03-20 02:21:43.255 <DBG> 
mp_reach_len: 0
mp_unreach_len: 0
2023-03-20 02:21:43.255 <TRACE> savnet_bd: Got END-OF-RIB
2023-03-20 02:21:43.255 <DBG> BGP UPDATE PROCESSING FINISHED
2023-03-20 02:21:43.260 <DBG> call_agent
2023-03-20 02:21:43.260 <DBG> SavAgent reply {
  "code": "2000",
  "data": {
    "as_path": "2,1,0,0,255,224",
    "as_path_len": 6,
    "is_interior": 1,
    "next_hop": "4,10,0,4,1",
    "nlri_len": 4,
    "protocol_name": "savnet_bd",
    "sav_nlri": "24,192,168,5",
    "sav_origin": "0,0,255,224",
    "sav_scope": "1,2,0,0,255,222,0,0,255,223",
    "withdraws": "0,0"
  },
  "message": "success"
}

2023-03-20 02:21:43.260 <DBG> inserting 0,0
2023-03-20 02:21:43.260 <DBG> inserting 4,10,0,4,1
2023-03-20 02:21:43.260 <DBG> inserting 0,0,255,224
2023-03-20 02:21:43.260 <DBG> inserting 1,2,0,0,255,222,0,0,255,223
2023-03-20 02:21:43.260 <DBG> inserting 24,192,168,5
2023-03-20 02:21:43.260 <DBG> inserting 2,1,0,0,255,224
2023-03-20 02:21:43.260 <DBG> savnet update packet assembled
2023-03-20 02:21:43.260 <DBG> packet len 67
2023-03-20 02:21:43.260 <DBG> call agent send result, 1
2023-03-20 02:21:43.261 <DBG> 
ip_unreach_len: 0
ip_reach_len: 0
2023-03-20 02:21:43.261 <DBG> 
mp_reach_len: 31
mp_unreach_len: 0
2023-03-20 02:21:43.261 <DBG> bgp_decode_nlri_savnet4 len: 31
2023-03-20 02:21:43.261 <DBG> s->sav_origin: [65502]
2023-03-20 02:21:43.261 <DBG> s->sav_scope: [2,2,65504,65505,2,65504,65501]
2023-03-20 02:21:43.261 <DBG> s->sav_nlri: [24,192,168,2,24,192,168,3]
2023-03-20 02:21:43.261 <DBG> BGP UPDATE PROCESSING FINISHED
2023-03-20 02:21:43.261 <DBG> Sent to SavAgent:{"msg_type":"bgp_update"
,"msg":{
      "neighbor_as":"65502"
    ,"interface_name":"b_d"
    ,"interface_index":"0"
    ,"protocol_name":"savnet_bd"
    ,"as_path":"65502"
    ,"sav_origin":"65502"
    ,"routes":""
    ,"sav_scope":"2,2,65504,65505,2,65504,65501"
    ,"sav_nlri":"24,192,168,2,24,192,168,3"    }}
2023-03-20 02:21:43.265 <DBG> 
ip_unreach_len: 0
ip_reach_len: 0
2023-03-20 02:21:43.265 <DBG> 
mp_reach_len: 22
mp_unreach_len: 0
2023-03-20 02:21:43.265 <DBG> bgp_decode_nlri_savnet4 len: 22
2023-03-20 02:21:43.265 <DBG> s->sav_origin: [65501]
2023-03-20 02:21:43.265 <DBG> s->sav_scope: [1,3,65504,65502,65503]
2023-03-20 02:21:43.265 <DBG> s->sav_nlri: [24,192,168,1]
2023-03-20 02:21:43.265 <DBG> BGP UPDATE PROCESSING FINISHED
2023-03-20 02:21:43.265 <DBG> Sent to SavAgent:{"msg_type":"bgp_update"
,"msg":{
      "neighbor_as":"65501"
    ,"interface_name":"b_a"
    ,"interface_index":"0"
    ,"protocol_name":"savnet_ba"
    ,"as_path":"65501"
    ,"sav_origin":"65501"
    ,"routes":""
    ,"sav_scope":"1,3,65504,65502,65503"
    ,"sav_nlri":"24,192,168,1"    }}
2023-03-20 02:21:43.275 <DBG> 
ip_unreach_len: 0
ip_reach_len: 0
2023-03-20 02:21:43.275 <DBG> 
mp_reach_len: 14
mp_unreach_len: 0
2023-03-20 02:21:43.275 <DBG> bgp_decode_nlri_savnet4 len: 14
2023-03-20 02:21:43.275 <DBG> s->sav_origin: [65501]
2023-03-20 02:21:43.275 <DBG> s->sav_scope: [1,1,65504]
2023-03-20 02:21:43.275 <DBG> s->sav_nlri: [24,192,168,1]
2023-03-20 02:21:43.275 <DBG> BGP UPDATE PROCESSING FINISHED
2023-03-20 02:21:43.275 <DBG> Sent to SavAgent:{"msg_type":"bgp_update"
,"msg":{
      "neighbor_as":"65505"
    ,"interface_name":"b_f"
    ,"interface_index":"0"
    ,"protocol_name":"savnet_bf"
    ,"as_path":"65501,65505"
    ,"sav_origin":"65501"
    ,"routes":""
    ,"sav_scope":"1,1,65504"
    ,"sav_nlri":"24,192,168,1"    }}
2023-03-20 02:21:43.280 <DBG> 
ip_unreach_len: 0
ip_reach_len: 0
2023-03-20 02:21:43.280 <DBG> 
mp_reach_len: 26
mp_unreach_len: 0
2023-03-20 02:21:43.280 <DBG> bgp_decode_nlri_savnet4 len: 26
2023-03-20 02:21:43.280 <DBG> s->sav_origin: [65505]
2023-03-20 02:21:43.280 <DBG> s->sav_scope: [1,3,65504,65502,65503]
2023-03-20 02:21:43.280 <DBG> s->sav_nlri: [24,192,168,6,24,192,168,7]
2023-03-20 02:21:43.280 <DBG> BGP UPDATE PROCESSING FINISHED
2023-03-20 02:21:43.280 <DBG> Sent to SavAgent:{"msg_type":"bgp_update"
,"msg":{
      "neighbor_as":"65505"
    ,"interface_name":"b_f"
    ,"interface_index":"0"
    ,"protocol_name":"savnet_bf"
    ,"as_path":"65505"
    ,"sav_origin":"65505"
    ,"routes":""
    ,"sav_scope":"1,3,65504,65502,65503"
    ,"sav_nlri":"24,192,168,6,24,192,168,7"    }}
2023-03-20 02:21:43.288 <DBG> 
ip_unreach_len: 0
ip_reach_len: 0
2023-03-20 02:21:43.288 <DBG> 
mp_reach_len: 22
mp_unreach_len: 0
2023-03-20 02:21:43.288 <DBG> bgp_decode_nlri_savnet4 len: 22
2023-03-20 02:21:43.288 <DBG> s->sav_origin: [65501]
2023-03-20 02:21:43.288 <DBG> s->sav_scope: [1,3,65504,65502,65503]
2023-03-20 02:21:43.288 <DBG> s->sav_nlri: [24,192,168,1]
2023-03-20 02:21:43.288 <DBG> BGP UPDATE PROCESSING FINISHED
2023-03-20 02:21:43.288 <DBG> Sent to SavAgent:{"msg_type":"bgp_update"
,"msg":{
      "neighbor_as":"65505"
    ,"interface_name":"b_f"
    ,"interface_index":"0"
    ,"protocol_name":"savnet_bf"
    ,"as_path":"65501,65505"
    ,"sav_origin":"65501"
    ,"routes":""
    ,"sav_scope":"1,3,65504,65502,65503"
    ,"sav_nlri":"24,192,168,1"    }}
2023-03-20 02:21:43.290 <DBG> call_agent
2023-03-20 02:21:43.290 <DBG> SavAgent reply {
  "code": "2000",
  "data": {
    "as_path": "2,2,0,0,255,225,0,0,255,224",
    "as_path_len": 10,
    "is_interior": 1,
    "next_hop": "4,10,0,1,2",
    "nlri_len": 8,
    "protocol_name": "savnet_ba",
    "sav_nlri": "24,192,168,6,24,192,168,7",
    "sav_origin": "0,0,255,225",
    "sav_scope": "1,1,0,0,255,221",
    "withdraws": "0,0"
  },
  "message": "success"
}

2023-03-20 02:21:43.290 <DBG> inserting 0,0
2023-03-20 02:21:43.290 <DBG> inserting 4,10,0,1,2
2023-03-20 02:21:43.290 <DBG> inserting 0,0,255,225
2023-03-20 02:21:43.290 <DBG> inserting 1,1,0,0,255,221
2023-03-20 02:21:43.290 <DBG> inserting 24,192,168,6,24,192,168,7
2023-03-20 02:21:43.290 <DBG> inserting 2,2,0,0,255,225,0,0,255,224
2023-03-20 02:21:43.290 <DBG> savnet update packet assembled
2023-03-20 02:21:43.290 <DBG> packet len 71
2023-03-20 02:21:43.290 <DBG> call agent send result, 1
2023-03-20 02:21:43.296 <DBG> call_agent
2023-03-20 02:21:43.296 <DBG> SavAgent reply {
  "code": "2000",
  "data": {
    "as_path": "2,2,0,0,255,221,0,0,255,224",
    "as_path_len": 10,
    "is_interior": 1,
    "next_hop": "4,10,0,6,1",
    "nlri_len": 4,
    "protocol_name": "savnet_bf",
    "sav_nlri": "24,192,168,1",
    "sav_origin": "0,0,255,221",
    "sav_scope": "1,1,0,0,255,225",
    "withdraws": "0,0"
  },
  "message": "success"
}

2023-03-20 02:21:43.296 <DBG> inserting 0,0
2023-03-20 02:21:43.296 <DBG> inserting 4,10,0,6,1
2023-03-20 02:21:43.296 <DBG> inserting 0,0,255,221
2023-03-20 02:21:43.296 <DBG> inserting 1,1,0,0,255,225
2023-03-20 02:21:43.296 <DBG> inserting 24,192,168,1
2023-03-20 02:21:43.296 <DBG> inserting 2,2,0,0,255,221,0,0,255,224
2023-03-20 02:21:43.296 <DBG> savnet update packet assembled
2023-03-20 02:21:43.296 <DBG> packet len 67
2023-03-20 02:21:43.296 <DBG> call agent send result, 1
2023-03-20 02:21:43.304 <DBG> 
ip_unreach_len: 0
ip_reach_len: 0
2023-03-20 02:21:43.304 <DBG> 
mp_reach_len: 27
mp_unreach_len: 0
2023-03-20 02:21:43.304 <DBG> bgp_decode_nlri_savnet4 len: 27
2023-03-20 02:21:43.304 <DBG> s->sav_origin: [65503]
2023-03-20 02:21:43.304 <DBG> s->sav_scope: [2,2,65504,65505,2,65504,65501]
2023-03-20 02:21:43.304 <DBG> s->sav_nlri: [24,192,168,4]
2023-03-20 02:21:43.304 <DBG> BGP UPDATE PROCESSING FINISHED
2023-03-20 02:21:43.304 <DBG> Sent to SavAgent:{"msg_type":"bgp_update"
,"msg":{
      "neighbor_as":"65502"
    ,"interface_name":"b_d"
    ,"interface_index":"0"
    ,"protocol_name":"savnet_bd"
    ,"as_path":"65503,65502"
    ,"sav_origin":"65503"
    ,"routes":""
    ,"sav_scope":"2,2,65504,65505,2,65504,65501"
    ,"sav_nlri":"24,192,168,4"    }}
2023-03-20 02:21:43.323 <DBG> call_agent
2023-03-20 02:21:43.323 <DBG> SavAgent reply {
  "code": "2000",
  "data": {
    "as_path": "2,2,0,0,255,222,0,0,255,224",
    "as_path_len": 10,
    "is_interior": 1,
    "next_hop": "4,10,0,6,1",
    "nlri_len": 8,
    "protocol_name": "savnet_bf",
    "sav_nlri": "24,192,168,2,24,192,168,3",
    "sav_origin": "0,0,255,222",
    "sav_scope": "1,1,0,0,255,225",
    "withdraws": "0,0"
  },
  "message": "success"
}

2023-03-20 02:21:43.323 <DBG> inserting 0,0
2023-03-20 02:21:43.323 <DBG> inserting 4,10,0,6,1
2023-03-20 02:21:43.323 <DBG> inserting 0,0,255,222
2023-03-20 02:21:43.323 <DBG> inserting 1,1,0,0,255,225
2023-03-20 02:21:43.323 <DBG> inserting 24,192,168,2,24,192,168,3
2023-03-20 02:21:43.323 <DBG> inserting 2,2,0,0,255,222,0,0,255,224
2023-03-20 02:21:43.323 <DBG> savnet update packet assembled
2023-03-20 02:21:43.323 <DBG> packet len 71
2023-03-20 02:21:43.323 <DBG> call agent send result, 1
2023-03-20 02:21:43.326 <DBG> call_agent
2023-03-20 02:21:43.326 <DBG> SavAgent reply {
  "code": "2000",
  "data": {
    "as_path": "2,3,0,0,255,222,0,0,255,224,0,0,255,224",
    "as_path_len": 14,
    "is_interior": 1,
    "next_hop": "4,10,0,1,2",
    "nlri_len": 8,
    "protocol_name": "savnet_ba",
    "sav_nlri": "24,192,168,2,24,192,168,3",
    "sav_origin": "0,0,255,222",
    "sav_scope": "1,1,0,0,255,221",
    "withdraws": "0,0"
  },
  "message": "success"
}

2023-03-20 02:21:43.326 <DBG> inserting 0,0
2023-03-20 02:21:43.326 <DBG> inserting 4,10,0,1,2
2023-03-20 02:21:43.326 <DBG> inserting 0,0,255,222
2023-03-20 02:21:43.326 <DBG> inserting 1,1,0,0,255,221
2023-03-20 02:21:43.326 <DBG> inserting 24,192,168,2,24,192,168,3
2023-03-20 02:21:43.326 <DBG> inserting 2,3,0,0,255,222,0,0,255,224,0,0,255,224
2023-03-20 02:21:43.326 <DBG> savnet update packet assembled
2023-03-20 02:21:43.326 <DBG> packet len 75
2023-03-20 02:21:43.326 <DBG> call agent send result, 1
2023-03-20 02:21:43.331 <DBG> call_agent
2023-03-20 02:21:43.331 <DBG> SavAgent reply {
  "code": "2000",
  "data": {
    "as_path": "2,2,0,0,255,221,0,0,255,224",
    "as_path_len": 10,
    "is_interior": 1,
    "next_hop": "4,10,0,4,1",
    "nlri_len": 4,
    "protocol_name": "savnet_bd",
    "sav_nlri": "24,192,168,1",
    "sav_origin": "0,0,255,221",
    "sav_scope": "1,2,0,0,255,222,0,0,255,223",
    "withdraws": "0,0"
  },
  "message": "success"
}

2023-03-20 02:21:43.331 <DBG> inserting 0,0
2023-03-20 02:21:43.331 <DBG> inserting 4,10,0,4,1
2023-03-20 02:21:43.331 <DBG> inserting 0,0,255,221
2023-03-20 02:21:43.331 <DBG> inserting 1,2,0,0,255,222,0,0,255,223
2023-03-20 02:21:43.331 <DBG> inserting 24,192,168,1
2023-03-20 02:21:43.331 <DBG> inserting 2,2,0,0,255,221,0,0,255,224
2023-03-20 02:21:43.331 <DBG> savnet update packet assembled
2023-03-20 02:21:43.331 <DBG> packet len 71
2023-03-20 02:21:43.331 <DBG> call agent send result, 1
2023-03-20 02:21:43.351 <DBG> call_agent
2023-03-20 02:21:43.351 <DBG> SavAgent reply {
  "code": "2000",
  "data": {
    "as_path": "2,2,0,0,255,225,0,0,255,224",
    "as_path_len": 10,
    "is_interior": 1,
    "next_hop": "4,10,0,4,1",
    "nlri_len": 8,
    "protocol_name": "savnet_bd",
    "sav_nlri": "24,192,168,6,24,192,168,7",
    "sav_origin": "0,0,255,225",
    "sav_scope": "1,2,0,0,255,222,0,0,255,223",
    "withdraws": "0,0"
  },
  "message": "success"
}

2023-03-20 02:21:43.351 <DBG> inserting 0,0
2023-03-20 02:21:43.351 <DBG> inserting 4,10,0,4,1
2023-03-20 02:21:43.351 <DBG> inserting 0,0,255,225
2023-03-20 02:21:43.351 <DBG> inserting 1,2,0,0,255,222,0,0,255,223
2023-03-20 02:21:43.351 <DBG> inserting 24,192,168,6,24,192,168,7
2023-03-20 02:21:43.351 <DBG> inserting 2,2,0,0,255,225,0,0,255,224
2023-03-20 02:21:43.351 <DBG> savnet update packet assembled
2023-03-20 02:21:43.351 <DBG> packet len 75
2023-03-20 02:21:43.351 <DBG> call agent send result, 1
2023-03-20 02:21:43.357 <DBG> call_agent
2023-03-20 02:21:43.357 <DBG> SavAgent reply {
  "code": "2000",
  "data": {
    "as_path": "2,3,0,0,255,221,0,0,255,225,0,0,255,224",
    "as_path_len": 14,
    "is_interior": 1,
    "next_hop": "4,10,0,4,1",
    "nlri_len": 4,
    "protocol_name": "savnet_bd",
    "sav_nlri": "24,192,168,1",
    "sav_origin": "0,0,255,221",
    "sav_scope": "1,2,0,0,255,222,0,0,255,223",
    "withdraws": "0,0"
  },
  "message": "success"
}

2023-03-20 02:21:43.357 <DBG> inserting 0,0
2023-03-20 02:21:43.357 <DBG> inserting 4,10,0,4,1
2023-03-20 02:21:43.357 <DBG> inserting 0,0,255,221
2023-03-20 02:21:43.357 <DBG> inserting 1,2,0,0,255,222,0,0,255,223
2023-03-20 02:21:43.357 <DBG> inserting 24,192,168,1
2023-03-20 02:21:43.357 <DBG> inserting 2,3,0,0,255,221,0,0,255,225,0,0,255,224
2023-03-20 02:21:43.357 <DBG> savnet update packet assembled
2023-03-20 02:21:43.357 <DBG> packet len 75
2023-03-20 02:21:43.357 <DBG> call agent send result, 1
2023-03-20 02:21:43.371 <DBG> call_agent
2023-03-20 02:21:43.371 <DBG> SavAgent reply {
  "code": "2000",
  "data": {
    "as_path": "2,3,0,0,255,223,0,0,255,222,0,0,255,224",
    "as_path_len": 14,
    "is_interior": 1,
    "next_hop": "4,10,0,6,1",
    "nlri_len": 4,
    "protocol_name": "savnet_bf",
    "sav_nlri": "24,192,168,4",
    "sav_origin": "0,0,255,223",
    "sav_scope": "1,1,0,0,255,225",
    "withdraws": "0,0"
  },
  "message": "success"
}

2023-03-20 02:21:43.371 <DBG> inserting 0,0
2023-03-20 02:21:43.371 <DBG> inserting 4,10,0,6,1
2023-03-20 02:21:43.371 <DBG> inserting 0,0,255,223
2023-03-20 02:21:43.371 <DBG> inserting 1,1,0,0,255,225
2023-03-20 02:21:43.371 <DBG> inserting 24,192,168,4
2023-03-20 02:21:43.371 <DBG> inserting 2,3,0,0,255,223,0,0,255,222,0,0,255,224
2023-03-20 02:21:43.371 <DBG> savnet update packet assembled
2023-03-20 02:21:43.371 <DBG> packet len 71
2023-03-20 02:21:43.371 <DBG> call agent send result, 1
2023-03-20 02:21:43.374 <DBG> call_agent
2023-03-20 02:21:43.374 <DBG> SavAgent reply {
  "code": "2000",
  "data": {
    "as_path": "2,4,0,0,255,223,0,0,255,222,0,0,255,224,0,0,255,224",
    "as_path_len": 18,
    "is_interior": 1,
    "next_hop": "4,10,0,1,2",
    "nlri_len": 4,
    "protocol_name": "savnet_ba",
    "sav_nlri": "24,192,168,4",
    "sav_origin": "0,0,255,223",
    "sav_scope": "1,1,0,0,255,221",
    "withdraws": "0,0"
  },
  "message": "success"
}

2023-03-20 02:21:43.374 <DBG> inserting 0,0
2023-03-20 02:21:43.374 <DBG> inserting 4,10,0,1,2
2023-03-20 02:21:43.374 <DBG> inserting 0,0,255,223
2023-03-20 02:21:43.374 <DBG> inserting 1,1,0,0,255,221
2023-03-20 02:21:43.374 <DBG> inserting 24,192,168,4
2023-03-20 02:21:43.374 <DBG> inserting 2,4,0,0,255,223,0,0,255,222,0,0,255,224,0,0,255,224
2023-03-20 02:21:43.374 <DBG> savnet update packet assembled
2023-03-20 02:21:43.374 <DBG> packet len 75
2023-03-20 02:21:43.374 <DBG> call agent send result, 1
BGP: Incoming connection from 10.0.5.2 port 43465
2023-03-20 02:21:43.452 <TRACE> savnet_be: Incoming connection from 10.0.5.2 (port 43465) accepted
BGP: Sending open
2023-03-20 02:21:43.452 <TRACE> savnet_be: Sending OPEN(ver=4,as=65504,hold=240,id=0a000102)
2023-03-20 02:21:43.452 <TRACE> savnet_be: Sending OPEN content Capability Code: 1, AFI: 1,SAFI: 1
2023-03-20 02:21:43.452 <TRACE> savnet_be: Got OPEN(as=65503,hold=240,id=10.0.5.2)
2023-03-20 02:21:43.452 <TRACE> savnet_be: Got OPEN content Capability Code: 1, AFI: 1, SAFI: 1
BGP: Closing connection
BGP: Decision start
2023-03-20 02:21:43.452 <TRACE> savnet_be: Sending KEEPALIVE
2023-03-20 02:21:43.452 <TRACE> savnet_be: Got KEEPALIVE
2023-03-20 02:21:43.452 <TRACE> savnet_be: BGP session established
2023-03-20 02:21:43.452 <TRACE> savnet_be: Protocol state changed to up
2023-03-20 02:21:43.452 <DBG> link [savnet_be] up sent
2023-03-20 02:21:43.454 <TRACE> savnet_be.savnet4 < filtered out 10.0.7.0/24 0L 11G unicast
2023-03-20 02:21:43.454 <TRACE> savnet_be.savnet4 < filtered out 192.168.5.0/24 0L 4G blackhole
2023-03-20 02:21:43.454 <TRACE> savnet_be.savnet4 < filtered out 192.168.6.0/24 0L 10G unicast
2023-03-20 02:21:43.454 <TRACE> savnet_be.savnet4 < filtered out 10.0.4.0/24 483L 6G unicast
2023-03-20 02:21:43.454 <TRACE> savnet_be.savnet4 < filtered out 192.168.7.0/24 0L 10G unicast
2023-03-20 02:21:43.454 <TRACE> savnet_be.savnet4 < filtered out 10.0.5.0/24 485L 7G unicast
2023-03-20 02:21:43.454 <TRACE> savnet_be.savnet4 < filtered out 10.0.6.0/24 487L 8G unicast
2023-03-20 02:21:43.454 <TRACE> savnet_be.savnet4 < filtered out 192.168.1.0/24 0L 9G unicast
2023-03-20 02:21:43.454 <TRACE> savnet_be.savnet4 < filtered out 192.168.2.0/24 0L 11G unicast
2023-03-20 02:21:43.454 <TRACE> savnet_be.savnet4 < filtered out 192.168.3.0/24 0L 11G unicast
2023-03-20 02:21:43.454 <TRACE> savnet_be.savnet4 < filtered out 10.0.1.0/24 478L 5G unicast
2023-03-20 02:21:43.454 <TRACE> savnet_be.savnet4 < filtered out 192.168.4.0/24 0L 11G unicast
2023-03-20 02:21:43.454 <TRACE> savnet_be.savnet4 < filtered out 10.0.2.0/24 0L 9G unicast
2023-03-20 02:21:43.454 <TRACE> savnet_be.ipv4 < rejected by protocol 10.0.7.0/24 0L 11G unicast
2023-03-20 02:21:43.454 <TRACE> savnet_be.ipv4 < added 192.168.5.0/24 0L 4G blackhole
2023-03-20 02:21:43.454 <TRACE> savnet_be.ipv4 < added 192.168.6.0/24 0L 10G unicast
2023-03-20 02:21:43.454 <TRACE> savnet_be.ipv4 < added 10.0.4.0/24 483L 6G unicast
2023-03-20 02:21:43.454 <TRACE> savnet_be.ipv4 < added 192.168.7.0/24 0L 10G unicast
2023-03-20 02:21:43.454 <TRACE> savnet_be.ipv4 < added 10.0.5.0/24 485L 7G unicast
2023-03-20 02:21:43.454 <TRACE> savnet_be.ipv4 < added 10.0.6.0/24 487L 8G unicast
2023-03-20 02:21:43.454 <TRACE> savnet_be.ipv4 < added 192.168.1.0/24 0L 9G unicast
2023-03-20 02:21:43.454 <TRACE> savnet_be.ipv4 < rejected by protocol 192.168.2.0/24 0L 11G unicast
2023-03-20 02:21:43.454 <TRACE> savnet_be.ipv4 < rejected by protocol 192.168.3.0/24 0L 11G unicast
2023-03-20 02:21:43.454 <TRACE> savnet_be.ipv4 < added 10.0.1.0/24 478L 5G unicast
2023-03-20 02:21:43.454 <TRACE> savnet_be.ipv4 < rejected by protocol 192.168.4.0/24 0L 11G unicast
2023-03-20 02:21:43.454 <TRACE> savnet_be.ipv4 < added 10.0.2.0/24 0L 9G unicast
2023-03-20 02:21:46.456 <TRACE> savnet_be: Sending END-OF-RIB
2023-03-20 02:21:46.456 <TRACE> savnet_be: Sending UPDATE
2023-03-20 02:21:46.456 <TRACE> savnet_be: Sending UPDATE
2023-03-20 02:21:46.456 <TRACE> savnet_be: Sending UPDATE
2023-03-20 02:21:46.456 <TRACE> savnet_be: Sending END-OF-RIB
2023-03-20 02:21:46.456 <TRACE> savnet_be: Got UPDATE
2023-03-20 02:21:46.456 <DBG> 
ip_unreach_len: 0
ip_reach_len: 0
2023-03-20 02:21:46.456 <DBG> 
mp_reach_len: 0
mp_unreach_len: 0
2023-03-20 02:21:46.456 <TRACE> savnet_be: Got END-OF-RIB
2023-03-20 02:21:46.456 <DBG> BGP UPDATE PROCESSING FINISHED
2023-03-20 02:21:46.456 <TRACE> savnet_be: Got UPDATE
2023-03-20 02:21:46.456 <DBG> 
ip_unreach_len: 0
ip_reach_len: 12
2023-03-20 02:21:46.456 <DBG> 
mp_reach_len: 0
mp_unreach_len: 0
2023-03-20 02:21:46.456 <TRACE> savnet_be.ipv4 > added 10.0.7.0/24 0L 12G unicast
2023-03-20 02:21:46.456 <TRACE> savnet_be.ipv4 > added 10.0.5.0/24 0L 12G unicast
2023-03-20 02:21:46.456 <TRACE> savnet_be.ipv4 > added [best] 192.168.4.0/24 0L 12G unicast
2023-03-20 02:21:46.456 <TRACE> savnet_ba.savnet4 < filtered out 192.168.4.0/24 0L 12G unicast
2023-03-20 02:21:46.456 <TRACE> savnet_ba.ipv4 < replaced 192.168.4.0/24 0L 12G unicast
2023-03-20 02:21:46.456 <TRACE> savnet_bf.savnet4 < filtered out 192.168.4.0/24 0L 12G unicast
2023-03-20 02:21:46.456 <TRACE> savnet_bf.ipv4 < replaced 192.168.4.0/24 0L 12G unicast
2023-03-20 02:21:46.456 <TRACE> savnet_bd.savnet4 < filtered out 192.168.4.0/24 0L 12G unicast
2023-03-20 02:21:46.456 <TRACE> savnet_bd.ipv4 < rejected by protocol 192.168.4.0/24 0L 12G unicast
2023-03-20 02:21:46.456 <TRACE> savnet_be.savnet4 < rejected by protocol 192.168.4.0/24 0L 12G unicast
2023-03-20 02:21:46.456 <TRACE> savnet_be.ipv4 < rejected by protocol 192.168.4.0/24 0L 12G unicast
2023-03-20 02:21:46.456 <DBG> BGP UPDATE PROCESSING FINISHED
2023-03-20 02:21:46.456 <DBG> Sent to SavAgent:{"msg_type":"bgp_update"
,"msg":{
      "neighbor_as":"65503"
    ,"interface_name":"b_e"
    ,"interface_index":"0"
    ,"protocol_name":"savnet_be"
    ,"as_path":"65503"
    ,"sav_origin":""
    ,"routes":""
    ,"sav_scope":""
    ,"sav_nlri":""    }}
2023-03-20 02:21:46.456 <TRACE> savnet_be: Got UPDATE
2023-03-20 02:21:46.456 <DBG> 
ip_unreach_len: 0
ip_reach_len: 12
2023-03-20 02:21:46.456 <DBG> 
mp_reach_len: 0
mp_unreach_len: 0
2023-03-20 02:21:46.456 <DBG> BGP UPDATE PROCESSING FINISHED
2023-03-20 02:21:46.456 <DBG> Sent to SavAgent:{"msg_type":"bgp_update"
,"msg":{
      "neighbor_as":"65503"
    ,"interface_name":"b_e"
    ,"interface_index":"0"
    ,"protocol_name":"savnet_be"
    ,"as_path":"65503,65502,65504"
    ,"sav_origin":""
    ,"routes":""
    ,"sav_scope":""
    ,"sav_nlri":""    }}
2023-03-20 02:21:46.456 <TRACE> savnet_be: Got UPDATE
2023-03-20 02:21:46.456 <DBG> 
ip_unreach_len: 0
ip_reach_len: 8
2023-03-20 02:21:46.456 <DBG> 
mp_reach_len: 0
mp_unreach_len: 0
2023-03-20 02:21:46.456 <DBG> BGP UPDATE PROCESSING FINISHED
2023-03-20 02:21:46.456 <DBG> Sent to SavAgent:{"msg_type":"bgp_update"
,"msg":{
      "neighbor_as":"65503"
    ,"interface_name":"b_e"
    ,"interface_index":"0"
    ,"protocol_name":"savnet_be"
    ,"as_path":"65503,65502,65504,65505"
    ,"sav_origin":""
    ,"routes":""
    ,"sav_scope":""
    ,"sav_nlri":""    }}
2023-03-20 02:21:46.456 <TRACE> ...
2023-03-20 02:21:46.456 <DBG> 
ip_unreach_len: 0
ip_reach_len: 12
2023-03-20 02:21:46.456 <DBG> 
mp_reach_len: 0
mp_unreach_len: 0
2023-03-20 02:21:46.456 <TRACE> savnet_be.ipv4 > added 10.0.4.0/24 0L 12G unicast
2023-03-20 02:21:46.456 <TRACE> savnet_be.ipv4 > added 192.168.2.0/24 0L 12G unicast
2023-03-20 02:21:46.456 <TRACE> savnet_be.ipv4 > added 192.168.3.0/24 0L 12G unicast
2023-03-20 02:21:46.456 <DBG> BGP UPDATE PROCESSING FINISHED
2023-03-20 02:21:46.456 <DBG> Sent to SavAgent:{"msg_type":"bgp_update"
,"msg":{
      "neighbor_as":"65503"
    ,"interface_name":"b_e"
    ,"interface_index":"0"
    ,"protocol_name":"savnet_be"
    ,"as_path":"65503,65502"
    ,"sav_origin":""
    ,"routes":""
    ,"sav_scope":""
    ,"sav_nlri":""    }}
2023-03-20 02:21:46.462 <TRACE> savnet_ba: Sending UPDATE
2023-03-20 02:21:46.462 <TRACE> ...
2023-03-20 02:21:46.462 <DBG> 
ip_unreach_len: 0
ip_reach_len: 8
2023-03-20 02:21:46.462 <DBG> 
mp_reach_len: 0
mp_unreach_len: 0
2023-03-20 02:21:46.462 <DBG> BGP UPDATE PROCESSING FINISHED
2023-03-20 02:21:46.462 <DBG> Sent to SavAgent:{"msg_type":"bgp_update"
,"msg":{
      "neighbor_as":"65503"
    ,"interface_name":"b_e"
    ,"interface_index":"0"
    ,"protocol_name":"savnet_be"
    ,"as_path":"65503,65502,65504,65501"
    ,"sav_origin":""
    ,"routes":""
    ,"sav_scope":""
    ,"sav_nlri":""    }}
2023-03-20 02:21:46.462 <DBG> 
ip_unreach_len: 0
ip_reach_len: 0
2023-03-20 02:21:46.462 <DBG> 
mp_reach_len: 0
mp_unreach_len: 0
2023-03-20 02:21:46.462 <TRACE> savnet_be: Got END-OF-RIB
2023-03-20 02:21:46.462 <DBG> BGP UPDATE PROCESSING FINISHED
2023-03-20 02:21:46.462 <DBG> 
ip_unreach_len: 32
ip_reach_len: 0
2023-03-20 02:21:46.462 <DBG> 
mp_reach_len: 0
mp_unreach_len: 0
2023-03-20 02:21:46.462 <TRACE> savnet_be.ipv4 > removed 10.0.4.0/24 0L 12G unicast
2023-03-20 02:21:46.462 <DBG> BGP UPDATE PROCESSING FINISHED
2023-03-20 02:21:46.466 <DBG> call_agent
2023-03-20 02:21:46.466 <DBG> SavAgent reply {
  "code": "2000",
  "data": {
    "as_path": "2,1,0,0,255,224",
    "as_path_len": 6,
    "is_interior": 1,
    "next_hop": "4,10,0,5,1",
    "nlri_len": 4,
    "protocol_name": "savnet_be",
    "sav_nlri": "24,192,168,5",
    "sav_origin": "0,0,255,224",
    "sav_scope": "1,2,0,0,255,223,0,0,255,222",
    "withdraws": "0,0"
  },
  "message": "success"
}

2023-03-20 02:21:46.466 <DBG> inserting 0,0
2023-03-20 02:21:46.466 <DBG> inserting 4,10,0,5,1
2023-03-20 02:21:46.466 <DBG> inserting 0,0,255,224
2023-03-20 02:21:46.466 <DBG> inserting 1,2,0,0,255,223,0,0,255,222
2023-03-20 02:21:46.466 <DBG> inserting 24,192,168,5
2023-03-20 02:21:46.466 <DBG> inserting 2,1,0,0,255,224
2023-03-20 02:21:46.466 <DBG> savnet update packet assembled
2023-03-20 02:21:46.466 <DBG> packet len 67
2023-03-20 02:21:46.466 <DBG> call agent send result, 1
2023-03-20 02:21:46.469 <DBG> 
ip_unreach_len: 0
ip_reach_len: 0
2023-03-20 02:21:46.469 <DBG> 
mp_reach_len: 22
mp_unreach_len: 0
2023-03-20 02:21:46.469 <DBG> bgp_decode_nlri_savnet4 len: 22
2023-03-20 02:21:46.469 <DBG> s->sav_origin: [65505]
2023-03-20 02:21:46.469 <DBG> s->sav_scope: [1,2,65504,65503]
2023-03-20 02:21:46.469 <DBG> s->sav_nlri: [24,192,168,6,24,192,168,7]
2023-03-20 02:21:46.469 <DBG> BGP UPDATE PROCESSING FINISHED
2023-03-20 02:21:46.469 <DBG> Sent to SavAgent:{"msg_type":"bgp_update"
,"msg":{
      "neighbor_as":"65505"
    ,"interface_name":"b_f"
    ,"interface_index":"0"
    ,"protocol_name":"savnet_bf"
    ,"as_path":"65505"
    ,"sav_origin":"65505"
    ,"routes":""
    ,"sav_scope":"1,2,65504,65503"
    ,"sav_nlri":"24,192,168,6,24,192,168,7"    }}
2023-03-20 02:21:46.478 <DBG> 
ip_unreach_len: 0
ip_reach_len: 0
2023-03-20 02:21:46.478 <DBG> 
mp_reach_len: 18
mp_unreach_len: 0
2023-03-20 02:21:46.478 <DBG> bgp_decode_nlri_savnet4 len: 18
2023-03-20 02:21:46.478 <DBG> s->sav_origin: [65501]
2023-03-20 02:21:46.478 <DBG> s->sav_scope: [1,2,65504,65503]
2023-03-20 02:21:46.478 <DBG> s->sav_nlri: [24,192,168,1]
2023-03-20 02:21:46.478 <DBG> BGP UPDATE PROCESSING FINISHED
2023-03-20 02:21:46.478 <DBG> Sent to SavAgent:{"msg_type":"bgp_update"
,"msg":{
      "neighbor_as":"65505"
    ,"interface_name":"b_f"
    ,"interface_index":"0"
    ,"protocol_name":"savnet_bf"
    ,"as_path":"65501,65505"
    ,"sav_origin":"65501"
    ,"routes":""
    ,"sav_scope":"1,2,65504,65503"
    ,"sav_nlri":"24,192,168,1"    }}
2023-03-20 02:21:46.482 <DBG> call_agent
2023-03-20 02:21:46.482 <DBG> SavAgent reply {
  "code": "2000",
  "data": {
    "as_path": "2,2,0,0,255,225,0,0,255,224",
    "as_path_len": 10,
    "is_interior": 1,
    "next_hop": "4,10,0,5,1",
    "nlri_len": 8,
    "protocol_name": "savnet_be",
    "sav_nlri": "24,192,168,6,24,192,168,7",
    "sav_origin": "0,0,255,225",
    "sav_scope": "1,1,0,0,255,223",
    "withdraws": "0,0"
  },
  "message": "success"
}

2023-03-20 02:21:46.482 <DBG> inserting 0,0
2023-03-20 02:21:46.482 <DBG> inserting 4,10,0,5,1
2023-03-20 02:21:46.482 <DBG> inserting 0,0,255,225
2023-03-20 02:21:46.482 <DBG> inserting 1,1,0,0,255,223
2023-03-20 02:21:46.482 <DBG> inserting 24,192,168,6,24,192,168,7
2023-03-20 02:21:46.482 <DBG> inserting 2,2,0,0,255,225,0,0,255,224
2023-03-20 02:21:46.482 <DBG> savnet update packet assembled
2023-03-20 02:21:46.482 <DBG> packet len 71
2023-03-20 02:21:46.482 <DBG> call agent send result, 1
2023-03-20 02:21:46.487 <DBG> call_agent
2023-03-20 02:21:46.487 <DBG> SavAgent reply {
  "code": "2000",
  "data": {
    "as_path": "2,3,0,0,255,221,0,0,255,225,0,0,255,224",
    "as_path_len": 14,
    "is_interior": 1,
    "next_hop": "4,10,0,5,1",
    "nlri_len": 4,
    "protocol_name": "savnet_be",
    "sav_nlri": "24,192,168,1",
    "sav_origin": "0,0,255,221",
    "sav_scope": "1,1,0,0,255,223",
    "withdraws": "0,0"
  },
  "message": "success"
}

2023-03-20 02:21:46.487 <DBG> inserting 0,0
2023-03-20 02:21:46.487 <DBG> inserting 4,10,0,5,1
2023-03-20 02:21:46.487 <DBG> inserting 0,0,255,221
2023-03-20 02:21:46.487 <DBG> inserting 1,1,0,0,255,223
2023-03-20 02:21:46.487 <DBG> inserting 24,192,168,1
2023-03-20 02:21:46.487 <DBG> inserting 2,3,0,0,255,221,0,0,255,225,0,0,255,224
2023-03-20 02:21:46.487 <DBG> savnet update packet assembled
2023-03-20 02:21:46.487 <DBG> packet len 71
2023-03-20 02:21:46.487 <DBG> call agent send result, 1
2023-03-20 02:21:46.493 <DBG> 
ip_unreach_len: 0
ip_reach_len: 0
2023-03-20 02:21:46.493 <DBG> 
mp_reach_len: 31
mp_unreach_len: 0
2023-03-20 02:21:46.493 <DBG> bgp_decode_nlri_savnet4 len: 31
2023-03-20 02:21:46.493 <DBG> s->sav_origin: [65502]
2023-03-20 02:21:46.493 <DBG> s->sav_scope: [2,2,65504,65505,2,65504,65501]
2023-03-20 02:21:46.493 <DBG> s->sav_nlri: [24,192,168,2,24,192,168,3]
2023-03-20 02:21:46.493 <DBG> BGP UPDATE PROCESSING FINISHED
2023-03-20 02:21:46.493 <DBG> Sent to SavAgent:{"msg_type":"bgp_update"
,"msg":{
      "neighbor_as":"65503"
    ,"interface_name":"b_e"
    ,"interface_index":"0"
    ,"protocol_name":"savnet_be"
    ,"as_path":"65502,65503"
    ,"sav_origin":"65502"
    ,"routes":""
    ,"sav_scope":"2,2,65504,65505,2,65504,65501"
    ,"sav_nlri":"24,192,168,2,24,192,168,3"    }}
2023-03-20 02:21:46.514 <DBG> call_agent
2023-03-20 02:21:46.514 <DBG> SavAgent reply {
  "code": "2000",
  "data": {
    "as_path": "2,3,0,0,255,222,0,0,255,223,0,0,255,224",
    "as_path_len": 14,
    "is_interior": 1,
    "next_hop": "4,10,0,6,1",
    "nlri_len": 8,
    "protocol_name": "savnet_bf",
    "sav_nlri": "24,192,168,2,24,192,168,3",
    "sav_origin": "0,0,255,222",
    "sav_scope": "1,1,0,0,255,225",
    "withdraws": "0,0"
  },
  "message": "success"
}

2023-03-20 02:21:46.514 <DBG> inserting 0,0
2023-03-20 02:21:46.514 <DBG> inserting 4,10,0,6,1
2023-03-20 02:21:46.514 <DBG> inserting 0,0,255,222
2023-03-20 02:21:46.514 <DBG> inserting 1,1,0,0,255,225
2023-03-20 02:21:46.514 <DBG> inserting 24,192,168,2,24,192,168,3
2023-03-20 02:21:46.514 <DBG> inserting 2,3,0,0,255,222,0,0,255,223,0,0,255,224
2023-03-20 02:21:46.514 <DBG> savnet update packet assembled
2023-03-20 02:21:46.514 <DBG> packet len 75
2023-03-20 02:21:46.514 <DBG> call agent send result, 1
2023-03-20 02:21:46.517 <DBG> call_agent
2023-03-20 02:21:46.517 <DBG> SavAgent reply {
  "code": "2000",
  "data": {
    "as_path": "2,4,0,0,255,222,0,0,255,223,0,0,255,224,0,0,255,224",
    "as_path_len": 18,
    "is_interior": 1,
    "next_hop": "4,10,0,1,2",
    "nlri_len": 8,
    "protocol_name": "savnet_ba",
    "sav_nlri": "24,192,168,2,24,192,168,3",
    "sav_origin": "0,0,255,222",
    "sav_scope": "1,1,0,0,255,221",
    "withdraws": "0,0"
  },
  "message": "success"
}

2023-03-20 02:21:46.517 <DBG> inserting 0,0
2023-03-20 02:21:46.517 <DBG> inserting 4,10,0,1,2
2023-03-20 02:21:46.517 <DBG> inserting 0,0,255,222
2023-03-20 02:21:46.517 <DBG> inserting 1,1,0,0,255,221
2023-03-20 02:21:46.517 <DBG> inserting 24,192,168,2,24,192,168,3
2023-03-20 02:21:46.517 <DBG> inserting 2,4,0,0,255,222,0,0,255,223,0,0,255,224,0,0,255,224
2023-03-20 02:21:46.517 <DBG> savnet update packet assembled
2023-03-20 02:21:46.517 <DBG> packet len 79
2023-03-20 02:21:46.517 <DBG> call agent send result, 1
2023-03-20 02:21:55.650 <TRACE> savnet_bf: Connection closed
2023-03-20 02:21:55.650 <TRACE> savnet_bf: Neighbor graceful restart detected
2023-03-20 02:21:55.650 <TRACE> savnet_bf: Protocol state changed to start
BGP: Closing connection
2023-03-20 02:21:55.650 <TRACE> savnet_bf: BGP session closed
BGP: Decision start
2023-03-20 02:21:55.651 <TRACE> savnet_bf: Connect delayed by 5 seconds
2023-03-20 02:21:55.667 <TRACE> savnet_be: Connection closed
2023-03-20 02:21:55.667 <TRACE> savnet_be: Neighbor graceful restart detected
2023-03-20 02:21:55.667 <TRACE> savnet_be: Protocol state changed to start
BGP: Closing connection
2023-03-20 02:21:55.667 <TRACE> savnet_be: BGP session closed
BGP: Decision start
2023-03-20 02:21:55.667 <TRACE> savnet_be: Connect delayed by 5 seconds
2023-03-20 02:21:55.667 <TRACE> savnet_ba: Connection closed
2023-03-20 02:21:55.667 <TRACE> savnet_ba: Neighbor graceful restart detected
2023-03-20 02:21:55.667 <TRACE> savnet_ba: Protocol state changed to start
BGP: Closing connection
2023-03-20 02:21:55.667 <TRACE> savnet_ba: BGP session closed
BGP: Decision start
2023-03-20 02:21:55.667 <TRACE> savnet_ba: Connect delayed by 5 seconds
